This is pdfTeX, Version 3.1415926-1.40.11 (MiKTeX 2.9) (preloaded format=pdflatex 2011.9.13)  14 SEP 2011 15:13
entering extended mode
**Chap01.tex
("C:\Documents and Settings\Administrator\桌面\sift_gl\AR_PPT_TEX\Chap01.tex"
LaTeX2e <2009/09/24>
Babel <v3.8l> and hyphenation patterns for loaded.

("C:\Documents and Settings\Administrator\桌面\sift_gl\AR_PPT_TEX\Section/Setup
.tex" ("F:\Program Files\CTEX\MiKTeX\tex\latex\float\float.sty"
Package: float 2001/11/08 v1.3d Float enhancements (AL)
\c@float@type=\count79
\float@exts=\toks14
\float@box=\box26
\@float@everytoks=\toks15
\@floatcapt=\box27
)
("F:\Program Files\CTEX\UserData\tex\latex\beamer\base\beamer.cls"
("F:\Program Files\CTEX\UserData\tex\latex\beamer\base\beamerbasercs.sty"
Package: beamerbasercs 2010/06/12 (rcs-revision c3821710bb40)
)
Document Class: beamer 2010/06/21 development version 3.10 A class for typesett
ing presentations (rcs-revision a6b1a8434d30)
("F:\Program Files\CTEX\UserData\tex\latex\beamer\base\beamerbasemodes.sty"
Package: beamerbasemodes 2010/05/01 (rcs-revision efa082c6111d)
\beamer@tempbox=\box28
\beamer@tempcount=\count80
\c@beamerpauses=\count81

("F:\Program Files\CTEX\UserData\tex\latex\beamer\base\beamerbasedecode.sty"
Package: beamerbasedecode 2010/05/01 (rcs-revision efa082c6111d)
\beamer@slideinframe=\count82
\beamer@minimum=\count83
)
\beamer@commentbox=\box29
\beamer@modecount=\count84
)
\headheight=\dimen102
\headdp=\dimen103
\footheight=\dimen104
\sidebarheight=\dimen105
\beamer@tempdim=\dimen106
\beamer@finalheight=\dimen107
\beamer@animht=\dimen108
\beamer@animdp=\dimen109
\beamer@animwd=\dimen110
\beamer@leftmargin=\dimen111
\beamer@rightmargin=\dimen112
\beamer@leftsidebar=\dimen113
\beamer@rightsidebar=\dimen114
\beamer@boxsize=\dimen115
\beamer@vboxoffset=\dimen116
\beamer@descdefault=\dimen117
\beamer@descriptionwidth=\dimen118
\beamer@lastskip=\skip41
\beamer@areabox=\box30
\beamer@animcurrent=\box31
\beamer@animshowbox=\box32
\beamer@sectionbox=\box33
\beamer@logobox=\box34
\beamer@linebox=\box35
\beamer@sectioncount=\count85
\beamer@subsubsectionmax=\count86
\beamer@subsectionmax=\count87
\beamer@sectionmax=\count88
\beamer@totalheads=\count89
\beamer@headcounter=\count90
\beamer@partstartpage=\count91
\beamer@sectionstartpage=\count92
\beamer@subsectionstartpage=\count93
\beamer@animationtempa=\count94
\beamer@animationtempb=\count95
\beamer@xpos=\count96
\beamer@ypos=\count97
\beamer@showpartnumber=\count98
\beamer@currentsubsection=\count99
\beamer@coveringdepth=\count100
\beamer@sectionadjust=\count101
\beamer@tocsectionnumber=\count102

("F:\Program Files\CTEX\UserData\tex\latex\beamer\base\beamerbaseoptions.sty"
Package: beamerbaseoptions 2010/04/27 (rcs-revision 982469101dd6)

("F:\Program Files\CTEX\MiKTeX\tex\latex\graphics\keyval.sty"
Package: keyval 1999/03/16 v1.13 key=value parser (DPC)
\KV@toks@=\toks16
))
\beamer@paperwidth=\skip42
\beamer@paperheight=\skip43

("F:\Program Files\CTEX\MiKTeX\tex\latex\geometry\geometry.sty"
Package: geometry 2010/09/12 v5.6 Page Geometry

("F:\Program Files\CTEX\MiKTeX\tex\generic\oberdiek\ifpdf.sty"
Package: ifpdf 2010/01/28 v2.1 Provides the ifpdf switch (HO)
Package ifpdf Info: pdfTeX in pdf mode detected.
)
("F:\Program Files\CTEX\MiKTeX\tex\generic\oberdiek\ifvtex.sty"
Package: ifvtex 2010/03/01 v1.5 Switches for detecting VTeX and its modes (HO)
Package ifvtex Info: VTeX not detected.
)
("F:\Program Files\CTEX\MiKTeX\tex\generic\ifxetex\ifxetex.sty"
Package: ifxetex 2010/09/12 v0.6 Provides ifxetex conditional
)
\Gm@cnth=\count103
\Gm@cntv=\count104
\c@Gm@tempcnt=\count105
\Gm@bindingoffset=\dimen119
\Gm@wd@mp=\dimen120
\Gm@odd@mp=\dimen121
\Gm@even@mp=\dimen122
\Gm@layoutwidth=\dimen123
\Gm@layoutheight=\dimen124
\Gm@layouthoffset=\dimen125
\Gm@layoutvoffset=\dimen126
\Gm@dimlist=\toks17

("F:\Program Files\CTEX\MiKTeX\tex\latex\geometry\geometry.cfg"))
("F:\Program Files\CTEX\MiKTeX\tex\latex\base\size11.clo"
File: size11.clo 2007/10/19 v1.4h Standard LaTeX file (size option)
)
("F:\Program Files\CTEX\UserData\tex\latex\pgf\basiclayer\pgfcore.sty"
("F:\Program Files\CTEX\MiKTeX\tex\latex\graphics\graphicx.sty"
Package: graphicx 1999/02/16 v1.0f Enhanced LaTeX Graphics (DPC,SPQR)

("F:\Program Files\CTEX\MiKTeX\tex\latex\graphics\graphics.sty"
Package: graphics 2009/02/05 v1.0o Standard LaTeX Graphics (DPC,SPQR)

("F:\Program Files\CTEX\MiKTeX\tex\latex\graphics\trig.sty"
Package: trig 1999/03/16 v1.09 sin cos tan (DPC)
)
("F:\Program Files\CTEX\MiKTeX\tex\latex\00miktex\graphics.cfg"
File: graphics.cfg 2007/01/18 v1.5 graphics configuration of teTeX/TeXLive
)
Package graphics Info: Driver file: pdftex.def on input line 91.

("F:\Program Files\CTEX\MiKTeX\tex\latex\pdftex-def\pdftex.def"
File: pdftex.def 2010/11/26 v0.05c Graphics/color for pdfTeX
\Gread@gobject=\count106
))
\Gin@req@height=\dimen127
\Gin@req@width=\dimen128
)
("F:\Program Files\CTEX\UserData\tex\latex\pgf\systemlayer\pgfsys.sty"
("F:\Program Files\CTEX\UserData\tex\latex\pgf\utilities\pgfrcs.sty"
("F:\Program Files\CTEX\UserData\tex\generic\pgf\utilities\pgfutil-common.tex"
\pgfutil@everybye=\toks18
) ("F:\Program Files\CTEX\UserData\tex\generic\pgf\utilities\pgfutil-latex.def"
\pgfutil@abb=\box36

("F:\Program Files\CTEX\UserData\tex\latex\ms\everyshi.sty"
Package: everyshi 2001/05/15 v3.00 EveryShipout Package (MS)
))
("F:\Program Files\CTEX\UserData\tex\generic\pgf\utilities\pgfrcs.code.tex"
Package: pgfrcs 2010/10/25 v2.10 (rcs-revision 1.24)
))
("F:\Program Files\CTEX\UserData\tex\generic\pgf\systemlayer\pgfsys.code.tex"
Package: pgfsys 2010/06/30 v2.10 (rcs-revision 1.37)

("F:\Program Files\CTEX\UserData\tex\generic\pgf\utilities\pgfkeys.code.tex"
\pgfkeys@pathtoks=\toks19
\pgfkeys@temptoks=\toks20

("F:\Program Files\CTEX\UserData\tex\generic\pgf\utilities\pgfkeysfiltered.code
.tex"
\pgfkeys@tmptoks=\toks21
))
\pgf@x=\dimen129
\pgf@y=\dimen130
\pgf@xa=\dimen131
\pgf@ya=\dimen132
\pgf@xb=\dimen133
\pgf@yb=\dimen134
\pgf@xc=\dimen135
\pgf@yc=\dimen136
\w@pgf@writea=\write3
\r@pgf@reada=\read1
\c@pgf@counta=\count107
\c@pgf@countb=\count108
\c@pgf@countc=\count109
\c@pgf@countd=\count110
 ("F:\Program Files\CTEX\UserData\tex\generic\pgf\systemlayer\pgf.cfg"
File: pgf.cfg 2008/05/14  (rcs-revision 1.7)
)
Package pgfsys Info: Driver file for pgf: pgfsys-pdftex.def on input line 900.

("F:\Program Files\CTEX\UserData\tex\generic\pgf\systemlayer\pgfsys-pdftex.def"
File: pgfsys-pdftex.def 2009/05/22  (rcs-revision 1.26)

("F:\Program Files\CTEX\UserData\tex\generic\pgf\systemlayer\pgfsys-common-pdf.
def"
File: pgfsys-common-pdf.def 2008/05/19  (rcs-revision 1.10)
)))
("F:\Program Files\CTEX\UserData\tex\generic\pgf\systemlayer\pgfsyssoftpath.cod
e.tex"
File: pgfsyssoftpath.code.tex 2008/07/18  (rcs-revision 1.7)
\pgfsyssoftpath@smallbuffer@items=\count111
\pgfsyssoftpath@bigbuffer@items=\count112
)
("F:\Program Files\CTEX\UserData\tex\generic\pgf\systemlayer\pgfsysprotocol.cod
e.tex"
File: pgfsysprotocol.code.tex 2006/10/16  (rcs-revision 1.4)
)) ("F:\Program Files\CTEX\UserData\tex\latex\xcolor\xcolor.sty"
Package: xcolor 2007/01/21 v2.11 LaTeX color extensions (UK)

("F:\Program Files\CTEX\MiKTeX\tex\latex\00miktex\color.cfg"
File: color.cfg 2007/01/18 v1.5 color configuration of teTeX/TeXLive
)
Package xcolor Info: Driver file: pdftex.def on input line 225.
Package xcolor Info: Model `cmy' substituted by `cmy0' on input line 1337.
Package xcolor Info: Model `hsb' substituted by `rgb' on input line 1341.
Package xcolor Info: Model `RGB' extended on input line 1353.
Package xcolor Info: Model `HTML' substituted by `rgb' on input line 1355.
Package xcolor Info: Model `Hsb' substituted by `hsb' on input line 1356.
Package xcolor Info: Model `tHsb' substituted by `hsb' on input line 1357.
Package xcolor Info: Model `HSB' substituted by `hsb' on input line 1358.
Package xcolor Info: Model `Gray' substituted by `gray' on input line 1359.
Package xcolor Info: Model `wave' substituted by `hsb' on input line 1360.
)
("F:\Program Files\CTEX\UserData\tex\generic\pgf\basiclayer\pgfcore.code.tex"
Package: pgfcore 2010/04/11 v2.10 (rcs-revision 1.7)

("F:\Program Files\CTEX\UserData\tex\generic\pgf\math\pgfmath.code.tex"
("F:\Program Files\CTEX\UserData\tex\generic\pgf\math\pgfmathcalc.code.tex"
("F:\Program Files\CTEX\UserData\tex\generic\pgf\math\pgfmathutil.code.tex")
("F:\Program Files\CTEX\UserData\tex\generic\pgf\math\pgfmathparser.code.tex"
\pgfmath@dimen=\dimen137
\pgfmath@count=\count113
\pgfmath@box=\box37
\pgfmath@toks=\toks22
\pgfmath@stack@operand=\toks23
\pgfmath@stack@operation=\toks24
)
("F:\Program Files\CTEX\UserData\tex\generic\pgf\math\pgfmathfunctions.code.tex
"
("F:\Program Files\CTEX\UserData\tex\generic\pgf\math\pgfmathfunctions.basic.co
de.tex")
("F:\Program Files\CTEX\UserData\tex\generic\pgf\math\pgfmathfunctions.trigonom
etric.code.tex")
("F:\Program Files\CTEX\UserData\tex\generic\pgf\math\pgfmathfunctions.random.c
ode.tex")
("F:\Program Files\CTEX\UserData\tex\generic\pgf\math\pgfmathfunctions.comparis
on.code.tex")
("F:\Program Files\CTEX\UserData\tex\generic\pgf\math\pgfmathfunctions.base.cod
e.tex")
("F:\Program Files\CTEX\UserData\tex\generic\pgf\math\pgfmathfunctions.round.co
de.tex")
("F:\Program Files\CTEX\UserData\tex\generic\pgf\math\pgfmathfunctions.misc.cod
e.tex")))
("F:\Program Files\CTEX\UserData\tex\generic\pgf\math\pgfmathfloat.code.tex"
\c@pgfmathroundto@lastzeros=\count114
))
("F:\Program Files\CTEX\UserData\tex\generic\pgf\basiclayer\pgfcorepoints.code.
tex"
File: pgfcorepoints.code.tex 2010/04/09  (rcs-revision 1.20)
\pgf@picminx=\dimen138
\pgf@picmaxx=\dimen139
\pgf@picminy=\dimen140
\pgf@picmaxy=\dimen141
\pgf@pathminx=\dimen142
\pgf@pathmaxx=\dimen143
\pgf@pathminy=\dimen144
\pgf@pathmaxy=\dimen145
\pgf@xx=\dimen146
\pgf@xy=\dimen147
\pgf@yx=\dimen148
\pgf@yy=\dimen149
\pgf@zx=\dimen150
\pgf@zy=\dimen151
)
("F:\Program Files\CTEX\UserData\tex\generic\pgf\basiclayer\pgfcorepathconstruc
t.code.tex"
File: pgfcorepathconstruct.code.tex 2010/08/03  (rcs-revision 1.24)
\pgf@path@lastx=\dimen152
\pgf@path@lasty=\dimen153
)
("F:\Program Files\CTEX\UserData\tex\generic\pgf\basiclayer\pgfcorepathusage.co
de.tex"
File: pgfcorepathusage.code.tex 2008/04/22  (rcs-revision 1.12)
\pgf@shorten@end@additional=\dimen154
\pgf@shorten@start@additional=\dimen155
)
("F:\Program Files\CTEX\UserData\tex\generic\pgf\basiclayer\pgfcorescopes.code.
tex"
File: pgfcorescopes.code.tex 2010/09/08  (rcs-revision 1.34)
\pgfpic=\box38
\pgf@hbox=\box39
\pgf@layerbox@main=\box40
\pgf@picture@serial@count=\count115
)
("F:\Program Files\CTEX\UserData\tex\generic\pgf\basiclayer\pgfcoregraphicstate
.code.tex"
File: pgfcoregraphicstate.code.tex 2008/04/22  (rcs-revision 1.9)
\pgflinewidth=\dimen156
)
("F:\Program Files\CTEX\UserData\tex\generic\pgf\basiclayer\pgfcoretransformati
ons.code.tex"
File: pgfcoretransformations.code.tex 2009/06/10  (rcs-revision 1.11)
\pgf@pt@x=\dimen157
\pgf@pt@y=\dimen158
\pgf@pt@temp=\dimen159
)
("F:\Program Files\CTEX\UserData\tex\generic\pgf\basiclayer\pgfcorequick.code.t
ex"
File: pgfcorequick.code.tex 2008/10/09  (rcs-revision 1.3)
)
("F:\Program Files\CTEX\UserData\tex\generic\pgf\basiclayer\pgfcoreobjects.code
.tex"
File: pgfcoreobjects.code.tex 2006/10/11  (rcs-revision 1.2)
)
("F:\Program Files\CTEX\UserData\tex\generic\pgf\basiclayer\pgfcorepathprocessi
ng.code.tex"
File: pgfcorepathprocessing.code.tex 2008/10/09  (rcs-revision 1.8)
)
("F:\Program Files\CTEX\UserData\tex\generic\pgf\basiclayer\pgfcorearrows.code.
tex"
File: pgfcorearrows.code.tex 2008/04/23  (rcs-revision 1.11)
)
("F:\Program Files\CTEX\UserData\tex\generic\pgf\basiclayer\pgfcoreshade.code.t
ex"
File: pgfcoreshade.code.tex 2008/11/23  (rcs-revision 1.13)
\pgf@max=\dimen160
\pgf@sys@shading@range@num=\count116
)
("F:\Program Files\CTEX\UserData\tex\generic\pgf\basiclayer\pgfcoreimage.code.t
ex"
File: pgfcoreimage.code.tex 2010/03/25  (rcs-revision 1.16)

("F:\Program Files\CTEX\UserData\tex\generic\pgf\basiclayer\pgfcoreexternal.cod
e.tex"
File: pgfcoreexternal.code.tex 2010/09/01  (rcs-revision 1.17)
\pgfexternal@startupbox=\box41
))
("F:\Program Files\CTEX\UserData\tex\generic\pgf\basiclayer\pgfcorelayers.code.
tex"
File: pgfcorelayers.code.tex 2010/08/27  (rcs-revision 1.2)
)
("F:\Program Files\CTEX\UserData\tex\generic\pgf\basiclayer\pgfcoretransparency
.code.tex"
File: pgfcoretransparency.code.tex 2008/01/17  (rcs-revision 1.2)
)
("F:\Program Files\CTEX\UserData\tex\generic\pgf\basiclayer\pgfcorepatterns.cod
e.tex"
File: pgfcorepatterns.code.tex 2009/07/02  (rcs-revision 1.3)
))) ("F:\Program Files\CTEX\UserData\tex\latex\pgf\utilities\xxcolor.sty"
Package: xxcolor 2003/10/24 ver 0.1
\XC@nummixins=\count117
\XC@countmixins=\count118
) ("F:\Program Files\CTEX\MiKTeX\tex\latex\hyperref\hyperref.sty"
Package: hyperref 2010/11/26 v6.81v Hypertext links for LaTeX

("F:\Program Files\CTEX\MiKTeX\tex\generic\oberdiek\ltxcmds.sty"
Package: ltxcmds 2010/04/26 v1.7 LaTeX kernel commands for general use (HO)
)
("F:\Program Files\CTEX\MiKTeX\tex\generic\oberdiek\pdftexcmds.sty"
Package: pdftexcmds 2010/04/01 v0.9 Utility functions of pdfTeX for LuaTeX (HO)


("F:\Program Files\CTEX\MiKTeX\tex\generic\oberdiek\infwarerr.sty"
Package: infwarerr 2010/04/08 v1.3 Providing info/warning/message (HO)
)
("F:\Program Files\CTEX\MiKTeX\tex\generic\oberdiek\ifluatex.sty"
Package: ifluatex 2010/03/01 v1.3 Provides the ifluatex switch (HO)
Package ifluatex Info: LuaTeX not detected.
)
Package pdftexcmds Info: LuaTeX not detected.
Package pdftexcmds Info: \pdf@primitive is available.
Package pdftexcmds Info: \pdf@ifprimitive is available.
)
("F:\Program Files\CTEX\MiKTeX\tex\generic\oberdiek\kvsetkeys.sty"
Package: kvsetkeys 2010/03/01 v1.9 Key value parser (HO)

("F:\Program Files\CTEX\MiKTeX\tex\generic\oberdiek\etexcmds.sty"
Package: etexcmds 2010/01/28 v1.3 Prefix for e-TeX command names (HO)
Package etexcmds Info: Could not find \expanded.
(etexcmds)             That can mean that you are not using pdfTeX 1.50 or
(etexcmds)             that some package has redefined \expanded.
(etexcmds)             In the latter case, load this package earlier.
))
("F:\Program Files\CTEX\MiKTeX\tex\generic\oberdiek\pdfescape.sty"
Package: pdfescape 2010/03/01 v1.9 Provides hex, PDF name and string conversion
s (HO)
)
("F:\Program Files\CTEX\MiKTeX\tex\latex\oberdiek\hycolor.sty"
Package: hycolor 2009/12/12 v1.6 Color options of hyperref/bookmark (HO)

("F:\Program Files\CTEX\MiKTeX\tex\latex\oberdiek\xcolor-patch.sty"
Package: xcolor-patch 2009/12/12 xcolor patch
))
("F:\Program Files\CTEX\MiKTeX\tex\latex\oberdiek\letltxmacro.sty"
Package: letltxmacro 2008/06/24 v1.3 Let assignment for LaTeX macros (HO)
)
("F:\Program Files\CTEX\MiKTeX\tex\latex\oberdiek\kvoptions.sty"
Package: kvoptions 2010/02/22 v3.7 Keyval support for LaTeX options (HO)
)
\@linkdim=\dimen161
\Hy@linkcounter=\count119
\Hy@pagecounter=\count120

("F:\Program Files\CTEX\MiKTeX\tex\latex\hyperref\pd1enc.def"
File: pd1enc.def 2010/11/26 v6.81v Hyperref: PDFDocEncoding definition (HO)
)
("F:\Program Files\CTEX\MiKTeX\tex\generic\oberdiek\intcalc.sty"
Package: intcalc 2007/09/27 v1.1 Expandable integer calculations (HO)
)
\Hy@SavedSpaceFactor=\count121

("F:\Program Files\CTEX\MiKTeX\tex\latex\00miktex\hyperref.cfg"
File: hyperref.cfg 2002/06/06 v1.2 hyperref configuration of TeXLive
)
Package hyperref Info: Option `bookmarks' set `true' on input line 3889.
Package hyperref Info: Option `bookmarksopen' set `true' on input line 3889.
Package hyperref Info: Option `implicit' set `false' on input line 3889.
Package hyperref Info: Hyper figures OFF on input line 3993.
Package hyperref Info: Link nesting OFF on input line 3998.
Package hyperref Info: Hyper index ON on input line 4001.
Package hyperref Info: Plain pages OFF on input line 4008.
Package hyperref Info: Backreferencing OFF on input line 4013.
Package hyperref Info: Implicit mode OFF; no redefinition of LaTeX internals.
Package hyperref Info: Bookmarks ON on input line 4228.
\c@Hy@tempcnt=\count122

("F:\Program Files\CTEX\MiKTeX\tex\latex\ltxmisc\url.sty"
\Urlmuskip=\muskip10
Package: url 2006/04/12  ver 3.3  Verb mode for urls, etc.
)
LaTeX Info: Redefining \url on input line 4583.

("F:\Program Files\CTEX\MiKTeX\tex\generic\oberdiek\bitset.sty"
Package: bitset 2007/09/28 v1.0 Data type bit set (HO)

("F:\Program Files\CTEX\MiKTeX\tex\generic\oberdiek\bigintcalc.sty"
Package: bigintcalc 2007/11/11 v1.1 Expandable big integer calculations (HO)
))
\Fld@menulength=\count123
\Field@Width=\dimen162
\Fld@charsize=\dimen163
Package hyperref Info: Hyper figures OFF on input line 5667.
Package hyperref Info: Link nesting OFF on input line 5672.
Package hyperref Info: Hyper index ON on input line 5675.
Package hyperref Info: backreferencing OFF on input line 5682.
Package hyperref Info: Link coloring OFF on input line 5687.
Package hyperref Info: Link coloring with OCG OFF on input line 5692.
Package hyperref Info: PDF/A mode OFF on input line 5697.
LaTeX Info: Redefining \ref on input line 5737.
LaTeX Info: Redefining \pageref on input line 5741.

("F:\Program Files\CTEX\MiKTeX\tex\generic\oberdiek\atbegshi.sty"
Package: atbegshi 2010/03/25 v1.12 At begin shipout hook (HO)
)
\Hy@abspage=\count124


Package hyperref Message: Stopped early.

)

Package hyperref Message: Driver (autodetected): hpdftex.

("F:\Program Files\CTEX\MiKTeX\tex\latex\hyperref\hpdftex.def"
File: hpdftex.def 2010/11/26 v6.81v Hyperref driver for pdfTeX

("F:\Program Files\CTEX\MiKTeX\tex\latex\oberdiek\atveryend.sty"
Package: atveryend 2010/03/24 v1.5 Hooks at very end of document (HO)
Package atveryend Info: \enddocument detected (standard).
)
\Fld@listcount=\count125
\c@bookmark@seq@number=\count126

("F:\Program Files\CTEX\MiKTeX\tex\latex\oberdiek\rerunfilecheck.sty"
Package: rerunfilecheck 2010/03/16 v1.6 Rerun checks for auxiliary files (HO)

("F:\Program Files\CTEX\MiKTeX\tex\generic\oberdiek\uniquecounter.sty"
Package: uniquecounter 2009/12/18 v1.1 Provides unlimited unique counter (HO)
)
Package uniquecounter Info: New unique counter `rerunfilecheck' on input line 2
71.
))
Package hyperref Info: Option `CJKbookmarks' set `true' on input line 368.

("F:\Program Files\CTEX\UserData\tex\latex\beamer\base\beamerbaserequires.sty"
Package: beamerbaserequires 2010/05/01  (rcs-revision efa082c6111d)

("F:\Program Files\CTEX\UserData\tex\latex\beamer\base\beamerbasecompatibility.
sty"
Package: beamerbasecompatibility 2010/07/12  (rcs-revision 6648c3177e4e)
) ("F:\Program Files\CTEX\UserData\tex\latex\beamer\base\beamerbasefont.sty"
Package: beamerbasefont 2010/05/10  (rcs-revision cd36e8a33c6b)
 ("F:\Program Files\CTEX\MiKTeX\tex\latex\amsfonts\amssymb.sty"
Package: amssymb 2009/06/22 v3.00

("F:\Program Files\CTEX\MiKTeX\tex\latex\amsfonts\amsfonts.sty"
Package: amsfonts 2009/06/22 v3.00 Basic AMSFonts support
\@emptytoks=\toks25
\symAMSa=\mathgroup4
\symAMSb=\mathgroup5
LaTeX Font Info:    Overwriting math alphabet `\mathfrak' in version `bold'
(Font)                  U/euf/m/n --> U/euf/b/n on input line 96.
)))
("F:\Program Files\CTEX\UserData\tex\latex\beamer\base\beamerbasetranslator.sty
"
Package: beamerbasetranslator 2010/06/11  (rcs-revision 85fd1cc7fc42)

("F:\Program Files\CTEX\UserData\tex\latex\beamer\base\translator\translator.st
y"
Package: translator 2010/06/12 ver 1.10

("F:\Program Files\CTEX\UserData\tex\latex\beamer\base\translator\translator-la
nguage-mappings.tex")))
("F:\Program Files\CTEX\UserData\tex\latex\beamer\base\beamerbasemisc.sty"
Package: beamerbasemisc 2010/06/06  (rcs-revision bff0a9294b45)
)
("F:\Program Files\CTEX\UserData\tex\latex\beamer\base\beamerbasetwoscreens.sty
"
Package: beamerbasetwoscreens 2010/05/01  (rcs-revision efa082c6111d)
) ("F:\Program Files\CTEX\UserData\tex\latex\beamer\base\beamerbaseoverlay.sty"
Package: beamerbaseoverlay 2010/05/07  (rcs-revision 5584dad462a9)
\beamer@argscount=\count127
\beamer@lastskipcover=\skip44
\beamer@trivlistdepth=\count128
) ("F:\Program Files\CTEX\UserData\tex\latex\beamer\base\beamerbasetitle.sty"
Package: beamerbasetitle 2010/06/12  (rcs-revision 717e481ca47a)
) ("F:\Program Files\CTEX\UserData\tex\latex\beamer\base\beamerbasesection.sty"
Package: beamerbasesection 2010/06/17  (rcs-revision e0d9401bb743)
\c@lecture=\count129
\c@part=\count130
\c@section=\count131
\c@subsection=\count132
\c@subsubsection=\count133
) ("F:\Program Files\CTEX\UserData\tex\latex\beamer\base\beamerbaseframe.sty"
Package: beamerbaseframe 2010/06/06  (rcs-revision bff0a9294b45)
\beamer@framebox=\box42
\beamer@frametitlebox=\box43
\beamer@zoombox=\box44
\beamer@zoomcount=\count134
\beamer@zoomframecount=\count135
\beamer@frametextheight=\dimen164
\c@subsectionslide=\count136
\beamer@frametopskip=\skip45
\beamer@framebottomskip=\skip46
\beamer@frametopskipautobreak=\skip47
\beamer@framebottomskipautobreak=\skip48
\beamer@envbody=\toks26
\c@framenumber=\count137
)
("F:\Program Files\CTEX\UserData\tex\latex\beamer\base\beamerbaseverbatim.sty"
Package: beamerbaseverbatim 2010/05/01  (rcs-revision efa082c6111d)
\beamer@verbatimfileout=\write4
) ("F:\Program Files\CTEX\UserData\tex\latex\beamer\base\beamerbaseframesize.st
y"
Package: beamerbaseframesize 2010/06/27  (rcs-revision 6baa2d92e6f1)
\beamer@splitbox=\box45
\beamer@autobreakcount=\count138
\beamer@autobreaklastheight=\dimen165
\beamer@frametitletoks=\toks27
\beamer@framesubtitletoks=\toks28
)
("F:\Program Files\CTEX\UserData\tex\latex\beamer\base\beamerbaseframecomponent
s.sty"
Package: beamerbaseframecomponents 2010/07/12  (rcs-revision 09e82992d9b1)
\beamer@footins=\box46
)
("F:\Program Files\CTEX\UserData\tex\latex\beamer\base\beamerbasecolor.sty"
Package: beamerbasecolor 2010/06/06  (rcs-revision d1a9b48be06d)
)
("F:\Program Files\CTEX\UserData\tex\latex\beamer\base\beamerbasenotes.sty"
Package: beamerbasenotes 2010/05/01  (rcs-revision efa082c6111d)
\beamer@frameboxcopy=\box47
)
("F:\Program Files\CTEX\UserData\tex\latex\beamer\base\beamerbasetoc.sty"
Package: beamerbasetoc 2010/06/11  (rcs-revision 242ecaa6783b)
)
("F:\Program Files\CTEX\UserData\tex\latex\beamer\base\beamerbasetemplates.sty"
Package: beamerbasetemplates 2010/05/01  (rcs-revision efa082c6111d)
\beamer@sbttoks=\toks29

("F:\Program Files\CTEX\UserData\tex\latex\beamer\base\beamerbaseauxtemplates.s
ty"
Package: beamerbaseauxtemplates 2010/05/01  (rcs-revision efa082c6111d)
 ("F:\Program Files\CTEX\UserData\tex\latex\beamer\base\beamerbaseboxes.sty"
Package: beamerbaseboxes 2010/05/01  (rcs-revision efa082c6111d)
\bmb@box=\box48
\bmb@colorbox=\box49
\bmb@boxshadow=\box50
\bmb@boxshadowball=\box51
\bmb@boxshadowballlarge=\box52
\bmb@temp=\dimen166
\bmb@dima=\dimen167
\bmb@dimb=\dimen168
\bmb@prevheight=\dimen169
)
\beamer@blockheadheight=\dimen170
))
("F:\Program Files\CTEX\UserData\tex\latex\beamer\base\beamerbaselocalstructure
.sty"
Package: beamerbaselocalstructure 2010/06/01  (rcs-revision 81f9e33f7cc2)
 ("F:\Program Files\CTEX\MiKTeX\tex\latex\tools\enumerate.sty"
Package: enumerate 1999/03/05 v3.00 enumerate extensions (DPC)
\@enLab=\toks30
)
\c@figure=\count139
\c@table=\count140
\abovecaptionskip=\skip49
\belowcaptionskip=\skip50
)
("F:\Program Files\CTEX\UserData\tex\latex\beamer\base\beamerbasenavigation.sty
"
Package: beamerbasenavigation 2010/05/01  (rcs-revision efa082c6111d)
) ("F:\Program Files\CTEX\UserData\tex\latex\beamer\base\beamerbasetheorems.sty
"
Package: beamerbasetheorems 2010/06/06  (rcs-revision 7e7cc5e53e9d)
 ("F:\Program Files\CTEX\MiKTeX\tex\latex\ams\math\amsmath.sty"
Package: amsmath 2000/07/18 v2.13 AMS math features
\@mathmargin=\skip51

For additional information on amsmath, use the `?' option.
("F:\Program Files\CTEX\MiKTeX\tex\latex\ams\math\amstext.sty"
Package: amstext 2000/06/29 v2.01

("F:\Program Files\CTEX\MiKTeX\tex\latex\ams\math\amsgen.sty"
File: amsgen.sty 1999/11/30 v2.0
\@emptytoks=\toks31
\ex@=\dimen171
))
("F:\Program Files\CTEX\MiKTeX\tex\latex\ams\math\amsbsy.sty"
Package: amsbsy 1999/11/29 v1.2d
\pmbraise@=\dimen172
)
("F:\Program Files\CTEX\MiKTeX\tex\latex\ams\math\amsopn.sty"
Package: amsopn 1999/12/14 v2.01 operator names
)
\inf@bad=\count141
LaTeX Info: Redefining \frac on input line 211.
\uproot@=\count142
\leftroot@=\count143
LaTeX Info: Redefining \overline on input line 307.
\classnum@=\count144
\DOTSCASE@=\count145
LaTeX Info: Redefining \ldots on input line 379.
LaTeX Info: Redefining \dots on input line 382.
LaTeX Info: Redefining \cdots on input line 467.
\Mathstrutbox@=\box53
\strutbox@=\box54
\big@size=\dimen173
LaTeX Font Info:    Redeclaring font encoding OML on input line 567.
LaTeX Font Info:    Redeclaring font encoding OMS on input line 568.
\macc@depth=\count146
\c@MaxMatrixCols=\count147
\dotsspace@=\muskip11
\c@parentequation=\count148
\dspbrk@lvl=\count149
\tag@help=\toks32
\row@=\count150
\column@=\count151
\maxfields@=\count152
\andhelp@=\toks33
\eqnshift@=\dimen174
\alignsep@=\dimen175
\tagshift@=\dimen176
\tagwidth@=\dimen177
\totwidth@=\dimen178
\lineht@=\dimen179
\@envbody=\toks34
\multlinegap=\skip52
\multlinetaggap=\skip53
\mathdisplay@stack=\toks35
LaTeX Info: Redefining \[ on input line 2666.
LaTeX Info: Redefining \] on input line 2667.
)
("F:\Program Files\CTEX\MiKTeX\tex\latex\ams\classes\amsthm.sty"
Package: amsthm 2004/08/06 v2.20
\thm@style=\toks36
\thm@bodyfont=\toks37
\thm@headfont=\toks38
\thm@notefont=\toks39
\thm@headpunct=\toks40
\thm@preskip=\skip54
\thm@postskip=\skip55
\thm@headsep=\skip56
\dth@everypar=\toks41
)
\c@theorem=\count153
)
("F:\Program Files\CTEX\UserData\tex\latex\beamer\base\beamerbasethemes.sty"
Package: beamerbasethemes 2010/05/01  (rcs-revision efa082c6111d)
))
("F:\Program Files\CTEX\UserData\tex\latex\beamer\base\themes\theme\beamertheme
default.sty"
Package: beamerthemedefault 2010/06/17  (rcs-revision d02a7cf4d8ae)

("F:\Program Files\CTEX\UserData\tex\latex\beamer\base\themes\font\beamerfontth
emedefault.sty"
Package: beamerfontthemedefault 2010/06/17  (rcs-revision d02a7cf4d8ae)
)
("F:\Program Files\CTEX\UserData\tex\latex\beamer\base\themes\color\beamercolor
themedefault.sty"
Package: beamercolorthemedefault 2010/06/17  (rcs-revision d02a7cf4d8ae)
)
("F:\Program Files\CTEX\UserData\tex\latex\beamer\base\themes\inner\beamerinner
themedefault.sty"
Package: beamerinnerthemedefault 2010/06/17  (rcs-revision d02a7cf4d8ae)
\beamer@dima=\dimen180
\beamer@dimb=\dimen181
)
("F:\Program Files\CTEX\UserData\tex\latex\beamer\base\themes\outer\beamerouter
themedefault.sty"
Package: beamerouterthemedefault 2010/06/17  (rcs-revision d02a7cf4d8ae)
))) ("F:\Program Files\CTEX\MiKTeX\tex\latex\cjk\CJK.sty"
Package: CJK 2008/12/29 4.8.2

("F:\Program Files\CTEX\MiKTeX\tex\latex\cjk\mule\MULEenc.sty"
Package: MULEenc 2008/12/29 4.8.2
)
("F:\Program Files\CTEX\MiKTeX\tex\latex\cjk\CJK.enc"
File: CJK.enc 2008/12/29 4.8.2
)
LaTeX Info: Redefining \selectfont on input line 756.
\CJK@indent=\box55
)
("F:\Program Files\CTEX\MiKTeX\tex\latex\base\latexsym.sty"
Package: latexsym 1998/08/17 v2.2e Standard LaTeX package (lasy symbols)
\symlasy=\mathgroup6
LaTeX Font Info:    Overwriting symbol font `lasy' in version `bold'
(Font)                  U/lasy/m/n --> U/lasy/b/n on input line 47.
)
("F:\Program Files\CTEX\MiKTeX\tex\latex\psnfss\times.sty"
Package: times 2005/04/12 PSNFSS-v9.2a (SPQR) 
)
("F:\Program Files\CTEX\UserData\tex\latex\cite\cite.sty"
LaTeX Info: Redefining \cite on input line 302.
LaTeX Info: Redefining \nocite on input line 373.
Package: cite 2010/09/10  v 5.3
)
("F:\Program Files\CTEX\UserData\tex\latex\comment\comment.sty"
\CommentStream=\write5

Excluding comment 'comment')
("F:\Program Files\CTEX\UserData\tex\latex\subfigure\subfigure.sty"
Package: subfigure 2002/07/30 v2.1.4 subfigure package
\subfigtopskip=\skip57
\subfigcapskip=\skip58
\subfigcaptopadj=\dimen182
\subfigbottomskip=\skip59
\subfigcapmargin=\dimen183
\subfiglabelskip=\skip60
\c@subfigure=\count154
\c@lofdepth=\count155
\c@subtable=\count156
\c@lotdepth=\count157

****************************************
* Local config file subfigure.cfg used *
****************************************
("F:\Program Files\CTEX\UserData\tex\latex\subfigure\subfigure.cfg")
\subfig@top=\skip61
\subfig@bottom=\skip62
)
("F:\Program Files\CTEX\UserData\tex\latex\setspace\setspace.sty"
Package: setspace 2000/12/01 6.7 Contributed and Supported LaTeX2e package

Package: `setspace' 6.7 <2000/12/01>
) ("F:\Program Files\CTEX\MiKTeX\tex\latex\oberdiek\epstopdf.sty"
Package: epstopdf 2010/02/09 v2.5 Conversion with epstopdf on the fly (HO)

("F:\Program Files\CTEX\MiKTeX\tex\latex\oberdiek\epstopdf-base.sty"
Package: epstopdf-base 2010/02/09 v2.5 Base part for package epstopdf

("F:\Program Files\CTEX\MiKTeX\tex\latex\oberdiek\grfext.sty"
Package: grfext 2007/09/30 v1.0 Managing graphics extensions (HO)
)
Package grfext Info: Graphics extension search list:
(grfext)             [.png,.pdf,.jpg,.mps,.jpeg,.jbig2,.jb2,.PNG,.PDF,.JPG,.JPE
G,.JBIG2,.JB2,.eps]
(grfext)             \AppendGraphicsExtensions on input line 436.
))
("F:\Program Files\CTEX\UserData\tex\latex\algorithm2e\algorithm2e.sty"
Package: algorithm2e 2008/00/00 v3.10 algorithms environments
\c@AlgoLine=\count158

("F:\Program Files\CTEX\MiKTeX\tex\latex\base\ifthen.sty"
Package: ifthen 2001/05/26 v1.1c Standard LaTeX ifthen package (DPC)
)
("F:\Program Files\CTEX\MiKTeX\tex\latex\tools\xspace.sty"
Package: xspace 2006/05/08 v1.12 Space after command names (DPC,MH)
)
("F:\Program Files\CTEX\MiKTeX\tex\latex\ltxmisc\relsize.sty"
Package: relsize 2003/07/04 ver 3.1
)
********************************************************
Package `algorithm2e' Release 4.01 -- december 14 2009 --
- algorithm2e-announce@lirmm.fr mailing list for announcement about releases
- algorithm2e-discussion@lirmm.fr mailing list for discussion about package
subscribe by emailing sympa@lirmm.fr with 'subscribe <list> <firstname name>'
- Author: Christophe Fiorio (fiorio@lirmm.fr)
********************************************************
\skiptotal=\skip63
\skiplinenumber=\skip64
\skiprule=\skip65
\skiphlne=\skip66
\skiptext=\skip67
\skiplength=\skip68
\algomargin=\skip69
\skipalgocfslide=\skip70
\algowidth=\dimen184
\inoutsize=\dimen185
\inoutline=\dimen186
\interspacetitleruled=\dimen187
\interspacealgoruled=\dimen188
\interspacetitleboxruled=\dimen189
\algocf@inoutbox=\box56
\algocf@inputbox=\box57
\AlCapSkip=\skip71
\AlCapHSkip=\skip72
\algocf@nlbox=\box58
\algocf@hangingbox=\box59
\algocf@capbox=\box60
\algoheightruledefault=\skip73
\algoheightrule=\skip74
\algotitleheightruledefault=\skip75
\algotitleheightrule=\skip76
\c@algocfline=\count159
\c@algocfproc=\count160
\c@algocf=\count161
\algocf@algoframe=\box61
\algocf@algobox=\box62
) ("F:\Program Files\CTEX\UserData\tex\latex\pgf\frontendlayer\tikz.sty"
("F:\Program Files\CTEX\UserData\tex\latex\pgf\basiclayer\pgf.sty"
Package: pgf 2008/01/15 v2.10 (rcs-revision 1.12)

("F:\Program Files\CTEX\UserData\tex\generic\pgf\modules\pgfmoduleshapes.code.t
ex"
File: pgfmoduleshapes.code.tex 2010/09/09  (rcs-revision 1.13)
\pgfnodeparttextbox=\box63
)
("F:\Program Files\CTEX\UserData\tex\generic\pgf\modules\pgfmoduleplot.code.tex
"
File: pgfmoduleplot.code.tex 2010/10/22  (rcs-revision 1.8)
)
("F:\Program Files\CTEX\UserData\tex\latex\pgf\compatibility\pgfcomp-version-0-
65.sty"
Package: pgfcomp-version-0-65 2007/07/03 v2.10 (rcs-revision 1.7)
\pgf@nodesepstart=\dimen190
\pgf@nodesepend=\dimen191
)
("F:\Program Files\CTEX\UserData\tex\latex\pgf\compatibility\pgfcomp-version-1-
18.sty"
Package: pgfcomp-version-1-18 2007/07/23 v2.10 (rcs-revision 1.1)
)) ("F:\Program Files\CTEX\UserData\tex\latex\pgf\utilities\pgffor.sty"
("F:\Program Files\CTEX\UserData\tex\latex\pgf\utilities\pgfkeys.sty"
("F:\Program Files\CTEX\UserData\tex\generic\pgf\utilities\pgfkeys.code.tex"))
("F:\Program Files\CTEX\UserData\tex\generic\pgf\utilities\pgffor.code.tex"
Package: pgffor 2010/03/23 v2.10 (rcs-revision 1.18)
\pgffor@iter=\dimen192
\pgffor@skip=\dimen193
\pgffor@stack=\toks42
\pgffor@toks=\toks43
))
("F:\Program Files\CTEX\UserData\tex\generic\pgf\frontendlayer\tikz\tikz.code.t
ex"
Package: tikz 2010/10/13 v2.10 (rcs-revision 1.76)

("F:\Program Files\CTEX\UserData\tex\generic\pgf\libraries\pgflibraryplothandle
rs.code.tex"
File: pgflibraryplothandlers.code.tex 2010/05/31 v2.10 (rcs-revision 1.15)
\pgf@plot@mark@count=\count162
\pgfplotmarksize=\dimen194
)
\tikz@lastx=\dimen195
\tikz@lasty=\dimen196
\tikz@lastxsaved=\dimen197
\tikz@lastysaved=\dimen198
\tikzleveldistance=\dimen199
\tikzsiblingdistance=\dimen200
\tikz@figbox=\box64
\tikz@tempbox=\box65
\tikztreelevel=\count163
\tikznumberofchildren=\count164
\tikznumberofcurrentchild=\count165
\tikz@fig@count=\count166

("F:\Program Files\CTEX\UserData\tex\generic\pgf\modules\pgfmodulematrix.code.t
ex"
File: pgfmodulematrix.code.tex 2010/08/24  (rcs-revision 1.4)
\pgfmatrixcurrentrow=\count167
\pgfmatrixcurrentcolumn=\count168
\pgf@matrix@numberofcolumns=\count169
)
\tikz@expandcount=\count170

("F:\Program Files\CTEX\UserData\tex\generic\pgf\frontendlayer\tikz\libraries\t
ikzlibrarytopaths.code.tex"
File: tikzlibrarytopaths.code.tex 2008/06/17 v2.10 (rcs-revision 1.2)
)))
("F:\Program Files\CTEX\MiKTeX\tex\latex\tools\indentfirst.sty"
Package: indentfirst 1995/11/23 v1.03 Indent first paragraph (DPC)
)
("F:\Program Files\CTEX\UserData\tex\latex\beamer\base\themes\theme\beamertheme
Szeged.sty"
Package: beamerthemeSzeged 2010/06/17  (rcs-revision d02a7cf4d8ae)

("F:\Program Files\CTEX\UserData\tex\latex\beamer\base\themes\outer\beamerouter
thememiniframes.sty"
Package: beamerouterthememiniframes 2010/06/17  (rcs-revision d02a7cf4d8ae)
))
("F:\Program Files\CTEX\UserData\tex\latex\beamer\base\themes\outer\beamerouter
themetree.sty"
Package: beamerouterthemetree 2010/06/17  (rcs-revision d02a7cf4d8ae)
)
("F:\Program Files\CTEX\UserData\tex\latex\beamer\base\themes\inner\beamerinner
themecircles.sty"
Package: beamerinnerthemecircles 2010/06/17  (rcs-revision d02a7cf4d8ae)
)
("F:\Program Files\CTEX\UserData\tex\latex\beamer\base\themes\font\beamerfontth
emestructurebold.sty"
Package: beamerfontthemestructurebold 2010/06/17  (rcs-revision d02a7cf4d8ae)
)
("F:\Program Files\CTEX\UserData\tex\latex\beamer\base\themes\color\beamercolor
themewhale.sty"
Package: beamercolorthemewhale 2010/06/17  (rcs-revision d02a7cf4d8ae)
)
("F:\Program Files\CTEX\UserData\tex\latex\beamer\base\themes\font\beamerfontth
emeprofessionalfonts.sty"
Package: beamerfontthemeprofessionalfonts 2010/06/17  (rcs-revision d02a7cf4d8a
e)
)
("F:\Program Files\CTEX\UserData\tex\latex\beamer\base\themes\font\beamerfontth
emeserif.sty"
Package: beamerfontthemeserif 2010/06/17  (rcs-revision d02a7cf4d8ae)
)
\c@prf=\count171
 ("F:\Program Files\CTEX\UserData\tex\latex\textpos\textpos.sty"
Package: textpos 2010/09/30 v1.7g

Package: `textpos' 1.7g <2010 September 30>
\TP@textbox=\box66
\TP@holdbox=\box67
\TPHorizModule=\dimen201
\TPVertModule=\dimen202
\TP@margin=\dimen203
\TP@absmargin=\dimen204
Grid set 16 x 16 = 22.7622pt x 17.07166pt
\TPboxrulesize=\dimen205
\TP@ox=\dimen206
\TP@oy=\dimen207
\TP@tbargs=\toks44
\TP@prevdepth=\dimen208
TextBlockOrigin set to 0pt x 0pt
)
\c@dfn=\count172
) ("C:\Documents and Settings\Administrator\桌面\sift_gl\AR_PPT_TEX\Chap01.aux"
)
LaTeX Font Info:    Checking defaults for OML/cmm/m/it on input line 3.
LaTeX Font Info:    ... okay on input line 3.
LaTeX Font Info:    Checking defaults for T1/cmr/m/n on input line 3.
LaTeX Font Info:    ... okay on input line 3.
LaTeX Font Info:    Checking defaults for OT1/cmr/m/n on input line 3.
LaTeX Font Info:    ... okay on input line 3.
LaTeX Font Info:    Checking defaults for OMS/cmsy/m/n on input line 3.
LaTeX Font Info:    ... okay on input line 3.
LaTeX Font Info:    Checking defaults for OMX/cmex/m/n on input line 3.
LaTeX Font Info:    ... okay on input line 3.
LaTeX Font Info:    Checking defaults for U/cmr/m/n on input line 3.
LaTeX Font Info:    ... okay on input line 3.
LaTeX Font Info:    Checking defaults for PD1/pdf/m/n on input line 3.
LaTeX Font Info:    ... okay on input line 3.
LaTeX Font Info:    Checking defaults for C00/song/m/n on input line 3.
LaTeX Font Info:    ... okay on input line 3.
LaTeX Font Info:    Checking defaults for C05/song/m/n on input line 3.
LaTeX Font Info:    ... okay on input line 3.
LaTeX Font Info:    Checking defaults for C09/song/m/n on input line 3.
LaTeX Font Info:    ... okay on input line 3.
LaTeX Font Info:    Checking defaults for C10/song/m/n on input line 3.
LaTeX Font Info:    ... okay on input line 3.
LaTeX Font Info:    Checking defaults for C20/song/m/n on input line 3.
LaTeX Font Info:    ... okay on input line 3.
LaTeX Font Info:    Checking defaults for C19/song/m/n on input line 3.
LaTeX Font Info:    ... okay on input line 3.
LaTeX Font Info:    Checking defaults for C40/song/m/n on input line 3.
LaTeX Font Info:    ... okay on input line 3.
LaTeX Font Info:    Checking defaults for C42/song/m/n on input line 3.
LaTeX Font Info:    ... okay on input line 3.
LaTeX Font Info:    Checking defaults for C43/song/m/n on input line 3.
LaTeX Font Info:    ... okay on input line 3.
LaTeX Font Info:    Checking defaults for C50/song/m/n on input line 3.
LaTeX Font Info:    ... okay on input line 3.
LaTeX Font Info:    Checking defaults for C52/song/m/n on input line 3.
LaTeX Font Info:    ... okay on input line 3.
LaTeX Font Info:    Checking defaults for C49/song/m/n on input line 3.
LaTeX Font Info:    ... okay on input line 3.
LaTeX Font Info:    Checking defaults for C60/mj/m/n on input line 3.
LaTeX Font Info:    ... okay on input line 3.
LaTeX Font Info:    Checking defaults for C61/mj/m/n on input line 3.
LaTeX Font Info:    ... okay on input line 3.
LaTeX Font Info:    Checking defaults for C63/mj/m/n on input line 3.
LaTeX Font Info:    ... okay on input line 3.
LaTeX Font Info:    Checking defaults for C64/mj/m/n on input line 3.
LaTeX Font Info:    ... okay on input line 3.
LaTeX Font Info:    Checking defaults for C65/mj/m/n on input line 3.
LaTeX Font Info:    ... okay on input line 3.
LaTeX Font Info:    Checking defaults for C70/song/m/n on input line 3.
LaTeX Font Info:    ... okay on input line 3.
LaTeX Font Info:    Checking defaults for C31/song/m/n on input line 3.
LaTeX Font Info:    ... okay on input line 3.
LaTeX Font Info:    Checking defaults for C32/song/m/n on input line 3.
LaTeX Font Info:    ... okay on input line 3.
LaTeX Font Info:    Checking defaults for C33/song/m/n on input line 3.
LaTeX Font Info:    ... okay on input line 3.
LaTeX Font Info:    Checking defaults for C34/song/m/n on input line 3.
LaTeX Font Info:    ... okay on input line 3.
LaTeX Font Info:    Checking defaults for C35/song/m/n on input line 3.
LaTeX Font Info:    ... okay on input line 3.
LaTeX Font Info:    Checking defaults for C36/song/m/n on input line 3.
LaTeX Font Info:    ... okay on input line 3.
LaTeX Font Info:    Checking defaults for C37/song/m/n on input line 3.
LaTeX Font Info:    ... okay on input line 3.
LaTeX Font Info:    Checking defaults for C80/song/m/n on input line 3.
LaTeX Font Info:    ... okay on input line 3.
LaTeX Font Info:    Checking defaults for C81/song/m/n on input line 3.
LaTeX Font Info:    ... okay on input line 3.
LaTeX Font Info:    Checking defaults for C01/song/m/n on input line 3.
LaTeX Font Info:    ... okay on input line 3.
LaTeX Font Info:    Checking defaults for C11/song/m/n on input line 3.
LaTeX Font Info:    ... okay on input line 3.
LaTeX Font Info:    Checking defaults for C21/song/m/n on input line 3.
LaTeX Font Info:    ... okay on input line 3.
LaTeX Font Info:    Checking defaults for C41/song/m/n on input line 3.
LaTeX Font Info:    ... okay on input line 3.
LaTeX Font Info:    Checking defaults for C62/song/m/n on input line 3.
LaTeX Font Info:    ... okay on input line 3.
LaTeX Font Info:    Try loading font information for OT1+phv on input line 3.
 ("F:\Program Files\CTEX\MiKTeX\tex\latex\psnfss\ot1phv.fd"
File: ot1phv.fd 2001/06/04 scalable font definitions for OT1/phv.
)
*geometry* driver: auto-detecting
*geometry* detected driver: pdftex
*geometry* verbose mode - [ preamble ] result:
* driver: pdftex
* paper: custom
* layout: <same size as paper>
* layoutoffset:(h,v)=(0.0pt,0.0pt)
* modes: includehead includefoot 
* h-part:(L,W,R)=(28.45274pt, 307.28987pt, 28.45274pt)
* v-part:(T,H,B)=(0.0pt, 273.14662pt, 0.0pt)
* \paperwidth=364.19536pt
* \paperheight=273.14662pt
* \textwidth=307.28987pt
* \textheight=244.6939pt
* \oddsidemargin=-43.81725pt
* \evensidemargin=-43.81725pt
* \topmargin=-72.26999pt
* \headheight=14.22636pt
* \headsep=0.0pt
* \topskip=11.0pt
* \footskip=14.22636pt
* \marginparwidth=4.0pt
* \marginparsep=10.0pt
* \columnsep=10.0pt
* \skip\footins=10.0pt plus 4.0pt minus 2.0pt
* \hoffset=0.0pt
* \voffset=0.0pt
* \mag=1000
* \@twocolumnfalse
* \@twosidefalse
* \@mparswitchfalse
* \@reversemarginfalse
* (1in=72.27pt=25.4mm, 1cm=28.453pt)

("F:\Program Files\CTEX\UserData\tex\context\base\supp-pdf.mkii"
[Loading MPS to PDF converter (version 2006.09.02).]
\scratchcounter=\count173
\scratchdimen=\dimen209
\scratchbox=\box68
\nofMPsegments=\count174
\nofMParguments=\count175
\everyMPshowfont=\toks45
\MPscratchCnt=\count176
\MPscratchDim=\dimen210
\MPnumerator=\count177
\makeMPintoPDFobject=\count178
\everyMPtoPDFconversion=\toks46
) ABD: EveryShipout initializing macros
\AtBeginShipoutBox=\box69
Package hyperref Info: Link coloring OFF on input line 3.

("F:\Program Files\CTEX\MiKTeX\tex\latex\hyperref\nameref.sty"
Package: nameref 2010/04/30 v2.40 Cross-referencing by name of section

("F:\Program Files\CTEX\MiKTeX\tex\latex\oberdiek\refcount.sty"
Package: refcount 2008/08/11 v3.1 Data extraction from references (HO)
)
("F:\Program Files\CTEX\MiKTeX\tex\generic\oberdiek\gettitlestring.sty"
Package: gettitlestring 2009/12/18 v1.3 Cleanup title references (HO)
)
\c@section@level=\count179
)
LaTeX Info: Redefining \ref on input line 3.
LaTeX Info: Redefining \pageref on input line 3.
LaTeX Info: Redefining \nameref on input line 3.

("C:\Documents and Settings\Administrator\桌面\sift_gl\AR_PPT_TEX\Chap01.out")
("C:\Documents and Settings\Administrator\桌面\sift_gl\AR_PPT_TEX\Chap01.out")
\@outlinefile=\write6

("F:\Program Files\CTEX\UserData\tex\latex\beamer\base\translator\dicts\transla
tor-basic-dictionary\translator-basic-dictionary-English.dict"
Dictionary: translator-basic-dictionary, Language: English 
)
("F:\Program Files\CTEX\UserData\tex\latex\beamer\base\translator\dicts\transla
tor-bibliography-dictionary\translator-bibliography-dictionary-English.dict"
Dictionary: translator-bibliography-dictionary, Language: English 
)
("F:\Program Files\CTEX\UserData\tex\latex\beamer\base\translator\dicts\transla
tor-environment-dictionary\translator-environment-dictionary-English.dict"
Dictionary: translator-environment-dictionary, Language: English 
)
("F:\Program Files\CTEX\UserData\tex\latex\beamer\base\translator\dicts\transla
tor-months-dictionary\translator-months-dictionary-English.dict"
Dictionary: translator-months-dictionary, Language: English 
)
("F:\Program Files\CTEX\UserData\tex\latex\beamer\base\translator\dicts\transla
tor-numbers-dictionary\translator-numbers-dictionary-English.dict"
Dictionary: translator-numbers-dictionary, Language: English 
)
("F:\Program Files\CTEX\UserData\tex\latex\beamer\base\translator\dicts\transla
tor-theorem-dictionary\translator-theorem-dictionary-English.dict"
Dictionary: translator-theorem-dictionary, Language: English 
)
("C:\Documents and Settings\Administrator\桌面\sift_gl\AR_PPT_TEX\Chap01.nav")
LaTeX Font Info:    Font shape `OT1/phv/bx/n' in size <6> not available
(Font)              Font shape `OT1/phv/b/n' tried instead on input line 3.

("F:\Program Files\CTEX\MiKTeX\tex\latex\cjk\standard.bdg"
File: standard.bdg 2008/12/29 4.8.2
)
("F:\Program Files\CTEX\MiKTeX\tex\latex\cjk\extended.enc"
File: extended.enc 2008/12/29 4.8.2
)
("F:\Program Files\CTEX\MiKTeX\tex\latex\cjk\extended.chr"
File: extended.chr 2008/12/29 4.8.2
)

Package hyperref Warning: Option `pdfauthor' has already been used,
(hyperref)                setting the option has no effect on input line 18.

Package epstopdf Info: Source file: <Figures/Logo.eps>
(epstopdf)                    date: 2011-05-12 14:37:50
(epstopdf)                    size: 9064 bytes
(epstopdf)             Output file: <Figures/Logo-eps-converted-to.pdf>
(epstopdf)                    date: 2011-07-13 12:21:55
(epstopdf)                    size: 21377 bytes
(epstopdf)             Command: <epstopdf --outfile=Figures/Logo-eps-converted-
to.pdf Figures/Logo.eps>
(epstopdf)             \includegraphics on input line 34.
Package epstopdf Info: Output file is already uptodate.
<Figures/Logo-eps-converted-to.pdf, id=72, 469.755pt x 593.21625pt>
File: Figures/Logo-eps-converted-to.pdf Graphic file (type pdf)

<use Figures/Logo-eps-converted-to.pdf>
Overfull \hbox (95.35246pt too wide) in paragraph at lines 34--34
[][]  
 []

Package epstopdf Info: Source file: <Figures/Logo.eps>
(epstopdf)                    date: 2011-05-12 14:37:50
(epstopdf)                    size: 9064 bytes
(epstopdf)             Output file: <Figures/Logo-eps-converted-to.pdf>
(epstopdf)                    date: 2011-07-13 12:21:55
(epstopdf)                    size: 21377 bytes
(epstopdf)             Command: <epstopdf --outfile=Figures/Logo-eps-converted-
to.pdf Figures/Logo.eps>
(epstopdf)             \includegraphics on input line 34.
Package epstopdf Info: Output file is already uptodate.
File: Figures/Logo-eps-converted-to.pdf Graphic file (type pdf)
<use Figures/Logo-eps-converted-to.pdf>
Overfull \hbox (95.35246pt too wide) in paragraph at lines 34--34
[][]  
 []

LaTeX Font Info:    Try loading font information for U+msa on input line 34.
("F:\Program Files\CTEX\MiKTeX\tex\latex\amsfonts\umsa.fd"
File: umsa.fd 2009/06/22 v3.00 AMS symbols A
)
LaTeX Font Info:    Try loading font information for U+msb on input line 34.

("F:\Program Files\CTEX\MiKTeX\tex\latex\amsfonts\umsb.fd"
File: umsb.fd 2009/06/22 v3.00 AMS symbols B
)
LaTeX Font Info:    Try loading font information for U+lasy on input line 34.

("F:\Program Files\CTEX\MiKTeX\tex\latex\base\ulasy.fd"
File: ulasy.fd 1998/08/17 v2.2e LaTeX symbol font definitions
)
LaTeX Font Info:    Try loading font information for C19+song on input line 34.


("F:\Program Files\CTEX\CTeX\tex\latex\CJK\GB\c19song.fd"
File: c19song.fd 2009/09/23 4.8.2
)
LaTeX Font Info:    Font shape `OT1/phv/bx/n' in size <4> not available
(Font)              Font shape `OT1/phv/b/n' tried instead on input line 34.
 [1{F:/Program Files/CTEX/UserData/pdftex/config/pdftex.map{Unicode.sfd}{UGBK.s
fd}}

 <C:/Documents and Settings/Administrator/桌面/sift_gl/AR_PPT_TEX/Figures/Logo-
eps-converted-to.pdf>]
("C:\Documents and Settings\Administrator\桌面\sift_gl\AR_PPT_TEX\Section/00Fea
ture.tex"
Package epstopdf Info: Source file: <Figures/Logo.eps>
(epstopdf)                    date: 2011-05-12 14:37:50
(epstopdf)                    size: 9064 bytes
(epstopdf)             Output file: <Figures/Logo-eps-converted-to.pdf>
(epstopdf)                    date: 2011-07-13 12:21:55
(epstopdf)                    size: 21377 bytes
(epstopdf)             Command: <epstopdf --outfile=Figures/Logo-eps-converted-
to.pdf Figures/Logo.eps>
(epstopdf)             \includegraphics on input line 2.
Package epstopdf Info: Output file is already uptodate.
File: Figures/Logo-eps-converted-to.pdf Graphic file (type pdf)
 <use Figures/Logo-eps-converted-to.pdf>
("C:\Documents and Settings\Administrator\桌面\sift_gl\AR_PPT_TEX\Chap01.toc"
LaTeX Font Info:    Font shape `OT1/phv/bx/n' in size <10> not available
(Font)              Font shape `OT1/phv/b/n' tried instead on input line 2.
)
[2

]
Package epstopdf Info: Source file: <Figures/Logo.eps>
(epstopdf)                    date: 2011-05-12 14:37:50
(epstopdf)                    size: 9064 bytes
(epstopdf)             Output file: <Figures/Logo-eps-converted-to.pdf>
(epstopdf)                    date: 2011-07-13 12:21:55
(epstopdf)                    size: 21377 bytes
(epstopdf)             Command: <epstopdf --outfile=Figures/Logo-eps-converted-
to.pdf Figures/Logo.eps>
(epstopdf)             \includegraphics on input line 12.
Package epstopdf Info: Output file is already uptodate.
File: Figures/Logo-eps-converted-to.pdf Graphic file (type pdf)
 <use Figures/Logo-eps-converted-to.pdf> [3

]
Package epstopdf Info: Source file: <Figures/Logo.eps>
(epstopdf)                    date: 2011-05-12 14:37:50
(epstopdf)                    size: 9064 bytes
(epstopdf)             Output file: <Figures/Logo-eps-converted-to.pdf>
(epstopdf)                    date: 2011-07-13 12:21:55
(epstopdf)                    size: 21377 bytes
(epstopdf)             Command: <epstopdf --outfile=Figures/Logo-eps-converted-
to.pdf Figures/Logo.eps>
(epstopdf)             \includegraphics on input line 34.
Package epstopdf Info: Output file is already uptodate.
File: Figures/Logo-eps-converted-to.pdf Graphic file (type pdf)

<use Figures/Logo-eps-converted-to.pdf> [4

]
Package epstopdf Info: Source file: <Figures/Logo.eps>
(epstopdf)                    date: 2011-05-12 14:37:50
(epstopdf)                    size: 9064 bytes
(epstopdf)             Output file: <Figures/Logo-eps-converted-to.pdf>
(epstopdf)                    date: 2011-07-13 12:21:55
(epstopdf)                    size: 21377 bytes
(epstopdf)             Command: <epstopdf --outfile=Figures/Logo-eps-converted-
to.pdf Figures/Logo.eps>
(epstopdf)             \includegraphics on input line 51.
Package epstopdf Info: Output file is already uptodate.
File: Figures/Logo-eps-converted-to.pdf Graphic file (type pdf)

<use Figures/Logo-eps-converted-to.pdf> [5

]
Package epstopdf Info: Source file: <Figures/Logo.eps>
(epstopdf)                    date: 2011-05-12 14:37:50
(epstopdf)                    size: 9064 bytes
(epstopdf)             Output file: <Figures/Logo-eps-converted-to.pdf>
(epstopdf)                    date: 2011-07-13 12:21:55
(epstopdf)                    size: 21377 bytes
(epstopdf)             Command: <epstopdf --outfile=Figures/Logo-eps-converted-
to.pdf Figures/Logo.eps>
(epstopdf)             \includegraphics on input line 63.
Package epstopdf Info: Output file is already uptodate.
File: Figures/Logo-eps-converted-to.pdf Graphic file (type pdf)

<use Figures/Logo-eps-converted-to.pdf>
Package epstopdf Info: Source file: <Figures/DOG.eps>
(epstopdf)                    date: 2011-08-26 19:35:07
(epstopdf)                    size: 1399276 bytes
(epstopdf)             Output file: <Figures/DOG-eps-converted-to.pdf>
(epstopdf)                    date: 2011-09-13 19:57:02
(epstopdf)                    size: 62208 bytes
(epstopdf)             Command: <epstopdf --outfile=Figures/DOG-eps-converted-t
o.pdf Figures/DOG.eps>
(epstopdf)             \includegraphics on input line 63.
Package epstopdf Info: Output file is already uptodate.

<Figures/DOG-eps-converted-to.pdf, id=292, 418.56375pt x 310.15875pt>
File: Figures/DOG-eps-converted-to.pdf Graphic file (type pdf)

<use Figures/DOG-eps-converted-to.pdf> [6

 <C:/Documents and Settings/Administrator/桌面/sift_gl/AR_PPT_TEX/Figures/DOG-e
ps-converted-to.pdf>]
Package epstopdf Info: Source file: <Figures/Logo.eps>
(epstopdf)                    date: 2011-05-12 14:37:50
(epstopdf)                    size: 9064 bytes
(epstopdf)             Output file: <Figures/Logo-eps-converted-to.pdf>
(epstopdf)                    date: 2011-07-13 12:21:55
(epstopdf)                    size: 21377 bytes
(epstopdf)             Command: <epstopdf --outfile=Figures/Logo-eps-converted-
to.pdf Figures/Logo.eps>
(epstopdf)             \includegraphics on input line 77.
Package epstopdf Info: Output file is already uptodate.
File: Figures/Logo-eps-converted-to.pdf Graphic file (type pdf)

<use Figures/Logo-eps-converted-to.pdf>
Package epstopdf Info: Source file: <Figures/extream.eps>
(epstopdf)                    date: 2011-08-26 19:37:22
(epstopdf)                    size: 305265 bytes
(epstopdf)             Output file: <Figures/extream-eps-converted-to.pdf>
(epstopdf)                    date: 2011-09-13 20:21:52
(epstopdf)                    size: 11933 bytes
(epstopdf)             Command: <epstopdf --outfile=Figures/extream-eps-convert
ed-to.pdf Figures/extream.eps>
(epstopdf)             \includegraphics on input line 77.
Package epstopdf Info: Output file is already uptodate.

<Figures/extream-eps-converted-to.pdf, id=327, 179.67125pt x 154.5775pt>
File: Figures/extream-eps-converted-to.pdf Graphic file (type pdf)

<use Figures/extream-eps-converted-to.pdf> [7

 <C:/Documents and Settings/Administrator/桌面/sift_gl/AR_PPT_TEX/Figures/extre
am-eps-converted-to.pdf>]
Package epstopdf Info: Source file: <Figures/Logo.eps>
(epstopdf)                    date: 2011-05-12 14:37:50
(epstopdf)                    size: 9064 bytes
(epstopdf)             Output file: <Figures/Logo-eps-converted-to.pdf>
(epstopdf)                    date: 2011-07-13 12:21:55
(epstopdf)                    size: 21377 bytes
(epstopdf)             Command: <epstopdf --outfile=Figures/Logo-eps-converted-
to.pdf Figures/Logo.eps>
(epstopdf)             \includegraphics on input line 97.
Package epstopdf Info: Output file is already uptodate.
File: Figures/Logo-eps-converted-to.pdf Graphic file (type pdf)

<use Figures/Logo-eps-converted-to.pdf> [8

]
Package epstopdf Info: Source file: <Figures/Logo.eps>
(epstopdf)                    date: 2011-05-12 14:37:50
(epstopdf)                    size: 9064 bytes
(epstopdf)             Output file: <Figures/Logo-eps-converted-to.pdf>
(epstopdf)                    date: 2011-07-13 12:21:55
(epstopdf)                    size: 21377 bytes
(epstopdf)             Command: <epstopdf --outfile=Figures/Logo-eps-converted-
to.pdf Figures/Logo.eps>
(epstopdf)             \includegraphics on input line 111.
Package epstopdf Info: Output file is already uptodate.
File: Figures/Logo-eps-converted-to.pdf Graphic file (type pdf)

<use Figures/Logo-eps-converted-to.pdf> [9

]
Package epstopdf Info: Source file: <Figures/Logo.eps>
(epstopdf)                    date: 2011-05-12 14:37:50
(epstopdf)                    size: 9064 bytes
(epstopdf)             Output file: <Figures/Logo-eps-converted-to.pdf>
(epstopdf)                    date: 2011-07-13 12:21:55
(epstopdf)                    size: 21377 bytes
(epstopdf)             Command: <epstopdf --outfile=Figures/Logo-eps-converted-
to.pdf Figures/Logo.eps>
(epstopdf)             \includegraphics on input line 133.
Package epstopdf Info: Output file is already uptodate.
File: Figures/Logo-eps-converted-to.pdf Graphic file (type pdf)

<use Figures/Logo-eps-converted-to.pdf> [10

]
Package epstopdf Info: Source file: <Figures/Logo.eps>
(epstopdf)                    date: 2011-05-12 14:37:50
(epstopdf)                    size: 9064 bytes
(epstopdf)             Output file: <Figures/Logo-eps-converted-to.pdf>
(epstopdf)                    date: 2011-07-13 12:21:55
(epstopdf)                    size: 21377 bytes
(epstopdf)             Command: <epstopdf --outfile=Figures/Logo-eps-converted-
to.pdf Figures/Logo.eps>
(epstopdf)             \includegraphics on input line 143.
Package epstopdf Info: Output file is already uptodate.
File: Figures/Logo-eps-converted-to.pdf Graphic file (type pdf)

<use Figures/Logo-eps-converted-to.pdf> [11

]
Package epstopdf Info: Source file: <Figures/Logo.eps>
(epstopdf)                    date: 2011-05-12 14:37:50
(epstopdf)                    size: 9064 bytes
(epstopdf)             Output file: <Figures/Logo-eps-converted-to.pdf>
(epstopdf)                    date: 2011-07-13 12:21:55
(epstopdf)                    size: 21377 bytes
(epstopdf)             Command: <epstopdf --outfile=Figures/Logo-eps-converted-
to.pdf Figures/Logo.eps>
(epstopdf)             \includegraphics on input line 157.
Package epstopdf Info: Output file is already uptodate.
File: Figures/Logo-eps-converted-to.pdf Graphic file (type pdf)

<use Figures/Logo-eps-converted-to.pdf>

LaTeX Font Warning: Command \small invalid in math mode on input line 157.


Overfull \hbox (45.5975pt too wide) in alignment at lines 157--157
 [][][] []
 []

[12

]
Package epstopdf Info: Source file: <Figures/Logo.eps>
(epstopdf)                    date: 2011-05-12 14:37:50
(epstopdf)                    size: 9064 bytes
(epstopdf)             Output file: <Figures/Logo-eps-converted-to.pdf>
(epstopdf)                    date: 2011-07-13 12:21:55
(epstopdf)                    size: 21377 bytes
(epstopdf)             Command: <epstopdf --outfile=Figures/Logo-eps-converted-
to.pdf Figures/Logo.eps>
(epstopdf)             \includegraphics on input line 171.
Package epstopdf Info: Output file is already uptodate.
File: Figures/Logo-eps-converted-to.pdf Graphic file (type pdf)
 <use Figures/Logo-eps-converted-to.pdf>
Package epstopdf Info: Source file: <Figures/ori_hist.eps>
(epstopdf)                    date: 2011-08-26 19:48:23
(epstopdf)                    size: 185243 bytes
(epstopdf)             Output file: <Figures/ori_hist-eps-converted-to.pdf>
(epstopdf)                    date: 2011-09-13 20:43:43
(epstopdf)                    size: 7456 bytes
(epstopdf)             Command: <epstopdf --outfile=Figures/ori_hist-eps-conver
ted-to.pdf Figures/ori_hist.eps>
(epstopdf)             \includegraphics on input line 171.
Package epstopdf Info: Output file is already uptodate.

<Figures/ori_hist-eps-converted-to.pdf, id=520, 111.41624pt x 41.15375pt>
File: Figures/ori_hist-eps-converted-to.pdf Graphic file (type pdf)

<use Figures/ori_hist-eps-converted-to.pdf> [13

 <C:/Documents and Settings/Administrator/桌面/sift_gl/AR_PPT_TEX/Figures/ori_h
ist-eps-converted-to.pdf>]
Package epstopdf Info: Source file: <Figures/Logo.eps>
(epstopdf)                    date: 2011-05-12 14:37:50
(epstopdf)                    size: 9064 bytes
(epstopdf)             Output file: <Figures/Logo-eps-converted-to.pdf>
(epstopdf)                    date: 2011-07-13 12:21:55
(epstopdf)                    size: 21377 bytes
(epstopdf)             Command: <epstopdf --outfile=Figures/Logo-eps-converted-
to.pdf Figures/Logo.eps>
(epstopdf)             \includegraphics on input line 184.
Package epstopdf Info: Output file is already uptodate.
File: Figures/Logo-eps-converted-to.pdf Graphic file (type pdf)

<use Figures/Logo-eps-converted-to.pdf>
Package epstopdf Info: Source file: <Figures/keypoint.eps>
(epstopdf)                    date: 2011-08-26 19:53:18
(epstopdf)                    size: 867306 bytes
(epstopdf)             Output file: <Figures/keypoint-eps-converted-to.pdf>
(epstopdf)                    date: 2011-09-13 20:50:20
(epstopdf)                    size: 26221 bytes
(epstopdf)             Command: <epstopdf --outfile=Figures/keypoint-eps-conver
ted-to.pdf Figures/keypoint.eps>
(epstopdf)             \includegraphics on input line 184.
Package epstopdf Info: Output file is already uptodate.

<Figures/keypoint-eps-converted-to.pdf, id=555, 422.57875pt x 189.70876pt>
File: Figures/keypoint-eps-converted-to.pdf Graphic file (type pdf)

<use Figures/keypoint-eps-converted-to.pdf> [14

 <C:/Documents and Settings/Administrator/桌面/sift_gl/AR_PPT_TEX/Figures/keypo
int-eps-converted-to.pdf>]
Package epstopdf Info: Source file: <Figures/Logo.eps>
(epstopdf)                    date: 2011-05-12 14:37:50
(epstopdf)                    size: 9064 bytes
(epstopdf)             Output file: <Figures/Logo-eps-converted-to.pdf>
(epstopdf)                    date: 2011-07-13 12:21:55
(epstopdf)                    size: 21377 bytes
(epstopdf)             Command: <epstopdf --outfile=Figures/Logo-eps-converted-
to.pdf Figures/Logo.eps>
(epstopdf)             \includegraphics on input line 195.
Package epstopdf Info: Output file is already uptodate.
File: Figures/Logo-eps-converted-to.pdf Graphic file (type pdf)

<use Figures/Logo-eps-converted-to.pdf> [15

]
Package epstopdf Info: Source file: <Figures/exam1.eps>
(epstopdf)                    date: 2011-08-26 20:08:12
(epstopdf)                    size: 403899 bytes
(epstopdf)             Output file: <Figures/exam1-eps-converted-to.pdf>
(epstopdf)                    date: 2011-09-13 20:55:35
(epstopdf)                    size: 13184 bytes
(epstopdf)             Command: <epstopdf --outfile=Figures/exam1-eps-converted
-to.pdf Figures/exam1.eps>
(epstopdf)             \includegraphics on input line 203.
Package epstopdf Info: Output file is already uptodate.

<Figures/exam1-eps-converted-to.pdf, id=621, 308.15125pt x 216.81pt>
File: Figures/exam1-eps-converted-to.pdf Graphic file (type pdf)

<use Figures/exam1-eps-converted-to.pdf> [16

 <C:/Documents and Settings/Administrator/桌面/sift_gl/AR_PPT_TEX/Figures/exam1
-eps-converted-to.pdf>])
("C:\Documents and Settings\Administrator\桌面\sift_gl\AR_PPT_TEX\Section/01Mat
chRANSAC.tex"
Package epstopdf Info: Source file: <Figures/Logo.eps>
(epstopdf)                    date: 2011-05-12 14:37:50
(epstopdf)                    size: 9064 bytes
(epstopdf)             Output file: <Figures/Logo-eps-converted-to.pdf>
(epstopdf)                    date: 2011-07-13 12:21:55
(epstopdf)                    size: 21377 bytes
(epstopdf)             Command: <epstopdf --outfile=Figures/Logo-eps-converted-
to.pdf Figures/Logo.eps>
(epstopdf)             \includegraphics on input line 2.
Package epstopdf Info: Output file is already uptodate.
File: Figures/Logo-eps-converted-to.pdf Graphic file (type pdf)
 <use Figures/Logo-eps-converted-to.pdf>
("C:\Documents and Settings\Administrator\桌面\sift_gl\AR_PPT_TEX\Chap01.toc")
[17

]
Package epstopdf Info: Source file: <Figures/Logo.eps>
(epstopdf)                    date: 2011-05-12 14:37:50
(epstopdf)                    size: 9064 bytes
(epstopdf)             Output file: <Figures/Logo-eps-converted-to.pdf>
(epstopdf)                    date: 2011-07-13 12:21:55
(epstopdf)                    size: 21377 bytes
(epstopdf)             Command: <epstopdf --outfile=Figures/Logo-eps-converted-
to.pdf Figures/Logo.eps>
(epstopdf)             \includegraphics on input line 14.
Package epstopdf Info: Output file is already uptodate.
File: Figures/Logo-eps-converted-to.pdf Graphic file (type pdf)
 <use Figures/Logo-eps-converted-to.pdf> [18

]
Package epstopdf Info: Source file: <Figures/Logo.eps>
(epstopdf)                    date: 2011-05-12 14:37:50
(epstopdf)                    size: 9064 bytes
(epstopdf)             Output file: <Figures/Logo-eps-converted-to.pdf>
(epstopdf)                    date: 2011-07-13 12:21:55
(epstopdf)                    size: 21377 bytes
(epstopdf)             Command: <epstopdf --outfile=Figures/Logo-eps-converted-
to.pdf Figures/Logo.eps>
(epstopdf)             \includegraphics on input line 26.
Package epstopdf Info: Output file is already uptodate.
File: Figures/Logo-eps-converted-to.pdf Graphic file (type pdf)

<use Figures/Logo-eps-converted-to.pdf> [19

]
Package epstopdf Info: Source file: <Figures/Logo.eps>
(epstopdf)                    date: 2011-05-12 14:37:50
(epstopdf)                    size: 9064 bytes
(epstopdf)             Output file: <Figures/Logo-eps-converted-to.pdf>
(epstopdf)                    date: 2011-07-13 12:21:55
(epstopdf)                    size: 21377 bytes
(epstopdf)             Command: <epstopdf --outfile=Figures/Logo-eps-converted-
to.pdf Figures/Logo.eps>
(epstopdf)             \includegraphics on input line 35.
Package epstopdf Info: Output file is already uptodate.
File: Figures/Logo-eps-converted-to.pdf Graphic file (type pdf)

<use Figures/Logo-eps-converted-to.pdf> [20

]
Package epstopdf Info: Source file: <Figures/Logo.eps>
(epstopdf)                    date: 2011-05-12 14:37:50
(epstopdf)                    size: 9064 bytes
(epstopdf)             Output file: <Figures/Logo-eps-converted-to.pdf>
(epstopdf)                    date: 2011-07-13 12:21:55
(epstopdf)                    size: 21377 bytes
(epstopdf)             Command: <epstopdf --outfile=Figures/Logo-eps-converted-
to.pdf Figures/Logo.eps>
(epstopdf)             \includegraphics on input line 60.
Package epstopdf Info: Output file is already uptodate.
File: Figures/Logo-eps-converted-to.pdf Graphic file (type pdf)

<use Figures/Logo-eps-converted-to.pdf> [21

]
Package epstopdf Info: Source file: <Figures/Logo.eps>
(epstopdf)                    date: 2011-05-12 14:37:50
(epstopdf)                    size: 9064 bytes
(epstopdf)             Output file: <Figures/Logo-eps-converted-to.pdf>
(epstopdf)                    date: 2011-07-13 12:21:55
(epstopdf)                    size: 21377 bytes
(epstopdf)             Command: <epstopdf --outfile=Figures/Logo-eps-converted-
to.pdf Figures/Logo.eps>
(epstopdf)             \includegraphics on input line 71.
Package epstopdf Info: Output file is already uptodate.
File: Figures/Logo-eps-converted-to.pdf Graphic file (type pdf)

<use Figures/Logo-eps-converted-to.pdf> [22

]
Package epstopdf Info: Source file: <Figures/exam2.eps>
(epstopdf)                    date: 2011-08-26 20:08:08
(epstopdf)                    size: 2131793 bytes
(epstopdf)             Output file: <Figures/exam2-eps-converted-to.pdf>
(epstopdf)                    date: 2011-09-13 21:54:53
(epstopdf)                    size: 35957 bytes
(epstopdf)             Command: <epstopdf --outfile=Figures/exam2-eps-converted
-to.pdf Figures/exam2.eps>
(epstopdf)             \includegraphics on input line 83.
Package epstopdf Info: Output file is already uptodate.

<Figures/exam2-eps-converted-to.pdf, id=853, 328.22626pt x 392.46625pt>
File: Figures/exam2-eps-converted-to.pdf Graphic file (type pdf)

<use Figures/exam2-eps-converted-to.pdf> [23

 <C:/Documents and Settings/Administrator/桌面/sift_gl/AR_PPT_TEX/Figures/exam2
-eps-converted-to.pdf>])
("C:\Documents and Settings\Administrator\桌面\sift_gl\AR_PPT_TEX\Section/02Tra
nsform.tex"
Package epstopdf Info: Source file: <Figures/Logo.eps>
(epstopdf)                    date: 2011-05-12 14:37:50
(epstopdf)                    size: 9064 bytes
(epstopdf)             Output file: <Figures/Logo-eps-converted-to.pdf>
(epstopdf)                    date: 2011-07-13 12:21:55
(epstopdf)                    size: 21377 bytes
(epstopdf)             Command: <epstopdf --outfile=Figures/Logo-eps-converted-
to.pdf Figures/Logo.eps>
(epstopdf)             \includegraphics on input line 2.
Package epstopdf Info: Output file is already uptodate.
File: Figures/Logo-eps-converted-to.pdf Graphic file (type pdf)
 <use Figures/Logo-eps-converted-to.pdf>
("C:\Documents and Settings\Administrator\桌面\sift_gl\AR_PPT_TEX\Chap01.toc")
[24

]
Package epstopdf Info: Source file: <Figures/Logo.eps>
(epstopdf)                    date: 2011-05-12 14:37:50
(epstopdf)                    size: 9064 bytes
(epstopdf)             Output file: <Figures/Logo-eps-converted-to.pdf>
(epstopdf)                    date: 2011-07-13 12:21:55
(epstopdf)                    size: 21377 bytes
(epstopdf)             Command: <epstopdf --outfile=Figures/Logo-eps-converted-
to.pdf Figures/Logo.eps>
(epstopdf)             \includegraphics on input line 29.
Package epstopdf Info: Output file is already uptodate.
File: Figures/Logo-eps-converted-to.pdf Graphic file (type pdf)
 <use Figures/Logo-eps-converted-to.pdf> [25

]
Package epstopdf Info: Source file: <Figures/Logo.eps>
(epstopdf)                    date: 2011-05-12 14:37:50
(epstopdf)                    size: 9064 bytes
(epstopdf)             Output file: <Figures/Logo-eps-converted-to.pdf>
(epstopdf)                    date: 2011-07-13 12:21:55
(epstopdf)                    size: 21377 bytes
(epstopdf)             Command: <epstopdf --outfile=Figures/Logo-eps-converted-
to.pdf Figures/Logo.eps>
(epstopdf)             \includegraphics on input line 42.
Package epstopdf Info: Output file is already uptodate.
File: Figures/Logo-eps-converted-to.pdf Graphic file (type pdf)

<use Figures/Logo-eps-converted-to.pdf>
Overfull \hbox (111.30043pt too wide) in paragraph at lines 42--42
\OML/cmm/m/it/10.95 cvCalibrateCamera\OT1/cmr/m/n/10.95 2(\OML/cmm/m/it/10.95 o
bject[]oints; image[]oints; intrinsic[]atrix; distortion[]oeffs; :::\OT1/cmr/m/
n/10.95 );$  
 []


Overfull \hbox (248.20473pt too wide) in paragraph at lines 42--42
\C19/song/m/n/10.95/56  \C19/song/m/n/10.95/26 \OT1/phv/m/n/10.95 R\C19/song/
m/n/10.95/26 \OT1/phv/m/n/10.95 T\C19/song/m/n/10.95/25 "$\OML/cmm/m/it/10.95 
cvFindExtrinsicCameraParams\OT1/cmr/m/n/10.95 2(\OML/cmm/m/it/10.95 object[]oin
ts; image[]oints; intrinsic[]atrix; distortion[]oeffs; R; T\OT1/cmr/m/n/10.95 )
;$  
 []

[26

])
("C:\Documents and Settings\Administrator\桌面\sift_gl\AR_PPT_TEX\Section/03Ope
nglShow.tex"
Package epstopdf Info: Source file: <Figures/Logo.eps>
(epstopdf)                    date: 2011-05-12 14:37:50
(epstopdf)                    size: 9064 bytes
(epstopdf)             Output file: <Figures/Logo-eps-converted-to.pdf>
(epstopdf)                    date: 2011-07-13 12:21:55
(epstopdf)                    size: 21377 bytes
(epstopdf)             Command: <epstopdf --outfile=Figures/Logo-eps-converted-
to.pdf Figures/Logo.eps>
(epstopdf)             \includegraphics on input line 2.
Package epstopdf Info: Output file is already uptodate.
File: Figures/Logo-eps-converted-to.pdf Graphic file (type pdf)
 <use Figures/Logo-eps-converted-to.pdf>
("C:\Documents and Settings\Administrator\桌面\sift_gl\AR_PPT_TEX\Chap01.toc")
[27

]
Package epstopdf Info: Source file: <Figures/Logo.eps>
(epstopdf)                    date: 2011-05-12 14:37:50
(epstopdf)                    size: 9064 bytes
(epstopdf)             Output file: <Figures/Logo-eps-converted-to.pdf>
(epstopdf)                    date: 2011-07-13 12:21:55
(epstopdf)                    size: 21377 bytes
(epstopdf)             Command: <epstopdf --outfile=Figures/Logo-eps-converted-
to.pdf Figures/Logo.eps>
(epstopdf)             \includegraphics on input line 11.
Package epstopdf Info: Output file is already uptodate.
File: Figures/Logo-eps-converted-to.pdf Graphic file (type pdf)
 <use Figures/Logo-eps-converted-to.pdf> [28

]
Package epstopdf Info: Source file: <Figures/Logo.eps>
(epstopdf)                    date: 2011-05-12 14:37:50
(epstopdf)                    size: 9064 bytes
(epstopdf)             Output file: <Figures/Logo-eps-converted-to.pdf>
(epstopdf)                    date: 2011-07-13 12:21:55
(epstopdf)                    size: 21377 bytes
(epstopdf)             Command: <epstopdf --outfile=Figures/Logo-eps-converted-
to.pdf Figures/Logo.eps>
(epstopdf)             \includegraphics on input line 20.
Package epstopdf Info: Output file is already uptodate.
File: Figures/Logo-eps-converted-to.pdf Graphic file (type pdf)

<use Figures/Logo-eps-converted-to.pdf>
Package epstopdf Info: Source file: <Figures/teaport.eps>
(epstopdf)                    date: 2011-09-13 12:12:46
(epstopdf)                    size: 1831975 bytes
(epstopdf)             Output file: <Figures/teaport-eps-converted-to.pdf>
(epstopdf)                    date: 2011-09-13 22:18:14
(epstopdf)                    size: 33071 bytes
(epstopdf)             Command: <epstopdf --outfile=Figures/teaport-eps-convert
ed-to.pdf Figures/teaport.eps>
(epstopdf)             \includegraphics on input line 20.
Package epstopdf Info: Output file is already uptodate.

<Figures/teaport-eps-converted-to.pdf, id=1062, 249.93375pt x 187.70125pt>
File: Figures/teaport-eps-converted-to.pdf Graphic file (type pdf)

<use Figures/teaport-eps-converted-to.pdf>
Overfull \vbox (4.98453pt too high) detected at line 20
 []

[29

 <C:/Documents and Settings/Administrator/桌面/sift_gl/AR_PPT_TEX/Figures/teapo
rt-eps-converted-to.pdf>])
("C:\Documents and Settings\Administrator\桌面\sift_gl\AR_PPT_TEX\Section/04Nex
t.tex"
Package epstopdf Info: Source file: <Figures/Logo.eps>
(epstopdf)                    date: 2011-05-12 14:37:50
(epstopdf)                    size: 9064 bytes
(epstopdf)             Output file: <Figures/Logo-eps-converted-to.pdf>
(epstopdf)                    date: 2011-07-13 12:21:55
(epstopdf)                    size: 21377 bytes
(epstopdf)             Command: <epstopdf --outfile=Figures/Logo-eps-converted-
to.pdf Figures/Logo.eps>
(epstopdf)             \includegraphics on input line 2.
Package epstopdf Info: Output file is already uptodate.
File: Figures/Logo-eps-converted-to.pdf Graphic file (type pdf)
 <use Figures/Logo-eps-converted-to.pdf>
("C:\Documents and Settings\Administrator\桌面\sift_gl\AR_PPT_TEX\Chap01.toc")
[30

]
Package epstopdf Info: Source file: <Figures/Logo.eps>
(epstopdf)                    date: 2011-05-12 14:37:50
(epstopdf)                    size: 9064 bytes
(epstopdf)             Output file: <Figures/Logo-eps-converted-to.pdf>
(epstopdf)                    date: 2011-07-13 12:21:55
(epstopdf)                    size: 21377 bytes
(epstopdf)             Command: <epstopdf --outfile=Figures/Logo-eps-converted-
to.pdf Figures/Logo.eps>
(epstopdf)             \includegraphics on input line 11.
Package epstopdf Info: Output file is already uptodate.
File: Figures/Logo-eps-converted-to.pdf Graphic file (type pdf)
 <use Figures/Logo-eps-converted-to.pdf> [31

])
\tf@nav=\write7
\tf@toc=\write8
\tf@snm=\write9
Package atveryend Info: Empty hook `BeforeClearDocument' on input line 51.
Package atveryend Info: Empty hook `AfterLastShipout' on input line 51.

("C:\Documents and Settings\Administrator\桌面\sift_gl\AR_PPT_TEX\Chap01.aux")
Package atveryend Info: Executing hook `AtVeryEndDocument' on input line 51.


Package rerunfilecheck Warning: File `Chap01.out' has changed.
(rerunfilecheck)                Rerun to get outlines right
(rerunfilecheck)                or use package `bookmark'.

Package rerunfilecheck Info: Checksums for `Chap01.out':
(rerunfilecheck)             Before: 237A966EB6C205DCAACA850074BAF28C;1965
(rerunfilecheck)             After:  4E724C9020C698E952B774C1374740B9;888.
 ) 
Here is how much of TeX's memory you used:
 21045 strings out of 495362
 389190 string characters out of 3183239
 479562 words of memory out of 3000000
 23503 multiletter control sequences out of 15000+200000
 51899 words of font info for 152 fonts, out of 3000000 for 9000
 14 hyphenation exceptions out of 8191
 51i,16n,54p,434b,1192s stack positions out of 5000i,500n,10000p,200000b,50000s
<F:/Program Files/CTEX/CTeX/fonts/truetype/chinese/simsun.ttf><F:/Program Fil
es/CTEX/CTeX/fonts/truetype/chinese/simsun.ttf><F:/Program Files/CTEX/CTeX/font
s/truetype/chinese/simsun.ttf><F:/Program Files/CTEX/CTeX/fonts/truetype/chines
e/simsun.ttf><F:/Program Files/CTEX/CTeX/fonts/truetype/chinese/simsun.ttf><F:/
Program Files/CTEX/CTeX/fonts/truetype/chinese/simsun.ttf><F:/Program Files/CTE
X/CTeX/fonts/truetype/chinese/simsun.ttf><F:/Program Files/CTEX/CTeX/fonts/true
type/chinese/simsun.ttf><F:/Program Files/CTEX/CTeX/fonts/truetype/chinese/sims
un.ttf><F:/Program Files/CTEX/CTeX/fonts/truetype/chinese/simsun.ttf><F:/Progra
m Files/CTEX/CTeX/fonts/truetype/chinese/simsun.ttf><F:/Program Files/CTEX/CTeX
/fonts/truetype/chinese/simsun.ttf><F:/Program Files/CTEX/CTeX/fonts/truetype/c
hinese/simsun.ttf><F:/Program Files/CTEX/CTeX/fonts/truetype/chinese/simsun.ttf
><F:/Program Files/CTEX/CTeX/fonts/truetype/chinese/simsun.ttf><F:/Program File
s/CTEX/CTeX/fonts/truetype/chinese/simsun.ttf><F:/Program Files/CTEX/CTeX/fonts
/truetype/chinese/simsun.ttf><F:/Program Files/CTEX/CTeX/fonts/truetype/chinese
/simsun.ttf><F:/Program Files/CTEX/CTeX/fonts/truetype/chinese/simsun.ttf><F:/P
rogram Files/CTEX/CTeX/fonts/truetype/chinese/simsun.ttf><F:/Program Files/CTEX
/CTeX/fonts/truetype/chinese/simsun.ttf><F:/Program Files/CTEX/CTeX/fonts/truet
ype/chinese/simsun.ttf><F:/Program Files/CTEX/CTeX/fonts/truetype/chinese/simsu
n.ttf><F:/Program Files/CTEX/CTeX/fonts/truetype/chinese/simsun.ttf><F:/Program
 Files/CTEX/CTeX/fonts/truetype/chinese/simsun.ttf><F:/Program Files/CTEX/CTeX/
fonts/truetype/chinese/simsun.ttf><F:/Program Files/CTEX/CTeX/fonts/truetype/ch
inese/simsun.ttf><F:/Program Files/CTEX/CTeX/fonts/truetype/chinese/simsun.ttf>
<F:/Program Files/CTEX/CTeX/fonts/truetype/chinese/simsun.ttf><F:/Program Files
/CTEX/CTeX/fonts/truetype/chinese/simsun.ttf><F:/Program Files/CTEX/CTeX/fonts/
truetype/chinese/simsun.ttf><F:/Program Files/CTEX/CTeX/fonts/truetype/chinese/
simsun.ttf><F:/Program Files/CTEX/CTeX/fonts/truetype/chinese/simsun.ttf>{F:/Pr
ogram Files/CTEX/MiKTeX/fonts/enc/dvips/fontname/8r.enc}<F:/Program Files/CTEX/
MiKTeX/fonts/type1/public/amsfonts/cm/cmbx10.pfb><F:/Program Files/CTEX/MiKTeX/
fonts/type1/public/amsfonts/cm/cmex10.pfb><F:/Program Files/CTEX/MiKTeX/fonts/t
ype1/public/amsfonts/cm/cmmi10.pfb><F:/Program Files/CTEX/MiKTeX/fonts/type1/pu
blic/amsfonts/cm/cmmi6.pfb><F:/Program Files/CTEX/MiKTeX/fonts/type1/public/ams
fonts/cm/cmmi8.pfb><F:/Program Files/CTEX/MiKTeX/fonts/type1/public/amsfonts/cm
/cmr10.pfb><F:/Program Files/CTEX/MiKTeX/fonts/type1/public/amsfonts/cm/cmr6.pf
b><F:/Program Files/CTEX/MiKTeX/fonts/type1/public/amsfonts/cm/cmr8.pfb><F:/Pro
gram Files/CTEX/MiKTeX/fonts/type1/public/amsfonts/cm/cmsy10.pfb><F:/Program Fi
les/CTEX/MiKTeX/fonts/type1/public/amsfonts/cm/cmsy8.pfb><F:/Program Files/CTEX
/MiKTeX/fonts/type1/urw/helvetic/uhvb8a.pfb><F:/Program Files/CTEX/MiKTeX/fonts
/type1/urw/helvetic/uhvr8a.pfb>
Output written on Chap01.pdf (31 pages, 683134 bytes).
PDF statistics:
 1323 PDF objects out of 1440 (max. 8388607)
 78 named destinations out of 1000 (max. 500000)
 193 words of extra memory for PDF output out of 10000 (max. 10000000)

