This is pdfTeX, Version 3.1415926-2.3-1.40.12 (MiKTeX 2.9) (preloaded format=pdflatex 2012.7.9)  19 MAY 2013 02:19
entering extended mode
**recon.tex
(E:\Projects\master\master-paper\recon\recon.tex
LaTeX2e <2011/06/27>
Babel <v3.8m> and hyphenation patterns for loaded.
(E:\Projects\master\master-paper\recon\Section/Setup.tex
(C:\CTEX\MiKTeX\tex\latex\float\float.sty
Package: float 2001/11/08 v1.3d Float enhancements (AL)
\c@float@type=\count79
\float@exts=\toks14
\float@box=\box26
\@float@everytoks=\toks15
\@floatcapt=\box27
)
(C:\CTEX\UserData\tex\latex\beamer\base\beamer.cls
(C:\CTEX\UserData\tex\latex\beamer\base\beamerbasercs.sty
Package: beamerbasercs 2012/06/01 (rcs-revision 352157baec3a)
)
Document Class: beamer 2011/09/12 development version 3.20 A class for typesett
ing presentations (rcs-revision 70f9d8411e54)
(C:\CTEX\UserData\tex\latex\beamer\base\beamerbasemodes.sty
Package: beamerbasemodes 2012/04/15 (rcs-revision cc6557182d97)
\beamer@tempbox=\box28
\beamer@tempcount=\count80
\c@beamerpauses=\count81

(C:\CTEX\UserData\tex\latex\beamer\base\beamerbasedecode.sty
Package: beamerbasedecode 2010/05/01 (rcs-revision efa082c6111d)
\beamer@slideinframe=\count82
\beamer@minimum=\count83
)
\beamer@commentbox=\box29
\beamer@modecount=\count84
)
(C:\CTEX\MiKTeX\tex\generic\oberdiek\ifpdf.sty
Package: ifpdf 2011/01/30 v2.3 Provides the ifpdf switch (HO)
Package ifpdf Info: pdfTeX in PDF mode is detected.
)
\headheight=\dimen102
\headdp=\dimen103
\footheight=\dimen104
\sidebarheight=\dimen105
\beamer@tempdim=\dimen106
\beamer@finalheight=\dimen107
\beamer@animht=\dimen108
\beamer@animdp=\dimen109
\beamer@animwd=\dimen110
\beamer@leftmargin=\dimen111
\beamer@rightmargin=\dimen112
\beamer@leftsidebar=\dimen113
\beamer@rightsidebar=\dimen114
\beamer@boxsize=\dimen115
\beamer@vboxoffset=\dimen116
\beamer@descdefault=\dimen117
\beamer@descriptionwidth=\dimen118
\beamer@lastskip=\skip41
\beamer@areabox=\box30
\beamer@animcurrent=\box31
\beamer@animshowbox=\box32
\beamer@sectionbox=\box33
\beamer@logobox=\box34
\beamer@linebox=\box35
\beamer@sectioncount=\count85
\beamer@subsubsectionmax=\count86
\beamer@subsectionmax=\count87
\beamer@sectionmax=\count88
\beamer@totalheads=\count89
\beamer@headcounter=\count90
\beamer@partstartpage=\count91
\beamer@sectionstartpage=\count92
\beamer@subsectionstartpage=\count93
\beamer@animationtempa=\count94
\beamer@animationtempb=\count95
\beamer@xpos=\count96
\beamer@ypos=\count97
\beamer@showpartnumber=\count98
\beamer@currentsubsection=\count99
\beamer@coveringdepth=\count100
\beamer@sectionadjust=\count101
\beamer@tocsectionnumber=\count102

(C:\CTEX\UserData\tex\latex\beamer\base\beamerbaseoptions.sty
Package: beamerbaseoptions 2010/04/27 (rcs-revision 982469101dd6)

(C:\CTEX\MiKTeX\tex\latex\graphics\keyval.sty
Package: keyval 1999/03/16 v1.13 key=value parser (DPC)
\KV@toks@=\toks16
))
\beamer@paperwidth=\skip42
\beamer@paperheight=\skip43

(C:\CTEX\MiKTeX\tex\latex\geometry\geometry.sty
Package: geometry 2010/09/12 v5.6 Page Geometry

(C:\CTEX\MiKTeX\tex\generic\oberdiek\ifvtex.sty
Package: ifvtex 2010/03/01 v1.5 Switches for detecting VTeX and its modes (HO)
Package ifvtex Info: VTeX not detected.
)
(C:\CTEX\MiKTeX\tex\generic\ifxetex\ifxetex.sty
Package: ifxetex 2010/09/12 v0.6 Provides ifxetex conditional
)
\Gm@cnth=\count103
\Gm@cntv=\count104
\c@Gm@tempcnt=\count105
\Gm@bindingoffset=\dimen119
\Gm@wd@mp=\dimen120
\Gm@odd@mp=\dimen121
\Gm@even@mp=\dimen122
\Gm@layoutwidth=\dimen123
\Gm@layoutheight=\dimen124
\Gm@layouthoffset=\dimen125
\Gm@layoutvoffset=\dimen126
\Gm@dimlist=\toks17

(C:\CTEX\MiKTeX\tex\latex\geometry\geometry.cfg))
(C:\CTEX\MiKTeX\tex\latex\base\size11.clo
File: size11.clo 2007/10/19 v1.4h Standard LaTeX file (size option)
)
(C:\CTEX\UserData\tex\latex\pgf\basiclayer\pgfcore.sty
(C:\CTEX\MiKTeX\tex\latex\graphics\graphicx.sty
Package: graphicx 1999/02/16 v1.0f Enhanced LaTeX Graphics (DPC,SPQR)

(C:\CTEX\MiKTeX\tex\latex\graphics\graphics.sty
Package: graphics 2009/02/05 v1.0o Standard LaTeX Graphics (DPC,SPQR)

(C:\CTEX\MiKTeX\tex\latex\graphics\trig.sty
Package: trig 1999/03/16 v1.09 sin cos tan (DPC)
)
(C:\CTEX\MiKTeX\tex\latex\00miktex\graphics.cfg
File: graphics.cfg 2007/01/18 v1.5 graphics configuration of teTeX/TeXLive
)
Package graphics Info: Driver file: pdftex.def on input line 91.

(C:\CTEX\MiKTeX\tex\latex\pdftex-def\pdftex.def
File: pdftex.def 2011/05/27 v0.06d Graphics/color for pdfTeX

(C:\CTEX\MiKTeX\tex\generic\oberdiek\infwarerr.sty
Package: infwarerr 2010/04/08 v1.3 Providing info/warning/message (HO)
)
(C:\CTEX\MiKTeX\tex\generic\oberdiek\ltxcmds.sty
Package: ltxcmds 2011/04/18 v1.20 LaTeX kernel commands for general use (HO)
)
\Gread@gobject=\count106
))
\Gin@req@height=\dimen127
\Gin@req@width=\dimen128
)
(C:\CTEX\UserData\tex\latex\pgf\systemlayer\pgfsys.sty
(C:\CTEX\UserData\tex\latex\pgf\utilities\pgfrcs.sty
(C:\CTEX\UserData\tex\generic\pgf\utilities\pgfutil-common.tex
\pgfutil@everybye=\toks18
)
(C:\CTEX\UserData\tex\generic\pgf\utilities\pgfutil-latex.def
\pgfutil@abb=\box36

(C:\CTEX\UserData\tex\latex\ms\everyshi.sty
Package: everyshi 2001/05/15 v3.00 EveryShipout Package (MS)
))
(C:\CTEX\UserData\tex\generic\pgf\utilities\pgfrcs.code.tex
Package: pgfrcs 2010/10/25 v2.10 (rcs-revision 1.24)
))
(C:\CTEX\UserData\tex\generic\pgf\systemlayer\pgfsys.code.tex
Package: pgfsys 2010/06/30 v2.10 (rcs-revision 1.37)

(C:\CTEX\UserData\tex\generic\pgf\utilities\pgfkeys.code.tex
\pgfkeys@pathtoks=\toks19
\pgfkeys@temptoks=\toks20

(C:\CTEX\UserData\tex\generic\pgf\utilities\pgfkeysfiltered.code.tex
\pgfkeys@tmptoks=\toks21
))
\pgf@x=\dimen129
\pgf@y=\dimen130
\pgf@xa=\dimen131
\pgf@ya=\dimen132
\pgf@xb=\dimen133
\pgf@yb=\dimen134
\pgf@xc=\dimen135
\pgf@yc=\dimen136
\w@pgf@writea=\write3
\r@pgf@reada=\read1
\c@pgf@counta=\count107
\c@pgf@countb=\count108
\c@pgf@countc=\count109
\c@pgf@countd=\count110

(C:\CTEX\UserData\tex\generic\pgf\systemlayer\pgf.cfg
File: pgf.cfg 2008/05/14  (rcs-revision 1.7)
)
Package pgfsys Info: Driver file for pgf: pgfsys-pdftex.def on input line 900.

(C:\CTEX\UserData\tex\generic\pgf\systemlayer\pgfsys-pdftex.def
File: pgfsys-pdftex.def 2009/05/22  (rcs-revision 1.26)

(C:\CTEX\UserData\tex\generic\pgf\systemlayer\pgfsys-common-pdf.def
File: pgfsys-common-pdf.def 2008/05/19  (rcs-revision 1.10)
)))
(C:\CTEX\UserData\tex\generic\pgf\systemlayer\pgfsyssoftpath.code.tex
File: pgfsyssoftpath.code.tex 2008/07/18  (rcs-revision 1.7)
\pgfsyssoftpath@smallbuffer@items=\count111
\pgfsyssoftpath@bigbuffer@items=\count112
)
(C:\CTEX\UserData\tex\generic\pgf\systemlayer\pgfsysprotocol.code.tex
File: pgfsysprotocol.code.tex 2006/10/16  (rcs-revision 1.4)
))
(C:\CTEX\UserData\tex\latex\xcolor\xcolor.sty
Package: xcolor 2007/01/21 v2.11 LaTeX color extensions (UK)

(C:\CTEX\MiKTeX\tex\latex\00miktex\color.cfg
File: color.cfg 2007/01/18 v1.5 color configuration of teTeX/TeXLive
)
Package xcolor Info: Driver file: pdftex.def on input line 225.
Package xcolor Info: Model `cmy' substituted by `cmy0' on input line 1337.
Package xcolor Info: Model `hsb' substituted by `rgb' on input line 1341.
Package xcolor Info: Model `RGB' extended on input line 1353.
Package xcolor Info: Model `HTML' substituted by `rgb' on input line 1355.
Package xcolor Info: Model `Hsb' substituted by `hsb' on input line 1356.
Package xcolor Info: Model `tHsb' substituted by `hsb' on input line 1357.
Package xcolor Info: Model `HSB' substituted by `hsb' on input line 1358.
Package xcolor Info: Model `Gray' substituted by `gray' on input line 1359.
Package xcolor Info: Model `wave' substituted by `hsb' on input line 1360.
)
(C:\CTEX\UserData\tex\generic\pgf\basiclayer\pgfcore.code.tex
Package: pgfcore 2010/04/11 v2.10 (rcs-revision 1.7)

(C:\CTEX\UserData\tex\generic\pgf\math\pgfmath.code.tex
(C:\CTEX\UserData\tex\generic\pgf\math\pgfmathcalc.code.tex
(C:\CTEX\UserData\tex\generic\pgf\math\pgfmathutil.code.tex)
(C:\CTEX\UserData\tex\generic\pgf\math\pgfmathparser.code.tex
\pgfmath@dimen=\dimen137
\pgfmath@count=\count113
\pgfmath@box=\box37
\pgfmath@toks=\toks22
\pgfmath@stack@operand=\toks23
\pgfmath@stack@operation=\toks24
)
(C:\CTEX\UserData\tex\generic\pgf\math\pgfmathfunctions.code.tex
(C:\CTEX\UserData\tex\generic\pgf\math\pgfmathfunctions.basic.code.tex)
(C:\CTEX\UserData\tex\generic\pgf\math\pgfmathfunctions.trigonometric.code.tex)
(C:\CTEX\UserData\tex\generic\pgf\math\pgfmathfunctions.random.code.tex)
(C:\CTEX\UserData\tex\generic\pgf\math\pgfmathfunctions.comparison.code.tex)
(C:\CTEX\UserData\tex\generic\pgf\math\pgfmathfunctions.base.code.tex)
(C:\CTEX\UserData\tex\generic\pgf\math\pgfmathfunctions.round.code.tex)
(C:\CTEX\UserData\tex\generic\pgf\math\pgfmathfunctions.misc.code.tex)))
(C:\CTEX\UserData\tex\generic\pgf\math\pgfmathfloat.code.tex
\c@pgfmathroundto@lastzeros=\count114
))
(C:\CTEX\UserData\tex\generic\pgf\basiclayer\pgfcorepoints.code.tex
File: pgfcorepoints.code.tex 2010/04/09  (rcs-revision 1.20)
\pgf@picminx=\dimen138
\pgf@picmaxx=\dimen139
\pgf@picminy=\dimen140
\pgf@picmaxy=\dimen141
\pgf@pathminx=\dimen142
\pgf@pathmaxx=\dimen143
\pgf@pathminy=\dimen144
\pgf@pathmaxy=\dimen145
\pgf@xx=\dimen146
\pgf@xy=\dimen147
\pgf@yx=\dimen148
\pgf@yy=\dimen149
\pgf@zx=\dimen150
\pgf@zy=\dimen151
)
(C:\CTEX\UserData\tex\generic\pgf\basiclayer\pgfcorepathconstruct.code.tex
File: pgfcorepathconstruct.code.tex 2010/08/03  (rcs-revision 1.24)
\pgf@path@lastx=\dimen152
\pgf@path@lasty=\dimen153
)
(C:\CTEX\UserData\tex\generic\pgf\basiclayer\pgfcorepathusage.code.tex
File: pgfcorepathusage.code.tex 2008/04/22  (rcs-revision 1.12)
\pgf@shorten@end@additional=\dimen154
\pgf@shorten@start@additional=\dimen155
)
(C:\CTEX\UserData\tex\generic\pgf\basiclayer\pgfcorescopes.code.tex
File: pgfcorescopes.code.tex 2010/09/08  (rcs-revision 1.34)
\pgfpic=\box38
\pgf@hbox=\box39
\pgf@layerbox@main=\box40
\pgf@picture@serial@count=\count115
)
(C:\CTEX\UserData\tex\generic\pgf\basiclayer\pgfcoregraphicstate.code.tex
File: pgfcoregraphicstate.code.tex 2008/04/22  (rcs-revision 1.9)
\pgflinewidth=\dimen156
)
(C:\CTEX\UserData\tex\generic\pgf\basiclayer\pgfcoretransformations.code.tex
File: pgfcoretransformations.code.tex 2009/06/10  (rcs-revision 1.11)
\pgf@pt@x=\dimen157
\pgf@pt@y=\dimen158
\pgf@pt@temp=\dimen159
)
(C:\CTEX\UserData\tex\generic\pgf\basiclayer\pgfcorequick.code.tex
File: pgfcorequick.code.tex 2008/10/09  (rcs-revision 1.3)
)
(C:\CTEX\UserData\tex\generic\pgf\basiclayer\pgfcoreobjects.code.tex
File: pgfcoreobjects.code.tex 2006/10/11  (rcs-revision 1.2)
)
(C:\CTEX\UserData\tex\generic\pgf\basiclayer\pgfcorepathprocessing.code.tex
File: pgfcorepathprocessing.code.tex 2008/10/09  (rcs-revision 1.8)
)
(C:\CTEX\UserData\tex\generic\pgf\basiclayer\pgfcorearrows.code.tex
File: pgfcorearrows.code.tex 2008/04/23  (rcs-revision 1.11)
)
(C:\CTEX\UserData\tex\generic\pgf\basiclayer\pgfcoreshade.code.tex
File: pgfcoreshade.code.tex 2008/11/23  (rcs-revision 1.13)
\pgf@max=\dimen160
\pgf@sys@shading@range@num=\count116
)
(C:\CTEX\UserData\tex\generic\pgf\basiclayer\pgfcoreimage.code.tex
File: pgfcoreimage.code.tex 2010/03/25  (rcs-revision 1.16)

(C:\CTEX\UserData\tex\generic\pgf\basiclayer\pgfcoreexternal.code.tex
File: pgfcoreexternal.code.tex 2010/09/01  (rcs-revision 1.17)
\pgfexternal@startupbox=\box41
))
(C:\CTEX\UserData\tex\generic\pgf\basiclayer\pgfcorelayers.code.tex
File: pgfcorelayers.code.tex 2010/08/27  (rcs-revision 1.2)
)
(C:\CTEX\UserData\tex\generic\pgf\basiclayer\pgfcoretransparency.code.tex
File: pgfcoretransparency.code.tex 2008/01/17  (rcs-revision 1.2)
)
(C:\CTEX\UserData\tex\generic\pgf\basiclayer\pgfcorepatterns.code.tex
File: pgfcorepatterns.code.tex 2009/07/02  (rcs-revision 1.3)
)))
(C:\CTEX\UserData\tex\latex\pgf\utilities\xxcolor.sty
Package: xxcolor 2003/10/24 ver 0.1
\XC@nummixins=\count117
\XC@countmixins=\count118
)
(C:\CTEX\MiKTeX\tex\latex\hyperref\hyperref.sty
Package: hyperref 2012/02/06 v6.82o Hypertext links for LaTeX

(C:\CTEX\MiKTeX\tex\generic\oberdiek\hobsub-hyperref.sty
Package: hobsub-hyperref 2011/04/23 v1.4 Bundle oberdiek, subset hyperref (HO)

(C:\CTEX\MiKTeX\tex\generic\oberdiek\hobsub-generic.sty
Package: hobsub-generic 2011/04/23 v1.4 Bundle oberdiek, subset generic (HO)
Package: hobsub 2011/04/23 v1.4 Subsetting bundle oberdiek (HO)
Package hobsub Info: Skipping package `infwarerr' (already loaded).
Package hobsub Info: Skipping package `ltxcmds' (already loaded).
Package: ifluatex 2010/03/01 v1.3 Provides the ifluatex switch (HO)
Package ifluatex Info: LuaTeX not detected.
Package hobsub Info: Skipping package `ifvtex' (already loaded).
Package: intcalc 2007/09/27 v1.1 Expandable integer calculations (HO)
Package hobsub Info: Skipping package `ifpdf' (already loaded).
Package: etexcmds 2011/02/16 v1.5 Prefix for e-TeX command names (HO)
Package etexcmds Info: Could not find \expanded.
(etexcmds)             That can mean that you are not using pdfTeX 1.50 or
(etexcmds)             that some package has redefined \expanded.
(etexcmds)             In the latter case, load this package earlier.
Package: kvsetkeys 2011/04/07 v1.13 Key value parser (HO)
Package: kvdefinekeys 2011/04/07 v1.3 Defining keys (HO)
Package: pdftexcmds 2011/04/22 v0.16 Utilities of pdfTeX for LuaTeX (HO)
Package pdftexcmds Info: LuaTeX not detected.
Package pdftexcmds Info: \pdf@primitive is available.
Package pdftexcmds Info: \pdf@ifprimitive is available.
Package pdftexcmds Info: \pdfdraftmode found.
Package: pdfescape 2011/04/04 v1.12 Provides string conversions (HO)
Package: bigintcalc 2011/01/30 v1.2 Expandable big integer calculations (HO)
Package: bitset 2011/01/30 v1.1 Data type bit set (HO)
Package: uniquecounter 2011/01/30 v1.2 Provides unlimited unique counter (HO)
)
Package hobsub Info: Skipping package `hobsub' (already loaded).
Package: letltxmacro 2010/09/02 v1.4 Let assignment for LaTeX macros (HO)
Package: hopatch 2011/01/30 v1.0 Wrapper for package hooks (HO)
Package: xcolor-patch 2011/01/30 xcolor patch
Package: atveryend 2011/04/23 v1.7 Hooks at very end of document (HO)
Package: atbegshi 2011/01/30 v1.15 At begin shipout hook (HO)
Package: refcount 2010/12/01 v3.2 Data extraction from references (HO)
Package: hycolor 2011/01/30 v1.7 Color options of hyperref/bookmark (HO)
)
(C:\CTEX\MiKTeX\tex\latex\oberdiek\kvoptions.sty
Package: kvoptions 2010/12/23 v3.10 Keyval support for LaTeX options (HO)
)
\@linkdim=\dimen161
\Hy@linkcounter=\count119
\Hy@pagecounter=\count120

(C:\CTEX\MiKTeX\tex\latex\hyperref\pd1enc.def
File: pd1enc.def 2012/02/06 v6.82o Hyperref: PDFDocEncoding definition (HO)
)
\Hy@SavedSpaceFactor=\count121

(C:\CTEX\MiKTeX\tex\latex\00miktex\hyperref.cfg
File: hyperref.cfg 2002/06/06 v1.2 hyperref configuration of TeXLive
)
Package hyperref Info: Option `bookmarks' set `true' on input line 3925.
Package hyperref Info: Option `bookmarksopen' set `true' on input line 3925.
Package hyperref Info: Option `implicit' set `false' on input line 3925.
Package hyperref Info: Hyper figures OFF on input line 4046.
Package hyperref Info: Link nesting OFF on input line 4051.
Package hyperref Info: Hyper index ON on input line 4054.
Package hyperref Info: Plain pages OFF on input line 4061.
Package hyperref Info: Backreferencing OFF on input line 4066.
Package hyperref Info: Implicit mode OFF; no redefinition of LaTeX internals.
Package hyperref Info: Bookmarks ON on input line 4284.
\c@Hy@tempcnt=\count122

(C:\CTEX\MiKTeX\tex\latex\ltxmisc\url.sty
\Urlmuskip=\muskip10
Package: url 2006/04/12  ver 3.3  Verb mode for urls, etc.
)
LaTeX Info: Redefining \url on input line 4637.
\Fld@menulength=\count123
\Field@Width=\dimen162
\Fld@charsize=\dimen163
Package hyperref Info: Hyper figures OFF on input line 5757.
Package hyperref Info: Link nesting OFF on input line 5762.
Package hyperref Info: Hyper index ON on input line 5765.
Package hyperref Info: backreferencing OFF on input line 5772.
Package hyperref Info: Link coloring OFF on input line 5777.
Package hyperref Info: Link coloring with OCG OFF on input line 5782.
Package hyperref Info: PDF/A mode OFF on input line 5787.
LaTeX Info: Redefining \ref on input line 5827.
LaTeX Info: Redefining \pageref on input line 5831.
\Hy@abspage=\count124


Package hyperref Message: Stopped early.

)

Package hyperref Message: Driver (autodetected): hpdftex.

(C:\CTEX\MiKTeX\tex\latex\hyperref\hpdftex.def
File: hpdftex.def 2012/02/06 v6.82o Hyperref driver for pdfTeX
\Fld@listcount=\count125
\c@bookmark@seq@number=\count126

(C:\CTEX\MiKTeX\tex\latex\oberdiek\rerunfilecheck.sty
Package: rerunfilecheck 2011/04/15 v1.7 Rerun checks for auxiliary files (HO)
Package uniquecounter Info: New unique counter `rerunfilecheck' on input line 2
82.
))
Package hyperref Info: Option `CJKbookmarks' set `true' on input line 365.

(C:\CTEX\UserData\tex\latex\beamer\base\beamerbaserequires.sty
Package: beamerbaserequires 2010/05/01  (rcs-revision efa082c6111d)

(C:\CTEX\UserData\tex\latex\beamer\base\beamerbasecompatibility.sty
Package: beamerbasecompatibility 2012/05/01  (rcs-revision 67c48b3b652d)
)
(C:\CTEX\UserData\tex\latex\beamer\base\beamerbasefont.sty
Package: beamerbasefont 2012/05/10  (rcs-revision a0b4f9f91ee9)

(C:\CTEX\MiKTeX\tex\latex\amsfonts\amssymb.sty
Package: amssymb 2009/06/22 v3.00

(C:\CTEX\MiKTeX\tex\latex\amsfonts\amsfonts.sty
Package: amsfonts 2009/06/22 v3.00 Basic AMSFonts support
\@emptytoks=\toks25
\symAMSa=\mathgroup4
\symAMSb=\mathgroup5
LaTeX Font Info:    Overwriting math alphabet `\mathfrak' in version `bold'
(Font)                  U/euf/m/n --> U/euf/b/n on input line 96.
))
(C:\CTEX\UserData\tex\latex\sansmathaccent\sansmathaccent.sty
Package: sansmathaccent 2013/03/28

(C:\CTEX\UserData\tex\latex\filehook\filehook.sty
Package: filehook 2011/10/12 v0.5d Hooks for input files
)))
(C:\CTEX\UserData\tex\latex\beamer\base\beamerbasetranslator.sty
Package: beamerbasetranslator 2010/06/11  (rcs-revision 85fd1cc7fc42)

(C:\CTEX\UserData\tex\latex\beamer\base\translator\translator.sty
Package: translator 2010/06/12 ver 1.10

(C:\CTEX\UserData\tex\latex\beamer\base\translator\translator-language-mappings
.tex))) (C:\CTEX\UserData\tex\latex\beamer\base\beamerbasemisc.sty
Package: beamerbasemisc 2012/02/24  (rcs-revision 2ff5461be705)
)
(C:\CTEX\UserData\tex\latex\beamer\base\beamerbasetwoscreens.sty
Package: beamerbasetwoscreens 2010/05/01  (rcs-revision efa082c6111d)
)
(C:\CTEX\UserData\tex\latex\beamer\base\beamerbaseoverlay.sty
Package: beamerbaseoverlay 2012/04/03  (rcs-revision 45744d9ae88b)
\beamer@argscount=\count127
\beamer@lastskipcover=\skip44
\beamer@trivlistdepth=\count128
)
(C:\CTEX\UserData\tex\latex\beamer\base\beamerbasetitle.sty
Package: beamerbasetitle 2010/09/21  (rcs-revision f0446ed0b6ae)
)
(C:\CTEX\UserData\tex\latex\beamer\base\beamerbasesection.sty
Package: beamerbasesection 2012/05/30  (rcs-revision 22ff49def670)
\c@lecture=\count129
\c@part=\count130
\c@section=\count131
\c@subsection=\count132
\c@subsubsection=\count133
)
(C:\CTEX\UserData\tex\latex\beamer\base\beamerbaseframe.sty
Package: beamerbaseframe 2012/05/31  (rcs-revision 5fc3b3dbfeba)
\beamer@framebox=\box42
\beamer@frametitlebox=\box43
\beamer@zoombox=\box44
\beamer@zoomcount=\count134
\beamer@zoomframecount=\count135
\beamer@frametextheight=\dimen164
\c@subsectionslide=\count136
\beamer@frametopskip=\skip45
\beamer@framebottomskip=\skip46
\beamer@frametopskipautobreak=\skip47
\beamer@framebottomskipautobreak=\skip48
\beamer@envbody=\toks26
\c@framenumber=\count137
)
(C:\CTEX\UserData\tex\latex\beamer\base\beamerbaseverbatim.sty
Package: beamerbaseverbatim 2011/09/12  (rcs-revision 70f9d8411e54)
\beamer@verbatimfileout=\write4
)
(C:\CTEX\UserData\tex\latex\beamer\base\beamerbaseframesize.sty
Package: beamerbaseframesize 2011/09/12  (rcs-revision 70f9d8411e54)
\beamer@splitbox=\box45
\beamer@autobreakcount=\count138
\beamer@autobreaklastheight=\dimen165
\beamer@frametitletoks=\toks27
\beamer@framesubtitletoks=\toks28
)
(C:\CTEX\UserData\tex\latex\beamer\base\beamerbaseframecomponents.sty
Package: beamerbaseframecomponents 2012/03/07  (rcs-revision 9f094699ce15)
\beamer@footins=\box46
)
(C:\CTEX\UserData\tex\latex\beamer\base\beamerbasecolor.sty
Package: beamerbasecolor 2010/06/06  (rcs-revision d1a9b48be06d)
)
(C:\CTEX\UserData\tex\latex\beamer\base\beamerbasenotes.sty
Package: beamerbasenotes 2010/05/01  (rcs-revision efa082c6111d)
\beamer@frameboxcopy=\box47
)
(C:\CTEX\UserData\tex\latex\beamer\base\beamerbasetoc.sty
Package: beamerbasetoc 2012/02/28  (rcs-revision 138681b92320)
)
(C:\CTEX\UserData\tex\latex\beamer\base\beamerbasetemplates.sty
Package: beamerbasetemplates 2010/05/01  (rcs-revision efa082c6111d)
\beamer@sbttoks=\toks29

(C:\CTEX\UserData\tex\latex\beamer\base\beamerbaseauxtemplates.sty
Package: beamerbaseauxtemplates 2012/05/01  (rcs-revision 67c48b3b652d)

(C:\CTEX\UserData\tex\latex\beamer\base\beamerbaseboxes.sty
Package: beamerbaseboxes 2012/05/13  (rcs-revision 56972908a390)
\bmb@box=\box48
\bmb@colorbox=\box49
\bmb@boxshadow=\box50
\bmb@boxshadowball=\box51
\bmb@boxshadowballlarge=\box52
\bmb@temp=\dimen166
\bmb@dima=\dimen167
\bmb@dimb=\dimen168
\bmb@prevheight=\dimen169
)
\beamer@blockheadheight=\dimen170
))
(C:\CTEX\UserData\tex\latex\beamer\base\beamerbaselocalstructure.sty
Package: beamerbaselocalstructure 2012/05/25  (rcs-revision 5ff5e8ed7c0e)

(C:\CTEX\MiKTeX\tex\latex\tools\enumerate.sty
Package: enumerate 1999/03/05 v3.00 enumerate extensions (DPC)
\@enLab=\toks30
)
\c@figure=\count139
\c@table=\count140
\abovecaptionskip=\skip49
\belowcaptionskip=\skip50
)
(C:\CTEX\UserData\tex\latex\beamer\base\beamerbasenavigation.sty
Package: beamerbasenavigation 2012/04/03  (rcs-revision 42a0f21a412d)
\beamer@section@min@dim=\dimen171
)
(C:\CTEX\UserData\tex\latex\beamer\base\beamerbasetheorems.sty
Package: beamerbasetheorems 2010/06/06  (rcs-revision 7e7cc5e53e9d)

(C:\CTEX\MiKTeX\tex\latex\ams\math\amsmath.sty
Package: amsmath 2000/07/18 v2.13 AMS math features
\@mathmargin=\skip51

For additional information on amsmath, use the `?' option.
(C:\CTEX\MiKTeX\tex\latex\ams\math\amstext.sty
Package: amstext 2000/06/29 v2.01

(C:\CTEX\MiKTeX\tex\latex\ams\math\amsgen.sty
File: amsgen.sty 1999/11/30 v2.0
\@emptytoks=\toks31
\ex@=\dimen172
))
(C:\CTEX\MiKTeX\tex\latex\ams\math\amsbsy.sty
Package: amsbsy 1999/11/29 v1.2d
\pmbraise@=\dimen173
)
(C:\CTEX\MiKTeX\tex\latex\ams\math\amsopn.sty
Package: amsopn 1999/12/14 v2.01 operator names
)
\inf@bad=\count141
LaTeX Info: Redefining \frac on input line 211.
\uproot@=\count142
\leftroot@=\count143
LaTeX Info: Redefining \overline on input line 307.
\classnum@=\count144
\DOTSCASE@=\count145
LaTeX Info: Redefining \ldots on input line 379.
LaTeX Info: Redefining \dots on input line 382.
LaTeX Info: Redefining \cdots on input line 467.
\Mathstrutbox@=\box53
\strutbox@=\box54
\big@size=\dimen174
LaTeX Font Info:    Redeclaring font encoding OML on input line 567.
LaTeX Font Info:    Redeclaring font encoding OMS on input line 568.
\macc@depth=\count146
\c@MaxMatrixCols=\count147
\dotsspace@=\muskip11
\c@parentequation=\count148
\dspbrk@lvl=\count149
\tag@help=\toks32
\row@=\count150
\column@=\count151
\maxfields@=\count152
\andhelp@=\toks33
\eqnshift@=\dimen175
\alignsep@=\dimen176
\tagshift@=\dimen177
\tagwidth@=\dimen178
\totwidth@=\dimen179
\lineht@=\dimen180
\@envbody=\toks34
\multlinegap=\skip52
\multlinetaggap=\skip53
\mathdisplay@stack=\toks35
LaTeX Info: Redefining \[ on input line 2666.
LaTeX Info: Redefining \] on input line 2667.
)
(C:\CTEX\MiKTeX\tex\latex\ams\classes\amsthm.sty
Package: amsthm 2004/08/06 v2.20
\thm@style=\toks36
\thm@bodyfont=\toks37
\thm@headfont=\toks38
\thm@notefont=\toks39
\thm@headpunct=\toks40
\thm@preskip=\skip54
\thm@postskip=\skip55
\thm@headsep=\skip56
\dth@everypar=\toks41
)
\c@theorem=\count153
)
(C:\CTEX\UserData\tex\latex\beamer\base\beamerbasethemes.sty
Package: beamerbasethemes 2010/05/01  (rcs-revision efa082c6111d)
))
(C:\CTEX\UserData\tex\latex\beamer\base\themes\theme\beamerthemedefault.sty
Package: beamerthemedefault 2010/06/17  (rcs-revision d02a7cf4d8ae)

(C:\CTEX\UserData\tex\latex\beamer\base\themes\font\beamerfontthemedefault.sty
Package: beamerfontthemedefault 2010/06/17  (rcs-revision d02a7cf4d8ae)
)
(C:\CTEX\UserData\tex\latex\beamer\base\themes\color\beamercolorthemedefault.st
y
Package: beamercolorthemedefault 2010/06/17  (rcs-revision d02a7cf4d8ae)
)
(C:\CTEX\UserData\tex\latex\beamer\base\themes\inner\beamerinnerthemedefault.st
y
Package: beamerinnerthemedefault 2012/05/01  (rcs-revision 67c48b3b652d)
\beamer@dima=\dimen181
\beamer@dimb=\dimen182
)
(C:\CTEX\UserData\tex\latex\beamer\base\themes\outer\beamerouterthemedefault.st
y
Package: beamerouterthemedefault 2010/06/17  (rcs-revision d02a7cf4d8ae)
))) (C:\CTEX\MiKTeX\tex\latex\cjk\CJK.sty
Package: CJK 2008/12/29 4.8.2

(C:\CTEX\MiKTeX\tex\latex\cjk\mule\MULEenc.sty
Package: MULEenc 2008/12/29 4.8.2
)
(C:\CTEX\MiKTeX\tex\latex\cjk\CJK.enc
File: CJK.enc 2008/12/29 4.8.2
)
LaTeX Info: Redefining \selectfont on input line 756.
\CJK@indent=\box55
)
(C:\CTEX\MiKTeX\tex\latex\base\latexsym.sty
Package: latexsym 1998/08/17 v2.2e Standard LaTeX package (lasy symbols)
\symlasy=\mathgroup6
LaTeX Font Info:    Overwriting symbol font `lasy' in version `bold'
(Font)                  U/lasy/m/n --> U/lasy/b/n on input line 47.
)
(C:\CTEX\MiKTeX\tex\latex\psnfss\times.sty
Package: times 2005/04/12 PSNFSS-v9.2a (SPQR) 
)
(C:\CTEX\UserData\tex\latex\cite\cite.sty
LaTeX Info: Redefining \cite on input line 302.
LaTeX Info: Redefining \nocite on input line 373.
Package: cite 2010/09/10  v 5.3
)
(C:\CTEX\UserData\tex\latex\comment\comment.sty
\CommentStream=\write5
 Excluding comment 'comment')
(C:\CTEX\UserData\tex\latex\subfigure\subfigure.sty
Package: subfigure 2002/07/30 v2.1.4 subfigure package
\subfigtopskip=\skip57
\subfigcapskip=\skip58
\subfigcaptopadj=\dimen183
\subfigbottomskip=\skip59
\subfigcapmargin=\dimen184
\subfiglabelskip=\skip60
\c@subfigure=\count154
\c@lofdepth=\count155
\c@subtable=\count156
\c@lotdepth=\count157

****************************************
* Local config file subfigure.cfg used *
****************************************
(C:\CTEX\UserData\tex\latex\subfigure\subfigure.cfg)
\subfig@top=\skip61
\subfig@bottom=\skip62
)
(C:\CTEX\UserData\tex\latex\setspace\setspace.sty
Package: setspace 2011/12/19 v6.7a set line spacing
)
(C:\CTEX\MiKTeX\tex\latex\oberdiek\epstopdf.sty
Package: epstopdf 2010/02/09 v2.5 Conversion with epstopdf on the fly (HO)

(C:\CTEX\MiKTeX\tex\latex\oberdiek\epstopdf-base.sty
Package: epstopdf-base 2010/02/09 v2.5 Base part for package epstopdf

(C:\CTEX\MiKTeX\tex\latex\oberdiek\grfext.sty
Package: grfext 2010/08/19 v1.1 Managing graphics extensions (HO)
)
Package grfext Info: Graphics extension search list:
(grfext)             [.png,.pdf,.jpg,.mps,.jpeg,.jbig2,.jb2,.PNG,.PDF,.JPG,.JPE
G,.JBIG2,.JB2,.eps]
(grfext)             \AppendGraphicsExtensions on input line 452.
))
(C:\CTEX\UserData\tex\latex\algorithm2e\algorithm2e.sty
Package: algorithm2e 2008/00/00 v3.10 algorithms environments
\c@AlgoLine=\count158

(C:\CTEX\MiKTeX\tex\latex\base\ifthen.sty
Package: ifthen 2001/05/26 v1.1c Standard LaTeX ifthen package (DPC)
)
(C:\CTEX\MiKTeX\tex\latex\tools\xspace.sty
Package: xspace 2009/10/20 v1.13 Space after command names (DPC,MH)
)
(C:\CTEX\MiKTeX\tex\latex\ltxmisc\relsize.sty
Package: relsize 2003/07/04 ver 3.1
)
********************************************************
Package `algorithm2e' Release 4.01 -- december 14 2009 --
- algorithm2e-announce@lirmm.fr mailing list for announcement about releases
- algorithm2e-discussion@lirmm.fr mailing list for discussion about package
subscribe by emailing sympa@lirmm.fr with 'subscribe <list> <firstname name>'
- Author: Christophe Fiorio (fiorio@lirmm.fr)
********************************************************
\skiptotal=\skip63
\skiplinenumber=\skip64
\skiprule=\skip65
\skiphlne=\skip66
\skiptext=\skip67
\skiplength=\skip68
\algomargin=\skip69
\skipalgocfslide=\skip70
\algowidth=\dimen185
\inoutsize=\dimen186
\inoutline=\dimen187
\interspacetitleruled=\dimen188
\interspacealgoruled=\dimen189
\interspacetitleboxruled=\dimen190
\algocf@inoutbox=\box56
\algocf@inputbox=\box57
\AlCapSkip=\skip71
\AlCapHSkip=\skip72
\algocf@nlbox=\box58
\algocf@hangingbox=\box59
\algocf@capbox=\box60
\algoheightruledefault=\skip73
\algoheightrule=\skip74
\algotitleheightruledefault=\skip75
\algotitleheightrule=\skip76
\c@algocfline=\count159
\c@algocfproc=\count160
\c@algocf=\count161
\algocf@algoframe=\box61
\algocf@algobox=\box62
) (C:\CTEX\UserData\tex\latex\pgf\frontendlayer\tikz.sty
(C:\CTEX\UserData\tex\latex\pgf\basiclayer\pgf.sty
Package: pgf 2008/01/15 v2.10 (rcs-revision 1.12)

(C:\CTEX\UserData\tex\generic\pgf\modules\pgfmoduleshapes.code.tex
File: pgfmoduleshapes.code.tex 2010/09/09  (rcs-revision 1.13)
\pgfnodeparttextbox=\box63
)
(C:\CTEX\UserData\tex\generic\pgf\modules\pgfmoduleplot.code.tex
File: pgfmoduleplot.code.tex 2010/10/22  (rcs-revision 1.8)
)
(C:\CTEX\UserData\tex\latex\pgf\compatibility\pgfcomp-version-0-65.sty
Package: pgfcomp-version-0-65 2007/07/03 v2.10 (rcs-revision 1.7)
\pgf@nodesepstart=\dimen191
\pgf@nodesepend=\dimen192
)
(C:\CTEX\UserData\tex\latex\pgf\compatibility\pgfcomp-version-1-18.sty
Package: pgfcomp-version-1-18 2007/07/23 v2.10 (rcs-revision 1.1)
))
(C:\CTEX\UserData\tex\latex\pgf\utilities\pgffor.sty
(C:\CTEX\UserData\tex\latex\pgf\utilities\pgfkeys.sty
(C:\CTEX\UserData\tex\generic\pgf\utilities\pgfkeys.code.tex))
(C:\CTEX\UserData\tex\generic\pgf\utilities\pgffor.code.tex
Package: pgffor 2010/03/23 v2.10 (rcs-revision 1.18)
\pgffor@iter=\dimen193
\pgffor@skip=\dimen194
\pgffor@stack=\toks42
\pgffor@toks=\toks43
))
(C:\CTEX\UserData\tex\generic\pgf\frontendlayer\tikz\tikz.code.tex
Package: tikz 2010/10/13 v2.10 (rcs-revision 1.76)

(C:\CTEX\UserData\tex\generic\pgf\libraries\pgflibraryplothandlers.code.tex
File: pgflibraryplothandlers.code.tex 2010/05/31 v2.10 (rcs-revision 1.15)
\pgf@plot@mark@count=\count162
\pgfplotmarksize=\dimen195
)
\tikz@lastx=\dimen196
\tikz@lasty=\dimen197
\tikz@lastxsaved=\dimen198
\tikz@lastysaved=\dimen199
\tikzleveldistance=\dimen200
\tikzsiblingdistance=\dimen201
\tikz@figbox=\box64
\tikz@tempbox=\box65
\tikztreelevel=\count163
\tikznumberofchildren=\count164
\tikznumberofcurrentchild=\count165
\tikz@fig@count=\count166

(C:\CTEX\UserData\tex\generic\pgf\modules\pgfmodulematrix.code.tex
File: pgfmodulematrix.code.tex 2010/08/24  (rcs-revision 1.4)
\pgfmatrixcurrentrow=\count167
\pgfmatrixcurrentcolumn=\count168
\pgf@matrix@numberofcolumns=\count169
)
\tikz@expandcount=\count170

(C:\CTEX\UserData\tex\generic\pgf\frontendlayer\tikz\libraries\tikzlibrarytopat
hs.code.tex
File: tikzlibrarytopaths.code.tex 2008/06/17 v2.10 (rcs-revision 1.2)
))) (C:\CTEX\MiKTeX\tex\latex\tools\indentfirst.sty
Package: indentfirst 1995/11/23 v1.03 Indent first paragraph (DPC)
)
(C:\CTEX\UserData\tex\latex\beamer\base\themes\theme\beamerthemeSzeged.sty
Package: beamerthemeSzeged 2010/06/17  (rcs-revision d02a7cf4d8ae)

(C:\CTEX\UserData\tex\latex\beamer\base\themes\outer\beamerouterthememiniframes
.sty
Package: beamerouterthememiniframes 2010/06/17  (rcs-revision d02a7cf4d8ae)
))
(C:\CTEX\UserData\tex\latex\beamer\base\themes\outer\beamerouterthemetree.sty
Package: beamerouterthemetree 2010/06/17  (rcs-revision d02a7cf4d8ae)
)
(C:\CTEX\UserData\tex\latex\beamer\base\themes\inner\beamerinnerthemecircles.st
y
Package: beamerinnerthemecircles 2010/06/17  (rcs-revision d02a7cf4d8ae)
)
(C:\CTEX\UserData\tex\latex\beamer\base\themes\font\beamerfontthemestructurebol
d.sty
Package: beamerfontthemestructurebold 2010/06/17  (rcs-revision d02a7cf4d8ae)
)
(C:\CTEX\UserData\tex\latex\beamer\base\themes\color\beamercolorthemewhale.sty
Package: beamercolorthemewhale 2010/06/17  (rcs-revision d02a7cf4d8ae)
)
(C:\CTEX\UserData\tex\latex\beamer\base\themes\font\beamerfontthemeprofessional
fonts.sty
Package: beamerfontthemeprofessionalfonts 2010/06/17  (rcs-revision d02a7cf4d8a
e)
)
(C:\CTEX\UserData\tex\latex\beamer\base\themes\font\beamerfontthemeserif.sty
Package: beamerfontthemeserif 2010/06/17  (rcs-revision d02a7cf4d8ae)
)
\c@prf=\count171

(C:\CTEX\UserData\tex\latex\textpos\textpos.sty
Package: textpos 2012/06/01 v1.7h

Package: textpos 2012/06/01 1.7h, absolute positioning of text on the page
\TP@textbox=\box66
\TP@holdbox=\box67
\TPHorizModule=\dimen202
\TPVertModule=\dimen203
\TP@margin=\dimen204
\TP@absmargin=\dimen205
Grid set 16 x 16 = 22.7622pt x 17.07166pt
\TPboxrulesize=\dimen206
\TP@ox=\dimen207
\TP@oy=\dimen208
\TP@tbargs=\toks44
\TP@prevdepth=\dimen209
TextBlockOrigin set to 0pt x 0pt
)
\c@dfn=\count172
) (E:\Projects\master\master-paper\recon\recon.aux)
LaTeX Font Info:    Checking defaults for OML/cmm/m/it on input line 3.
LaTeX Font Info:    ... okay on input line 3.
LaTeX Font Info:    Checking defaults for T1/cmr/m/n on input line 3.
LaTeX Font Info:    ... okay on input line 3.
LaTeX Font Info:    Checking defaults for OT1/cmr/m/n on input line 3.
LaTeX Font Info:    ... okay on input line 3.
LaTeX Font Info:    Checking defaults for OMS/cmsy/m/n on input line 3.
LaTeX Font Info:    ... okay on input line 3.
LaTeX Font Info:    Checking defaults for OMX/cmex/m/n on input line 3.
LaTeX Font Info:    ... okay on input line 3.
LaTeX Font Info:    Checking defaults for U/cmr/m/n on input line 3.
LaTeX Font Info:    ... okay on input line 3.
LaTeX Font Info:    Checking defaults for PD1/pdf/m/n on input line 3.
LaTeX Font Info:    ... okay on input line 3.
LaTeX Font Info:    Checking defaults for C00/song/m/n on input line 3.
LaTeX Font Info:    ... okay on input line 3.
LaTeX Font Info:    Checking defaults for C05/song/m/n on input line 3.
LaTeX Font Info:    ... okay on input line 3.
LaTeX Font Info:    Checking defaults for C09/song/m/n on input line 3.
LaTeX Font Info:    ... okay on input line 3.
LaTeX Font Info:    Checking defaults for C10/song/m/n on input line 3.
LaTeX Font Info:    ... okay on input line 3.
LaTeX Font Info:    Checking defaults for C20/song/m/n on input line 3.
LaTeX Font Info:    ... okay on input line 3.
LaTeX Font Info:    Checking defaults for C19/song/m/n on input line 3.
LaTeX Font Info:    ... okay on input line 3.
LaTeX Font Info:    Checking defaults for C40/song/m/n on input line 3.
LaTeX Font Info:    ... okay on input line 3.
LaTeX Font Info:    Checking defaults for C42/song/m/n on input line 3.
LaTeX Font Info:    ... okay on input line 3.
LaTeX Font Info:    Checking defaults for C43/song/m/n on input line 3.
LaTeX Font Info:    ... okay on input line 3.
LaTeX Font Info:    Checking defaults for C50/song/m/n on input line 3.
LaTeX Font Info:    ... okay on input line 3.
LaTeX Font Info:    Checking defaults for C52/song/m/n on input line 3.
LaTeX Font Info:    ... okay on input line 3.
LaTeX Font Info:    Checking defaults for C49/song/m/n on input line 3.
LaTeX Font Info:    ... okay on input line 3.
LaTeX Font Info:    Checking defaults for C60/mj/m/n on input line 3.
LaTeX Font Info:    ... okay on input line 3.
LaTeX Font Info:    Checking defaults for C61/mj/m/n on input line 3.
LaTeX Font Info:    ... okay on input line 3.
LaTeX Font Info:    Checking defaults for C63/mj/m/n on input line 3.
LaTeX Font Info:    ... okay on input line 3.
LaTeX Font Info:    Checking defaults for C64/mj/m/n on input line 3.
LaTeX Font Info:    ... okay on input line 3.
LaTeX Font Info:    Checking defaults for C65/mj/m/n on input line 3.
LaTeX Font Info:    ... okay on input line 3.
LaTeX Font Info:    Checking defaults for C70/song/m/n on input line 3.
LaTeX Font Info:    ... okay on input line 3.
LaTeX Font Info:    Checking defaults for C31/song/m/n on input line 3.
LaTeX Font Info:    ... okay on input line 3.
LaTeX Font Info:    Checking defaults for C32/song/m/n on input line 3.
LaTeX Font Info:    ... okay on input line 3.
LaTeX Font Info:    Checking defaults for C33/song/m/n on input line 3.
LaTeX Font Info:    ... okay on input line 3.
LaTeX Font Info:    Checking defaults for C34/song/m/n on input line 3.
LaTeX Font Info:    ... okay on input line 3.
LaTeX Font Info:    Checking defaults for C35/song/m/n on input line 3.
LaTeX Font Info:    ... okay on input line 3.
LaTeX Font Info:    Checking defaults for C36/song/m/n on input line 3.
LaTeX Font Info:    ... okay on input line 3.
LaTeX Font Info:    Checking defaults for C37/song/m/n on input line 3.
LaTeX Font Info:    ... okay on input line 3.
LaTeX Font Info:    Checking defaults for C80/song/m/n on input line 3.
LaTeX Font Info:    ... okay on input line 3.
LaTeX Font Info:    Checking defaults for C81/song/m/n on input line 3.
LaTeX Font Info:    ... okay on input line 3.
LaTeX Font Info:    Checking defaults for C01/song/m/n on input line 3.
LaTeX Font Info:    ... okay on input line 3.
LaTeX Font Info:    Checking defaults for C11/song/m/n on input line 3.
LaTeX Font Info:    ... okay on input line 3.
LaTeX Font Info:    Checking defaults for C21/song/m/n on input line 3.
LaTeX Font Info:    ... okay on input line 3.
LaTeX Font Info:    Checking defaults for C41/song/m/n on input line 3.
LaTeX Font Info:    ... okay on input line 3.
LaTeX Font Info:    Checking defaults for C62/song/m/n on input line 3.
LaTeX Font Info:    ... okay on input line 3.
LaTeX Font Info:    Try loading font information for OT1+phv on input line 3.

(C:\CTEX\MiKTeX\tex\latex\psnfss\ot1phv.fd
File: ot1phv.fd 2001/06/04 scalable font definitions for OT1/phv.
)
*geometry* driver: auto-detecting
*geometry* detected driver: pdftex
*geometry* verbose mode - [ preamble ] result:
* driver: pdftex
* paper: custom
* layout: <same size as paper>
* layoutoffset:(h,v)=(0.0pt,0.0pt)
* modes: includehead includefoot 
* h-part:(L,W,R)=(28.45274pt, 307.28987pt, 28.45274pt)
* v-part:(T,H,B)=(0.0pt, 273.14662pt, 0.0pt)
* \paperwidth=364.19536pt
* \paperheight=273.14662pt
* \textwidth=307.28987pt
* \textheight=244.6939pt
* \oddsidemargin=-43.81725pt
* \evensidemargin=-43.81725pt
* \topmargin=-72.26999pt
* \headheight=14.22636pt
* \headsep=0.0pt
* \topskip=11.0pt
* \footskip=14.22636pt
* \marginparwidth=4.0pt
* \marginparsep=10.0pt
* \columnsep=10.0pt
* \skip\footins=10.0pt plus 4.0pt minus 2.0pt
* \hoffset=0.0pt
* \voffset=0.0pt
* \mag=1000
* \@twocolumnfalse
* \@twosidefalse
* \@mparswitchfalse
* \@reversemarginfalse
* (1in=72.27pt=25.4mm, 1cm=28.453pt)

(C:\CTEX\MiKTeX\tex\context\base\supp-pdf.mkii
[Loading MPS to PDF converter (version 2006.09.02).]
\scratchcounter=\count173
\scratchdimen=\dimen210
\scratchbox=\box68
\nofMPsegments=\count174
\nofMParguments=\count175
\everyMPshowfont=\toks45
\MPscratchCnt=\count176
\MPscratchDim=\dimen211
\MPnumerator=\count177
\makeMPintoPDFobject=\count178
\everyMPtoPDFconversion=\toks46
) ABD: EveryShipout initializing macros
\AtBeginShipoutBox=\box69
Package hyperref Info: Link coloring OFF on input line 3.

(C:\CTEX\MiKTeX\tex\latex\hyperref\nameref.sty
Package: nameref 2010/04/30 v2.40 Cross-referencing by name of section

(C:\CTEX\MiKTeX\tex\generic\oberdiek\gettitlestring.sty
Package: gettitlestring 2010/12/03 v1.4 Cleanup title references (HO)
)
\c@section@level=\count179
)
LaTeX Info: Redefining \ref on input line 3.
LaTeX Info: Redefining \pageref on input line 3.
LaTeX Info: Redefining \nameref on input line 3.

(E:\Projects\master\master-paper\recon\recon.out)
(E:\Projects\master\master-paper\recon\recon.out)
\@outlinefile=\write6

(C:\CTEX\UserData\tex\latex\beamer\base\translator\dicts\translator-basic-dicti
onary\translator-basic-dictionary-English.dict
Dictionary: translator-basic-dictionary, Language: English 
)
(C:\CTEX\UserData\tex\latex\beamer\base\translator\dicts\translator-bibliograph
y-dictionary\translator-bibliography-dictionary-English.dict
Dictionary: translator-bibliography-dictionary, Language: English 
)
(C:\CTEX\UserData\tex\latex\beamer\base\translator\dicts\translator-environment
-dictionary\translator-environment-dictionary-English.dict
Dictionary: translator-environment-dictionary, Language: English 
)
(C:\CTEX\UserData\tex\latex\beamer\base\translator\dicts\translator-months-dict
ionary\translator-months-dictionary-English.dict
Dictionary: translator-months-dictionary, Language: English 
)
(C:\CTEX\UserData\tex\latex\beamer\base\translator\dicts\translator-numbers-dic
tionary\translator-numbers-dictionary-English.dict
Dictionary: translator-numbers-dictionary, Language: English 
)
(C:\CTEX\UserData\tex\latex\beamer\base\translator\dicts\translator-theorem-dic
tionary\translator-theorem-dictionary-English.dict
Dictionary: translator-theorem-dictionary, Language: English 
)
LaTeX Info: Redefining \includegraphics on input line 3.

(E:\Projects\master\master-paper\recon\recon.nav)
LaTeX Font Info:    Font shape `OT1/phv/bx/n' in size <6> not available
(Font)              Font shape `OT1/phv/b/n' tried instead on input line 3.

(C:\CTEX\MiKTeX\tex\latex\cjk\standard.bdg
File: standard.bdg 2008/12/29 4.8.2
)
(C:\CTEX\MiKTeX\tex\latex\cjk\extended.enc
File: extended.enc 2008/12/29 4.8.2
)
(C:\CTEX\MiKTeX\tex\latex\cjk\extended.chr
File: extended.chr 2008/12/29 4.8.2
)

Package hyperref Warning: Option `pdfauthor' has already been used,
(hyperref)                setting the option has no effect on input line 18.

Package epstopdf Info: Source file: <Figures/Logo.eps>
(epstopdf)                    date: 2013-05-05 05:05:44
(epstopdf)                    size: 9064 bytes
(epstopdf)             Output file: <Figures/Logo-eps-converted-to.pdf>
(epstopdf)                    date: 2013-05-05 05:05:44
(epstopdf)                    size: 21377 bytes
(epstopdf)             Command: <epstopdf --outfile=Figures/Logo-eps-converted-
to.pdf Figures/Logo.eps>
(epstopdf)             \includegraphics on input line 34.
Package epstopdf Info: Output file is already uptodate.
<Figures/Logo-eps-converted-to.pdf, id=66, 469.755pt x 593.21625pt>
File: Figures/Logo-eps-converted-to.pdf Graphic file (type pdf)

<use Figures/Logo-eps-converted-to.pdf>
Package pdftex.def Info: Figures/Logo-eps-converted-to.pdf used on input line 3
4.
(pdftex.def)             Requested size: 135.18611pt x 170.71652pt.

Overfull \hbox (95.35246pt too wide) in paragraph at lines 34--34
[][]  
 []

Package epstopdf Info: Source file: <Figures/Logo.eps>
(epstopdf)                    date: 2013-05-05 05:05:44
(epstopdf)                    size: 9064 bytes
(epstopdf)             Output file: <Figures/Logo-eps-converted-to.pdf>
(epstopdf)                    date: 2013-05-05 05:05:44
(epstopdf)                    size: 21377 bytes
(epstopdf)             Command: <epstopdf --outfile=Figures/Logo-eps-converted-
to.pdf Figures/Logo.eps>
(epstopdf)             \includegraphics on input line 34.
Package epstopdf Info: Output file is already uptodate.
File: Figures/Logo-eps-converted-to.pdf Graphic file (type pdf)
<use Figures/Logo-eps-converted-to.pdf>
Package pdftex.def Info: Figures/Logo-eps-converted-to.pdf used on input line 3
4.
(pdftex.def)             Requested size: 135.18611pt x 170.71652pt.

Overfull \hbox (95.35246pt too wide) in paragraph at lines 34--34
[][]  
 []

LaTeX Font Info:    Try loading font information for U+msa on input line 34.
(C:\CTEX\MiKTeX\tex\latex\amsfonts\umsa.fd
File: umsa.fd 2009/06/22 v3.00 AMS symbols A
)
LaTeX Font Info:    Try loading font information for U+msb on input line 34.

(C:\CTEX\MiKTeX\tex\latex\amsfonts\umsb.fd
File: umsb.fd 2009/06/22 v3.00 AMS symbols B
)
LaTeX Font Info:    Try loading font information for U+lasy on input line 34.

(C:\CTEX\MiKTeX\tex\latex\base\ulasy.fd
File: ulasy.fd 1998/08/17 v2.2e LaTeX symbol font definitions
)
LaTeX Font Info:    Try loading font information for C19+song on input line 34.


(C:\CTEX\CTeX\tex\latex\CJK\GB\c19song.fd
File: c19song.fd 2009/09/23 4.8.2
)
LaTeX Font Info:    Font shape `OT1/phv/bx/n' in size <4> not available
(Font)              Font shape `OT1/phv/b/n' tried instead on input line 34.
 [1{C:/CTEX/UserData/pdftex/config/pdftex.map{Unicode.sfd}{UGBK.sfd}}

 <E:/Projects/master/master-paper/recon/Figures/Logo-eps-converted-to.pdf>]
(E:\Projects\master\master-paper\recon\Section/00Intro.tex
Package epstopdf Info: Source file: <Figures/Logo.eps>
(epstopdf)                    date: 2013-05-05 05:05:44
(epstopdf)                    size: 9064 bytes
(epstopdf)             Output file: <Figures/Logo-eps-converted-to.pdf>
(epstopdf)                    date: 2013-05-05 05:05:44
(epstopdf)                    size: 21377 bytes
(epstopdf)             Command: <epstopdf --outfile=Figures/Logo-eps-converted-
to.pdf Figures/Logo.eps>
(epstopdf)             \includegraphics on input line 3.
Package epstopdf Info: Output file is already uptodate.
File: Figures/Logo-eps-converted-to.pdf Graphic file (type pdf)

<use Figures/Logo-eps-converted-to.pdf>
Package pdftex.def Info: Figures/Logo-eps-converted-to.pdf used on input line 3
.
(pdftex.def)             Requested size: 27.03722pt x 34.14322pt.

(E:\Projects\master\master-paper\recon\recon.toc
LaTeX Font Info:    Font shape `OT1/phv/bx/n' in size <10> not available
(Font)              Font shape `OT1/phv/b/n' tried instead on input line 2.
) [2

]
<Figures/apply0.png, id=182, 464.4853pt x 268.75406pt>
File: Figures/apply0.png Graphic file (type png)

<use Figures/apply0.png>
Package pdftex.def Info: Figures/apply0.png used on input line 12.
(pdftex.def)             Requested size: 153.64493pt x 88.90236pt.
 [3

 <E:/Projects/master/master-paper/recon/Figures/apply0.png>] <Figures/apply1.pn
g, id=218, 465.99094pt x 270.25969pt>
File: Figures/apply1.png Graphic file (type png)

<use Figures/apply1.png>
Package pdftex.def Info: Figures/apply1.png used on input line 19.
(pdftex.def)             Requested size: 153.64493pt x 89.1076pt.
 [4

 <E:/Projects/master/master-paper/recon/Figures/apply1.png>] <Figures/apply2.pn
g, id=251, 465.99094pt x 269.50688pt>
File: Figures/apply2.png Graphic file (type png)

<use Figures/apply2.png>
Package pdftex.def Info: Figures/apply2.png used on input line 26.
(pdftex.def)             Requested size: 153.64493pt x 88.8594pt.
 [5

 <E:/Projects/master/master-paper/recon/Figures/apply2.png>] <Figures/apply3.pn
g, id=284, 465.99094pt x 269.50688pt>
File: Figures/apply3.png Graphic file (type png)

<use Figures/apply3.png>
Package pdftex.def Info: Figures/apply3.png used on input line 33.
(pdftex.def)             Requested size: 153.64493pt x 88.8594pt.
 [6

 <E:/Projects/master/master-paper/recon/Figures/apply3.png>] <Figures/apply4.pn
g, id=317, 463.7325pt x 268.75406pt>
File: Figures/apply4.png Graphic file (type png)

<use Figures/apply4.png>
Package pdftex.def Info: Figures/apply4.png used on input line 40.
(pdftex.def)             Requested size: 153.64493pt x 89.04588pt.
 [7

 <E:/Projects/master/master-paper/recon/Figures/apply4.png>] [8

]
LaTeX Font Info:    Try loading font information for OMS+phv on input line 54.
 (C:\CTEX\MiKTeX\tex\latex\psnfss\omsphv.fd
File: omsphv.fd 
)
LaTeX Font Info:    Font shape `OMS/phv/m/n' in size <10> not available
(Font)              Font shape `OMS/cmsy/m/n' tried instead on input line 54.
 [9

] [10

] [11

] [12

]
<Figures/active.jpg, id=509, 578.16pt x 461.725pt>
File: Figures/active.jpg Graphic file (type jpg)
 <use Figures/active.jpg>
Package pdftex.def Info: Figures/active.jpg used on input line 61.
(pdftex.def)             Requested size: 215.10196pt x 171.77965pt.

Overfull \vbox (4.81313pt too high) detected at line 61
 []

[13

 <E:/Projects/master/master-paper/recon/Figures/active.jpg>]
<Figures/passive.jpg, id=543, 578.16pt x 461.725pt>
File: Figures/passive.jpg Graphic file (type jpg)
 <use Figures/passive.jpg>
Package pdftex.def Info: Figures/passive.jpg used on input line 69.
(pdftex.def)             Requested size: 153.64493pt x 122.70177pt.

[14

 <E:/Projects/master/master-paper/recon/Figures/passive.jpg>] [15

] [16

]
[17

] [18

] [19

] [20

]
Package epstopdf Info: Source file: <Figures/project_background.eps>
(epstopdf)                    date: 2013-05-04 11:11:41
(epstopdf)                    size: 342582 bytes
(epstopdf)             Output file: <Figures/project_background-eps-converted-t
o.pdf>
(epstopdf)                    date: 2013-05-14 00:49:53
(epstopdf)                    size: 7242 bytes
(epstopdf)             Command: <epstopdf --outfile=Figures/project_background-
eps-converted-to.pdf Figures/project_background.eps>
(epstopdf)             \includegraphics on input line 120.
Package epstopdf Info: Output file is already uptodate.

<Figures/project_background-eps-converted-to.pdf, id=761, 538.01pt x 109.40875p
t>
File: Figures/project_background-eps-converted-to.pdf Graphic file (type pdf)
 <use Figures/project_background-eps-converted-to.pdf>
Package pdftex.def Info: Figures/project_background-eps-converted-to.pdf used o
n input line 120.
(pdftex.def)             Requested size: 215.10196pt x 43.74268pt.
 [21

 <E:/Projects/master/master-paper/recon/Figures/project_background-eps-converte
d-to.pdf>]
Package epstopdf Info: Source file: <Figures/project_background.eps>
(epstopdf)                    date: 2013-05-04 11:11:41
(epstopdf)                    size: 342582 bytes
(epstopdf)             Output file: <Figures/project_background-eps-converted-t
o.pdf>
(epstopdf)                    date: 2013-05-14 00:49:53
(epstopdf)                    size: 7242 bytes
(epstopdf)             Command: <epstopdf --outfile=Figures/project_background-
eps-converted-to.pdf Figures/project_background.eps>
(epstopdf)             \includegraphics on input line 120.
Package epstopdf Info: Output file is already uptodate.
File: Figures/project_background-eps-converted-to.pdf Graphic file (type pdf)

<use Figures/project_background-eps-converted-to.pdf>
Package pdftex.def Info: Figures/project_background-eps-converted-to.pdf used o
n input line 120.
(pdftex.def)             Requested size: 215.10196pt x 43.74268pt.
 [22

])
(E:\Projects\master\master-paper\recon\Section/02Stripe.tex
Package epstopdf Info: Source file: <Figures/Logo.eps>
(epstopdf)                    date: 2013-05-05 05:05:44
(epstopdf)                    size: 9064 bytes
(epstopdf)             Output file: <Figures/Logo-eps-converted-to.pdf>
(epstopdf)                    date: 2013-05-05 05:05:44
(epstopdf)                    size: 21377 bytes
(epstopdf)             Command: <epstopdf --outfile=Figures/Logo-eps-converted-
to.pdf Figures/Logo.eps>
(epstopdf)             \includegraphics on input line 1.
Package epstopdf Info: Output file is already uptodate.
File: Figures/Logo-eps-converted-to.pdf Graphic file (type pdf)

<use Figures/Logo-eps-converted-to.pdf>
Package pdftex.def Info: Figures/Logo-eps-converted-to.pdf used on input line 1
.
(pdftex.def)             Requested size: 27.03722pt x 34.14322pt.

(E:\Projects\master\master-paper\recon\recon.toc) [23

]
Package epstopdf Info: Source file: <Figures/project_background.eps>
(epstopdf)                    date: 2013-05-04 11:11:41
(epstopdf)                    size: 342582 bytes
(epstopdf)             Output file: <Figures/project_background-eps-converted-t
o.pdf>
(epstopdf)                    date: 2013-05-14 00:49:53
(epstopdf)                    size: 7242 bytes
(epstopdf)             Command: <epstopdf --outfile=Figures/project_background-
eps-converted-to.pdf Figures/project_background.eps>
(epstopdf)             \includegraphics on input line 15.
Package epstopdf Info: Output file is already uptodate.
File: Figures/project_background-eps-converted-to.pdf Graphic file (type pdf)

<use Figures/project_background-eps-converted-to.pdf>
Package pdftex.def Info: Figures/project_background-eps-converted-to.pdf used o
n input line 15.
(pdftex.def)             Requested size: 122.91406pt x 24.99486pt.

<Figures/h7531.jpg, id=871, 301.125pt x 215.80624pt>
File: Figures/h7531.jpg Graphic file (type jpg)
 <use Figures/h7531.jpg>
Package pdftex.def Info: Figures/h7531.jpg used on input line 15.
(pdftex.def)             Requested size: 52.23871pt x 37.43736pt.

<Figures/d200.png, id=872, 702.625pt x 597.23125pt>
File: Figures/d200.png Graphic file (type png)
 <use Figures/d200.png>
Package pdftex.def Info: Figures/d200.png used on input line 15.
(pdftex.def)             Requested size: 52.23871pt x 44.39854pt.
Package epstopdf Info: Source file: <Figures/faceLight4.eps>
(epstopdf)                    date: 2013-05-04 11:11:32
(epstopdf)                    size: 1469092 bytes
(epstopdf)             Output file: <Figures/faceLight4-eps-converted-to.pdf>
(epstopdf)                    date: 2013-05-18 15:00:57
(epstopdf)                    size: 26500 bytes
(epstopdf)             Command: <epstopdf --outfile=Figures/faceLight4-eps-conv
erted-to.pdf Figures/faceLight4.eps>
(epstopdf)             \includegraphics on input line 15.
Package epstopdf Info: Output file is already uptodate.

<Figures/faceLight4-eps-converted-to.pdf, id=873, 438.63875pt x 356.33125pt>
File: Figures/faceLight4-eps-converted-to.pdf Graphic file (type pdf)

<use Figures/faceLight4-eps-converted-to.pdf>
Package pdftex.def Info: Figures/faceLight4-eps-converted-to.pdf used on input 
line 15.
(pdftex.def)             Requested size: 92.1879pt x 74.88614pt.
 [24

 <E:/Projects/master/master-paper/recon/Figures/h7531.jpg> <E:/Projects/master/
master-paper/recon/Figures/d200.png> <E:/Projects/master/master-paper/recon/Fig
ures/faceLight4-eps-converted-to.pdf>]
LaTeX Font Info:    Font shape `OT1/phv/bx/n' in size <8> not available
(Font)              Font shape `OT1/phv/b/n' tried instead on input line 24.
 [25

] [26

] [27

] [28

] [29

] [30

] [31

] [32

]
Package epstopdf Info: Source file: <Figures/fig1a.eps>
(epstopdf)                    date: 2013-05-04 11:11:32
(epstopdf)                    size: 6627 bytes
(epstopdf)             Output file: <Figures/fig1a-eps-converted-to.pdf>
(epstopdf)                    date: 2013-05-18 15:00:59
(epstopdf)                    size: 6566 bytes
(epstopdf)             Command: <epstopdf --outfile=Figures/fig1a-eps-converted
-to.pdf Figures/fig1a.eps>
(epstopdf)             \includegraphics on input line 47.
Package epstopdf Info: Output file is already uptodate.

<Figures/fig1a-eps-converted-to.pdf, id=1160, 557.08125pt x 418.56375pt>
File: Figures/fig1a-eps-converted-to.pdf Graphic file (type pdf)

<use Figures/fig1a-eps-converted-to.pdf>
Package pdftex.def Info: Figures/fig1a-eps-converted-to.pdf used on input line 
47.
(pdftex.def)             Requested size: 92.1879pt x 69.2644pt.
Package epstopdf Info: Source file: <Figures/fig1c.eps>
(epstopdf)                    date: 2013-05-04 11:11:32
(epstopdf)                    size: 10173 bytes
(epstopdf)             Output file: <Figures/fig1c-eps-converted-to.pdf>
(epstopdf)                    date: 2013-05-18 23:08:02
(epstopdf)                    size: 3774 bytes
(epstopdf)             Command: <epstopdf --outfile=Figures/fig1c-eps-converted
-to.pdf Figures/fig1c.eps>
(epstopdf)             \includegraphics on input line 47.
Package epstopdf Info: Output file is already uptodate.

<Figures/fig1c-eps-converted-to.pdf, id=1161, 216.81pt x 163.61125pt>
File: Figures/fig1c-eps-converted-to.pdf Graphic file (type pdf)

<use Figures/fig1c-eps-converted-to.pdf>
Package pdftex.def Info: Figures/fig1c-eps-converted-to.pdf used on input line 
47.
(pdftex.def)             Requested size: 92.1879pt x 69.56755pt.
Package epstopdf Info: Source file: <Figures/fig1b.eps>
(epstopdf)                    date: 2013-05-04 11:11:32
(epstopdf)                    size: 8403 bytes
(epstopdf)             Output file: <Figures/fig1b-eps-converted-to.pdf>
(epstopdf)                    date: 2013-05-18 15:01:00
(epstopdf)                    size: 7394 bytes
(epstopdf)             Command: <epstopdf --outfile=Figures/fig1b-eps-converted
-to.pdf Figures/fig1b.eps>
(epstopdf)             \includegraphics on input line 47.
Package epstopdf Info: Output file is already uptodate.

<Figures/fig1b-eps-converted-to.pdf, id=1162, 557.08125pt x 418.56375pt>
File: Figures/fig1b-eps-converted-to.pdf Graphic file (type pdf)

<use Figures/fig1b-eps-converted-to.pdf>
Package pdftex.def Info: Figures/fig1b-eps-converted-to.pdf used on input line 
47.
(pdftex.def)             Requested size: 92.1879pt x 69.2644pt.
Package epstopdf Info: Source file: <Figures/fig1d.eps>
(epstopdf)                    date: 2013-05-04 11:11:32
(epstopdf)                    size: 10425 bytes
(epstopdf)             Output file: <Figures/fig1d-eps-converted-to.pdf>
(epstopdf)                    date: 2013-05-18 23:08:03
(epstopdf)                    size: 3894 bytes
(epstopdf)             Command: <epstopdf --outfile=Figures/fig1d-eps-converted
-to.pdf Figures/fig1d.eps>
(epstopdf)             \includegraphics on input line 47.
Package epstopdf Info: Output file is already uptodate.

<Figures/fig1d-eps-converted-to.pdf, id=1163, 216.81pt x 163.61125pt>
File: Figures/fig1d-eps-converted-to.pdf Graphic file (type pdf)

<use Figures/fig1d-eps-converted-to.pdf>
Package pdftex.def Info: Figures/fig1d-eps-converted-to.pdf used on input line 
47.
(pdftex.def)             Requested size: 92.1879pt x 69.56755pt.
 [33

 <E:/Projects/master/master-paper/recon/Figures/fig1a-eps-converted-to.pdf> <E:
/Projects/master/master-paper/recon/Figures/fig1c-eps-converted-to.pdf> <E:/Pro
jects/master/master-paper/recon/Figures/fig1b-eps-converted-to.pdf> <E:/Project
s/master/master-paper/recon/Figures/fig1d-eps-converted-to.pdf>]
Package epstopdf Info: Source file: <Figures/fig1a.eps>
(epstopdf)                    date: 2013-05-04 11:11:32
(epstopdf)                    size: 6627 bytes
(epstopdf)             Output file: <Figures/fig1a-eps-converted-to.pdf>
(epstopdf)                    date: 2013-05-18 15:00:59
(epstopdf)                    size: 6566 bytes
(epstopdf)             Command: <epstopdf --outfile=Figures/fig1a-eps-converted
-to.pdf Figures/fig1a.eps>
(epstopdf)             \includegraphics on input line 47.
Package epstopdf Info: Output file is already uptodate.
File: Figures/fig1a-eps-converted-to.pdf Graphic file (type pdf)
 <use Figures/fig1a-eps-converted-to.pdf>
Package pdftex.def Info: Figures/fig1a-eps-converted-to.pdf used on input line 
47.
(pdftex.def)             Requested size: 92.1879pt x 69.2644pt.
Package epstopdf Info: Source file: <Figures/fig1c.eps>
(epstopdf)                    date: 2013-05-04 11:11:32
(epstopdf)                    size: 10173 bytes
(epstopdf)             Output file: <Figures/fig1c-eps-converted-to.pdf>
(epstopdf)                    date: 2013-05-18 23:08:02
(epstopdf)                    size: 3774 bytes
(epstopdf)             Command: <epstopdf --outfile=Figures/fig1c-eps-converted
-to.pdf Figures/fig1c.eps>
(epstopdf)             \includegraphics on input line 47.
Package epstopdf Info: Output file is already uptodate.
File: Figures/fig1c-eps-converted-to.pdf Graphic file (type pdf)

<use Figures/fig1c-eps-converted-to.pdf>
Package pdftex.def Info: Figures/fig1c-eps-converted-to.pdf used on input line 
47.
(pdftex.def)             Requested size: 92.1879pt x 69.56755pt.
Package epstopdf Info: Source file: <Figures/fig1b.eps>
(epstopdf)                    date: 2013-05-04 11:11:32
(epstopdf)                    size: 8403 bytes
(epstopdf)             Output file: <Figures/fig1b-eps-converted-to.pdf>
(epstopdf)                    date: 2013-05-18 15:01:00
(epstopdf)                    size: 7394 bytes
(epstopdf)             Command: <epstopdf --outfile=Figures/fig1b-eps-converted
-to.pdf Figures/fig1b.eps>
(epstopdf)             \includegraphics on input line 47.
Package epstopdf Info: Output file is already uptodate.
File: Figures/fig1b-eps-converted-to.pdf Graphic file (type pdf)

<use Figures/fig1b-eps-converted-to.pdf>
Package pdftex.def Info: Figures/fig1b-eps-converted-to.pdf used on input line 
47.
(pdftex.def)             Requested size: 92.1879pt x 69.2644pt.
Package epstopdf Info: Source file: <Figures/fig1d.eps>
(epstopdf)                    date: 2013-05-04 11:11:32
(epstopdf)                    size: 10425 bytes
(epstopdf)             Output file: <Figures/fig1d-eps-converted-to.pdf>
(epstopdf)                    date: 2013-05-18 23:08:03
(epstopdf)                    size: 3894 bytes
(epstopdf)             Command: <epstopdf --outfile=Figures/fig1d-eps-converted
-to.pdf Figures/fig1d.eps>
(epstopdf)             \includegraphics on input line 47.
Package epstopdf Info: Output file is already uptodate.
File: Figures/fig1d-eps-converted-to.pdf Graphic file (type pdf)

<use Figures/fig1d-eps-converted-to.pdf>
Package pdftex.def Info: Figures/fig1d-eps-converted-to.pdf used on input line 
47.
(pdftex.def)             Requested size: 92.1879pt x 69.56755pt.
 [34

] [35

] [36

] [37

] [38

] [39

] [40

]
[41

] [42

] [43

] <Figures/m.png, id=1528, 619.6768pt x 163.76074pt>
File: Figures/m.png Graphic file (type png)

<use Figures/m.png>
Package pdftex.def Info: Figures/m.png used on input line 110.
(pdftex.def)             Requested size: 276.559pt x 73.08693pt.
 [44

 <E:/Projects/master/master-paper/recon/Figures/m.png>]
[45

] [46

] [47

]
Package epstopdf Info: Source file: <Figures/retrend2.eps>
(epstopdf)                    date: 2013-05-04 11:11:41
(epstopdf)                    size: 700079 bytes
(epstopdf)             Output file: <Figures/retrend2-eps-converted-to.pdf>
(epstopdf)                    date: 2013-05-19 00:45:21
(epstopdf)                    size: 29647 bytes
(epstopdf)             Command: <epstopdf --outfile=Figures/retrend2-eps-conver
ted-to.pdf Figures/retrend2.eps>
(epstopdf)             \includegraphics on input line 144.
Package epstopdf Info: Output file is already uptodate.

<Figures/retrend2-eps-converted-to.pdf, id=1658, 495.8525pt x 353.32pt>
File: Figures/retrend2-eps-converted-to.pdf Graphic file (type pdf)

<use Figures/retrend2-eps-converted-to.pdf>
Package pdftex.def Info: Figures/retrend2-eps-converted-to.pdf used on input li
ne 144.
(pdftex.def)             Requested size: 184.3758pt x 131.3787pt.
 [48

 <E:/Projects/master/master-paper/recon/Figures/retrend2-eps-converted-to.pdf>]
Package epstopdf Info: Source file: <Figures/handLightLocal.eps>
(epstopdf)                    date: 2013-05-04 11:11:40
(epstopdf)                    size: 36795 bytes
(epstopdf)             Output file: <Figures/handLightLocal-eps-converted-to.pd
f>
(epstopdf)                    date: 2013-05-19 01:07:45
(epstopdf)                    size: 9866 bytes
(epstopdf)             Command: <epstopdf --outfile=Figures/handLightLocal-eps-
converted-to.pdf Figures/handLightLocal.eps>
(epstopdf)             \includegraphics on input line 154.
Package epstopdf Info: Output file is already uptodate.

<Figures/handLightLocal-eps-converted-to.pdf, id=1703, 574.145pt x 437.635pt>
File: Figures/handLightLocal-eps-converted-to.pdf Graphic file (type pdf)

<use Figures/handLightLocal-eps-converted-to.pdf>
Package pdftex.def Info: Figures/handLightLocal-eps-converted-to.pdf used on in
put line 154.
(pdftex.def)             Requested size: 92.1879pt x 70.26343pt.
Package epstopdf Info: Source file: <Figures/centerOLD.eps>
(epstopdf)                    date: 2013-05-04 11:11:32
(epstopdf)                    size: 15500 bytes
(epstopdf)             Output file: <Figures/centerOLD-eps-converted-to.pdf>
(epstopdf)                    date: 2013-05-19 01:07:46
(epstopdf)                    size: 7846 bytes
(epstopdf)             Command: <epstopdf --outfile=Figures/centerOLD-eps-conve
rted-to.pdf Figures/centerOLD.eps>
(epstopdf)             \includegraphics on input line 154.
Package epstopdf Info: Output file is already uptodate.

<Figures/centerOLD-eps-converted-to.pdf, id=1704, 574.145pt x 426.59375pt>
File: Figures/centerOLD-eps-converted-to.pdf Graphic file (type pdf)

<use Figures/centerOLD-eps-converted-to.pdf>
Package pdftex.def Info: Figures/centerOLD-eps-converted-to.pdf used on input l
ine 154.
(pdftex.def)             Requested size: 82.7101pt x 61.45703pt.
Package epstopdf Info: Source file: <Figures/centerNEW.eps>
(epstopdf)                    date: 2013-05-04 11:11:32
(epstopdf)                    size: 16372 bytes
(epstopdf)             Output file: <Figures/centerNEW-eps-converted-to.pdf>
(epstopdf)                    date: 2013-05-19 01:07:47
(epstopdf)                    size: 8327 bytes
(epstopdf)             Command: <epstopdf --outfile=Figures/centerNEW-eps-conve
rted-to.pdf Figures/centerNEW.eps>
(epstopdf)             \includegraphics on input line 154.
Package epstopdf Info: Output file is already uptodate.

<Figures/centerNEW-eps-converted-to.pdf, id=1705, 574.145pt x 440.64626pt>
File: Figures/centerNEW-eps-converted-to.pdf Graphic file (type pdf)

<use Figures/centerNEW-eps-converted-to.pdf>
Package pdftex.def Info: Figures/centerNEW-eps-converted-to.pdf used on input l
ine 154.
(pdftex.def)             Requested size: 80.07312pt x 61.45703pt.
 [49

 <E:/Projects/master/master-paper/recon/Figures/handLightLocal-eps-converted-to
.pdf> <E:/Projects/master/master-paper/recon/Figures/centerOLD-eps-converted-to
.pdf> <E:/Projects/master/master-paper/recon/Figures/centerNEW-eps-converted-to
.pdf>]
LaTeX Font Info:    Try loading font information for OT1+ptm on input line 171.


(C:\CTEX\MiKTeX\tex\latex\psnfss\ot1ptm.fd
File: ot1ptm.fd 2001/06/04 font definitions for OT1/ptm.
) [50

]
Package epstopdf Info: Source file: <Figures/IMG_SOURCE.eps>
(epstopdf)                    date: 2013-05-04 11:11:31
(epstopdf)                    size: 1430030 bytes
(epstopdf)             Output file: <Figures/IMG_SOURCE-eps-converted-to.pdf>
(epstopdf)                    date: 2013-05-19 01:47:28
(epstopdf)                    size: 91683 bytes
(epstopdf)             Command: <epstopdf --outfile=Figures/IMG_SOURCE-eps-conv
erted-to.pdf Figures/IMG_SOURCE.eps>
(epstopdf)             \includegraphics on input line 186.
Package epstopdf Info: Output file is already uptodate.

<Figures/IMG_SOURCE-eps-converted-to.pdf, id=1780, 435.6275pt x 326.21875pt>
File: Figures/IMG_SOURCE-eps-converted-to.pdf Graphic file (type pdf)

<use Figures/IMG_SOURCE-eps-converted-to.pdf>
Package pdftex.def Info: Figures/IMG_SOURCE-eps-converted-to.pdf used on input 
line 186.
(pdftex.def)             Requested size: 73.75125pt x 55.22748pt.
Package epstopdf Info: Source file: <Figures/MMWA.eps>
(epstopdf)                    date: 2013-05-04 11:11:32
(epstopdf)                    size: 95036 bytes
(epstopdf)             Output file: <Figures/MMWA-eps-converted-to.pdf>
(epstopdf)                    date: 2013-05-19 01:47:29
(epstopdf)                    size: 4831 bytes
(epstopdf)             Command: <epstopdf --outfile=Figures/MMWA-eps-converted-
to.pdf Figures/MMWA.eps>
(epstopdf)             \includegraphics on input line 186.
Package epstopdf Info: Output file is already uptodate.

<Figures/MMWA-eps-converted-to.pdf, id=1781, 90.3375pt x 135.50626pt>
File: Figures/MMWA-eps-converted-to.pdf Graphic file (type pdf)

<use Figures/MMWA-eps-converted-to.pdf>
Package pdftex.def Info: Figures/MMWA-eps-converted-to.pdf used on input line 1
86.
(pdftex.def)             Requested size: 55.30992pt x 82.96469pt.
Package epstopdf Info: Source file: <Figures/PM.eps>
(epstopdf)                    date: 2013-05-04 11:11:32
(epstopdf)                    size: 96004 bytes
(epstopdf)             Output file: <Figures/PM-eps-converted-to.pdf>
(epstopdf)                    date: 2013-05-19 01:47:30
(epstopdf)                    size: 5037 bytes
(epstopdf)             Command: <epstopdf --outfile=Figures/PM-eps-converted-to
.pdf Figures/PM.eps>
(epstopdf)             \includegraphics on input line 186.
Package epstopdf Info: Output file is already uptodate.

<Figures/PM-eps-converted-to.pdf, id=1782, 89.33376pt x 136.51pt>
File: Figures/PM-eps-converted-to.pdf Graphic file (type pdf)

<use Figures/PM-eps-converted-to.pdf>
Package pdftex.def Info: Figures/PM-eps-converted-to.pdf used on input line 186
.
(pdftex.def)             Requested size: 55.30992pt x 84.51866pt.
Package epstopdf Info: Source file: <Figures/MID.eps>
(epstopdf)                    date: 2013-05-04 11:11:32
(epstopdf)                    size: 94526 bytes
(epstopdf)             Output file: <Figures/MID-eps-converted-to.pdf>
(epstopdf)                    date: 2013-05-19 01:47:31
(epstopdf)                    size: 4849 bytes
(epstopdf)             Command: <epstopdf --outfile=Figures/MID-eps-converted-t
o.pdf Figures/MID.eps>
(epstopdf)             \includegraphics on input line 186.
Package epstopdf Info: Output file is already uptodate.

<Figures/MID-eps-converted-to.pdf, id=1783, 90.3375pt x 135.50626pt>
File: Figures/MID-eps-converted-to.pdf Graphic file (type pdf)

<use Figures/MID-eps-converted-to.pdf>
Package pdftex.def Info: Figures/MID-eps-converted-to.pdf used on input line 18
6.
(pdftex.def)             Requested size: 55.30992pt x 82.96469pt.
Package epstopdf Info: Source file: <Figures/MAX.eps>
(epstopdf)                    date: 2013-05-04 11:11:32
(epstopdf)                    size: 95896 bytes
(epstopdf)             Output file: <Figures/MAX-eps-converted-to.pdf>
(epstopdf)                    date: 2013-05-19 01:47:32
(epstopdf)                    size: 5014 bytes
(epstopdf)             Command: <epstopdf --outfile=Figures/MAX-eps-converted-t
o.pdf Figures/MAX.eps>
(epstopdf)             \includegraphics on input line 186.
Package epstopdf Info: Output file is already uptodate.

<Figures/MAX-eps-converted-to.pdf, id=1784, 89.33376pt x 135.50626pt>
File: Figures/MAX-eps-converted-to.pdf Graphic file (type pdf)

<use Figures/MAX-eps-converted-to.pdf>
Package pdftex.def Info: Figures/MAX-eps-converted-to.pdf used on input line 18
6.
(pdftex.def)             Requested size: 55.30992pt x 83.8972pt.
 [51

 <E:/Projects/master/master-paper/recon/Figures/IMG_SOURCE-eps-converted-to.pdf
> <E:/Projects/master/master-paper/recon/Figures/MMWA-eps-converted-to.pdf> <E:
/Projects/master/master-paper/recon/Figures/PM-eps-converted-to.pdf> <E:/Projec
ts/master/master-paper/recon/Figures/MID-eps-converted-to.pdf> <E:/Projects/mas
ter/master-paper/recon/Figures/MAX-eps-converted-to.pdf>] [52

] [53

]
Package epstopdf Info: Source file: <Figures/handLight.eps>
(epstopdf)                    date: 2013-05-04 11:11:40
(epstopdf)                    size: 23713 bytes
(epstopdf)             Output file: <Figures/handLight-eps-converted-to.pdf>
(epstopdf)                    date: 2013-05-19 02:07:03
(epstopdf)                    size: 8274 bytes
(epstopdf)             Command: <epstopdf --outfile=Figures/handLight-eps-conve
rted-to.pdf Figures/handLight.eps>
(epstopdf)             \includegraphics on input line 210.
Package epstopdf Info: Output file is already uptodate.

<Figures/handLight-eps-converted-to.pdf, id=1899, 574.145pt x 386.44376pt>
File: Figures/handLight-eps-converted-to.pdf Graphic file (type pdf)

<use Figures/handLight-eps-converted-to.pdf>
Package pdftex.def Info: Figures/handLight-eps-converted-to.pdf used on input l
ine 210.
(pdftex.def)             Requested size: 73.75125pt x 49.63799pt.
Package epstopdf Info: Source file: <Figures/hand.eps>
(epstopdf)                    date: 2013-05-04 11:11:40
(epstopdf)                    size: 20012 bytes
(epstopdf)             Output file: <Figures/hand-eps-converted-to.pdf>
(epstopdf)                    date: 2013-05-19 02:07:04
(epstopdf)                    size: 10286 bytes
(epstopdf)             Command: <epstopdf --outfile=Figures/hand-eps-converted-
to.pdf Figures/hand.eps>
(epstopdf)             \includegraphics on input line 210.
Package epstopdf Info: Output file is already uptodate.

<Figures/hand-eps-converted-to.pdf, id=1900, 574.145pt x 386.44376pt>
File: Figures/hand-eps-converted-to.pdf Graphic file (type pdf)

<use Figures/hand-eps-converted-to.pdf>
Package pdftex.def Info: Figures/hand-eps-converted-to.pdf used on input line 2
10.
(pdftex.def)             Requested size: 73.75125pt x 49.63799pt.
Package epstopdf Info: Source file: <Figures/faceLight4.eps>
(epstopdf)                    date: 2013-05-04 11:11:32
(epstopdf)                    size: 1469092 bytes
(epstopdf)             Output file: <Figures/faceLight4-eps-converted-to.pdf>
(epstopdf)                    date: 2013-05-18 15:00:57
(epstopdf)                    size: 26500 bytes
(epstopdf)             Command: <epstopdf --outfile=Figures/faceLight4-eps-conv
erted-to.pdf Figures/faceLight4.eps>
(epstopdf)             \includegraphics on input line 210.
Package epstopdf Info: Output file is already uptodate.
File: Figures/faceLight4-eps-converted-to.pdf Graphic file (type pdf)

<use Figures/faceLight4-eps-converted-to.pdf>
Package pdftex.def Info: Figures/faceLight4-eps-converted-to.pdf used on input 
line 210.
(pdftex.def)             Requested size: 73.75125pt x 59.91217pt.
Package epstopdf Info: Source file: <Figures/result_face_pc.eps>
(epstopdf)                    date: 2013-05-04 11:11:41
(epstopdf)                    size: 944351 bytes
(epstopdf)             Output file: <Figures/result_face_pc-eps-converted-to.pd
f>
(epstopdf)                    date: 2013-05-19 02:07:06
(epstopdf)                    size: 10974 bytes
(epstopdf)             Command: <epstopdf --outfile=Figures/result_face_pc-eps-
converted-to.pdf Figures/result_face_pc.eps>
(epstopdf)             \includegraphics on input line 210.
Package epstopdf Info: Output file is already uptodate.

<Figures/result_face_pc-eps-converted-to.pdf, id=1901, 350.30875pt x 285.065pt>
File: Figures/result_face_pc-eps-converted-to.pdf Graphic file (type pdf)
<use Figures/result_face_pc-eps-converted-to.pdf>
Package pdftex.def Info: Figures/result_face_pc-eps-converted-to.pdf used on in
put line 210.
(pdftex.def)             Requested size: 73.75125pt x 60.0133pt.
Package epstopdf Info: Source file: <Figures/HandPolyLight.eps>
(epstopdf)                    date: 2013-05-04 11:11:40
(epstopdf)                    size: 40199 bytes
(epstopdf)             Output file: <Figures/HandPolyLight-eps-converted-to.pdf
>
(epstopdf)                    date: 2013-05-19 02:07:07
(epstopdf)                    size: 11865 bytes
(epstopdf)             Command: <epstopdf --outfile=Figures/HandPolyLight-eps-c
onverted-to.pdf Figures/HandPolyLight.eps>
(epstopdf)             \includegraphics on input line 210.
Package epstopdf Info: Output file is already uptodate.

<Figures/HandPolyLight-eps-converted-to.pdf, id=1902, 574.145pt x 364.36125pt>
File: Figures/HandPolyLight-eps-converted-to.pdf Graphic file (type pdf)

<use Figures/HandPolyLight-eps-converted-to.pdf>
Package pdftex.def Info: Figures/HandPolyLight-eps-converted-to.pdf used on inp
ut line 210.
(pdftex.def)             Requested size: 73.75125pt x 46.80153pt.
Package epstopdf Info: Source file: <Figures/handpoly.eps>
(epstopdf)                    date: 2013-05-04 11:11:40
(epstopdf)                    size: 22806 bytes
(epstopdf)             Output file: <Figures/handpoly-eps-converted-to.pdf>
(epstopdf)                    date: 2013-05-19 02:07:08
(epstopdf)                    size: 11622 bytes
(epstopdf)             Command: <epstopdf --outfile=Figures/handpoly-eps-conver
ted-to.pdf Figures/handpoly.eps>
(epstopdf)             \includegraphics on input line 210.
Package epstopdf Info: Output file is already uptodate.

<Figures/handpoly-eps-converted-to.pdf, id=1903, 574.145pt x 364.36125pt>
File: Figures/handpoly-eps-converted-to.pdf Graphic file (type pdf)

<use Figures/handpoly-eps-converted-to.pdf>
Package pdftex.def Info: Figures/handpoly-eps-converted-to.pdf used on input li
ne 210.
(pdftex.def)             Requested size: 73.75125pt x 46.80153pt.
 [54

 <E:/Projects/master/master-paper/recon/Figures/handLight-eps-converted-to.pdf>
 <E:/Projects/master/master-paper/recon/Figures/hand-eps-converted-to.pdf> <E:/
Projects/master/master-paper/recon/Figures/result_face_pc-eps-converted-to.pdf>
 <E:/Projects/master/master-paper/recon/Figures/HandPolyLight-eps-converted-to.
pdf> <E:/Projects/master/master-paper/recon/Figures/handpoly-eps-converted-to.p
df>])
(E:\Projects\master\master-paper\recon\Section/03Gray.tex
Package epstopdf Info: Source file: <Figures/Logo.eps>
(epstopdf)                    date: 2013-05-05 05:05:44
(epstopdf)                    size: 9064 bytes
(epstopdf)             Output file: <Figures/Logo-eps-converted-to.pdf>
(epstopdf)                    date: 2013-05-05 05:05:44
(epstopdf)                    size: 21377 bytes
(epstopdf)             Command: <epstopdf --outfile=Figures/Logo-eps-converted-
to.pdf Figures/Logo.eps>
(epstopdf)             \includegraphics on input line 1.
Package epstopdf Info: Output file is already uptodate.
File: Figures/Logo-eps-converted-to.pdf Graphic file (type pdf)

<use Figures/Logo-eps-converted-to.pdf>
Package pdftex.def Info: Figures/Logo-eps-converted-to.pdf used on input line 1
.
(pdftex.def)             Requested size: 27.03722pt x 34.14322pt.

(E:\Projects\master\master-paper\recon\recon.toc) [55

]
Package epstopdf Info: Source file: <Figures/gray_1.eps>
(epstopdf)                    date: 2013-05-04 11:11:32
(epstopdf)                    size: 2546517 bytes
(epstopdf)             Output file: <Figures/gray_1-eps-converted-to.pdf>
(epstopdf)             Command: <epstopdf --outfile=Figures/gray_1-eps-converte
d-to.pdf Figures/gray_1.eps>
(epstopdf)             \includegraphics on input line 16.
runsystem(epstopdf --outfile=Figures/gray_1-eps-converted-to.pdf Figures/gray_1
.eps)...executed.

Package epstopdf Info: Result file: <Figures/gray_1-eps-converted-to.pdf>
(epstopdf)                    date: 2013-05-19 02:19:37
(epstopdf)                    size: 17175 bytes.

<Figures/gray_1-eps-converted-to.pdf, id=1994, 608.2725pt x 456.70625pt>
File: Figures/gray_1-eps-converted-to.pdf Graphic file (type pdf)

<use Figures/gray_1-eps-converted-to.pdf>
Package pdftex.def Info: Figures/gray_1-eps-converted-to.pdf used on input line
 16.
(pdftex.def)             Requested size: 92.1879pt x 69.21379pt.
 [56

 <E:/Projects/master/master-paper/recon/Figures/gray_1-eps-converted-to.pdf>]
Package epstopdf Info: Source file: <Figures/gray_2.eps>
(epstopdf)                    date: 2013-05-04 11:11:32
(epstopdf)                    size: 2547699 bytes
(epstopdf)             Output file: <Figures/gray_2-eps-converted-to.pdf>
(epstopdf)             Command: <epstopdf --outfile=Figures/gray_2-eps-converte
d-to.pdf Figures/gray_2.eps>
(epstopdf)             \includegraphics on input line 16.
runsystem(epstopdf --outfile=Figures/gray_2-eps-converted-to.pdf Figures/gray_2
.eps)...executed.

Package epstopdf Info: Result file: <Figures/gray_2-eps-converted-to.pdf>
(epstopdf)                    date: 2013-05-19 02:19:41
(epstopdf)                    size: 15913 bytes.

<Figures/gray_2-eps-converted-to.pdf, id=2032, 609.27625pt x 456.70625pt>
File: Figures/gray_2-eps-converted-to.pdf Graphic file (type pdf)

<use Figures/gray_2-eps-converted-to.pdf>
Package pdftex.def Info: Figures/gray_2-eps-converted-to.pdf used on input line
 16.
(pdftex.def)             Requested size: 92.1879pt x 69.1023pt.
 [57

 <E:/Projects/master/master-paper/recon/Figures/gray_2-eps-converted-to.pdf>]
Package epstopdf Info: Source file: <Figures/gray_3.eps>
(epstopdf)                    date: 2013-05-04 11:11:32
(epstopdf)                    size: 2550837 bytes
(epstopdf)             Output file: <Figures/gray_3-eps-converted-to.pdf>
(epstopdf)             Command: <epstopdf --outfile=Figures/gray_3-eps-converte
d-to.pdf Figures/gray_3.eps>
(epstopdf)             \includegraphics on input line 16.
runsystem(epstopdf --outfile=Figures/gray_3-eps-converted-to.pdf Figures/gray_3
.eps)...executed.

Package epstopdf Info: Result file: <Figures/gray_3-eps-converted-to.pdf>
(epstopdf)                    date: 2013-05-19 02:19:46
(epstopdf)                    size: 18565 bytes.

<Figures/gray_3-eps-converted-to.pdf, id=2069, 608.2725pt x 456.70625pt>
File: Figures/gray_3-eps-converted-to.pdf Graphic file (type pdf)

<use Figures/gray_3-eps-converted-to.pdf>
Package pdftex.def Info: Figures/gray_3-eps-converted-to.pdf used on input line
 16.
(pdftex.def)             Requested size: 92.1879pt x 69.21379pt.
 [58

 <E:/Projects/master/master-paper/recon/Figures/gray_3-eps-converted-to.pdf>]
Package epstopdf Info: Source file: <Figures/gray_4.eps>
(epstopdf)                    date: 2013-05-04 11:11:33
(epstopdf)                    size: 2554769 bytes
(epstopdf)             Output file: <Figures/gray_4-eps-converted-to.pdf>
(epstopdf)             Command: <epstopdf --outfile=Figures/gray_4-eps-converte
d-to.pdf Figures/gray_4.eps>
(epstopdf)             \includegraphics on input line 16.
runsystem(epstopdf --outfile=Figures/gray_4-eps-converted-to.pdf Figures/gray_4
.eps)...executed.

Package epstopdf Info: Result file: <Figures/gray_4-eps-converted-to.pdf>
(epstopdf)                    date: 2013-05-19 02:19:50
(epstopdf)                    size: 19932 bytes.

<Figures/gray_4-eps-converted-to.pdf, id=2106, 609.27625pt x 456.70625pt>
File: Figures/gray_4-eps-converted-to.pdf Graphic file (type pdf)

<use Figures/gray_4-eps-converted-to.pdf>
Package pdftex.def Info: Figures/gray_4-eps-converted-to.pdf used on input line
 16.
(pdftex.def)             Requested size: 92.1879pt x 69.1023pt.
 [59

 <E:/Projects/master/master-paper/recon/Figures/gray_4-eps-converted-to.pdf>]
Package epstopdf Info: Source file: <Figures/gray_5.eps>
(epstopdf)                    date: 2013-05-04 11:11:33
(epstopdf)                    size: 2556645 bytes
(epstopdf)             Output file: <Figures/gray_5-eps-converted-to.pdf>
(epstopdf)             Command: <epstopdf --outfile=Figures/gray_5-eps-converte
d-to.pdf Figures/gray_5.eps>
(epstopdf)             \includegraphics on input line 16.
runsystem(epstopdf --outfile=Figures/gray_5-eps-converted-to.pdf Figures/gray_5
.eps)...executed.

Package epstopdf Info: Result file: <Figures/gray_5-eps-converted-to.pdf>
(epstopdf)                    date: 2013-05-19 02:19:54
(epstopdf)                    size: 20940 bytes.

<Figures/gray_5-eps-converted-to.pdf, id=2142, 608.2725pt x 457.71pt>
File: Figures/gray_5-eps-converted-to.pdf Graphic file (type pdf)

<use Figures/gray_5-eps-converted-to.pdf>
Package pdftex.def Info: Figures/gray_5-eps-converted-to.pdf used on input line
 16.
(pdftex.def)             Requested size: 92.1879pt x 69.3659pt.
 [60

 <E:/Projects/master/master-paper/recon/Figures/gray_5-eps-converted-to.pdf>]
Package epstopdf Info: Source file: <Figures/gray_6.eps>
(epstopdf)                    date: 2013-05-04 11:11:33
(epstopdf)                    size: 2552015 bytes
(epstopdf)             Output file: <Figures/gray_6-eps-converted-to.pdf>
(epstopdf)             Command: <epstopdf --outfile=Figures/gray_6-eps-converte
d-to.pdf Figures/gray_6.eps>
(epstopdf)             \includegraphics on input line 16.
runsystem(epstopdf --outfile=Figures/gray_6-eps-converted-to.pdf Figures/gray_6
.eps)...executed.

Package epstopdf Info: Result file: <Figures/gray_6-eps-converted-to.pdf>
(epstopdf)                    date: 2013-05-19 02:19:59
(epstopdf)                    size: 23106 bytes.

<Figures/gray_6-eps-converted-to.pdf, id=2178, 609.27625pt x 456.70625pt>
File: Figures/gray_6-eps-converted-to.pdf Graphic file (type pdf)

<use Figures/gray_6-eps-converted-to.pdf>
Package pdftex.def Info: Figures/gray_6-eps-converted-to.pdf used on input line
 16.
(pdftex.def)             Requested size: 92.1879pt x 69.1023pt.
 [61

 <E:/Projects/master/master-paper/recon/Figures/gray_6-eps-converted-to.pdf>]
Package epstopdf Info: Source file: <Figures/gray_7.eps>
(epstopdf)                    date: 2013-05-04 11:11:33
(epstopdf)                    size: 2552247 bytes
(epstopdf)             Output file: <Figures/gray_7-eps-converted-to.pdf>
(epstopdf)             Command: <epstopdf --outfile=Figures/gray_7-eps-converte
d-to.pdf Figures/gray_7.eps>
(epstopdf)             \includegraphics on input line 16.
runsystem(epstopdf --outfile=Figures/gray_7-eps-converted-to.pdf Figures/gray_7
.eps)...executed.

Package epstopdf Info: Result file: <Figures/gray_7-eps-converted-to.pdf>
(epstopdf)                    date: 2013-05-19 02:20:03
(epstopdf)                    size: 25024 bytes.

<Figures/gray_7-eps-converted-to.pdf, id=2216, 609.27625pt x 456.70625pt>
File: Figures/gray_7-eps-converted-to.pdf Graphic file (type pdf)

<use Figures/gray_7-eps-converted-to.pdf>
Package pdftex.def Info: Figures/gray_7-eps-converted-to.pdf used on input line
 16.
(pdftex.def)             Requested size: 92.1879pt x 69.1023pt.
 [62

 <E:/Projects/master/master-paper/recon/Figures/gray_7-eps-converted-to.pdf>]
Package epstopdf Info: Source file: <Figures/gray_8.eps>
(epstopdf)                    date: 2013-05-04 11:11:33
(epstopdf)                    size: 2547477 bytes
(epstopdf)             Output file: <Figures/gray_8-eps-converted-to.pdf>
(epstopdf)             Command: <epstopdf --outfile=Figures/gray_8-eps-converte
d-to.pdf Figures/gray_8.eps>
(epstopdf)             \includegraphics on input line 16.
runsystem(epstopdf --outfile=Figures/gray_8-eps-converted-to.pdf Figures/gray_8
.eps)...executed.

Package epstopdf Info: Result file: <Figures/gray_8-eps-converted-to.pdf>
(epstopdf)                    date: 2013-05-19 02:20:07
(epstopdf)                    size: 25057 bytes.

<Figures/gray_8-eps-converted-to.pdf, id=2253, 608.2725pt x 456.70625pt>
File: Figures/gray_8-eps-converted-to.pdf Graphic file (type pdf)

<use Figures/gray_8-eps-converted-to.pdf>
Package pdftex.def Info: Figures/gray_8-eps-converted-to.pdf used on input line
 16.
(pdftex.def)             Requested size: 92.1879pt x 69.21379pt.
 [63

 <E:/Projects/master/master-paper/recon/Figures/gray_8-eps-converted-to.pdf>]
Package epstopdf Info: Source file: <Figures/gray_9.eps>
(epstopdf)                    date: 2013-05-04 11:11:33
(epstopdf)                    size: 2549211 bytes
(epstopdf)             Output file: <Figures/gray_9-eps-converted-to.pdf>
(epstopdf)             Command: <epstopdf --outfile=Figures/gray_9-eps-converte
d-to.pdf Figures/gray_9.eps>
(epstopdf)             \includegraphics on input line 16.
runsystem(epstopdf --outfile=Figures/gray_9-eps-converted-to.pdf Figures/gray_9
.eps)...executed.

Package epstopdf Info: Result file: <Figures/gray_9-eps-converted-to.pdf>
(epstopdf)                    date: 2013-05-19 02:20:11
(epstopdf)                    size: 24716 bytes.

<Figures/gray_9-eps-converted-to.pdf, id=2290, 609.27625pt x 456.70625pt>
File: Figures/gray_9-eps-converted-to.pdf Graphic file (type pdf)

<use Figures/gray_9-eps-converted-to.pdf>
Package pdftex.def Info: Figures/gray_9-eps-converted-to.pdf used on input line
 16.
(pdftex.def)             Requested size: 92.1879pt x 69.1023pt.
 [64

 <E:/Projects/master/master-paper/recon/Figures/gray_9-eps-converted-to.pdf>]
Package epstopdf Info: Source file: <Figures/gray_10.eps>
(epstopdf)                    date: 2013-05-04 11:11:32
(epstopdf)                    size: 2545406 bytes
(epstopdf)             Output file: <Figures/gray_10-eps-converted-to.pdf>
(epstopdf)             Command: <epstopdf --outfile=Figures/gray_10-eps-convert
ed-to.pdf Figures/gray_10.eps>
(epstopdf)             \includegraphics on input line 16.
runsystem(epstopdf --outfile=Figures/gray_10-eps-converted-to.pdf Figures/gray_
10.eps)...executed.

Package epstopdf Info: Result file: <Figures/gray_10-eps-converted-to.pdf>
(epstopdf)                    date: 2013-05-19 02:20:16
(epstopdf)                    size: 18524 bytes.

<Figures/gray_10-eps-converted-to.pdf, id=2327, 608.2725pt x 456.70625pt>
File: Figures/gray_10-eps-converted-to.pdf Graphic file (type pdf)

<use Figures/gray_10-eps-converted-to.pdf>
Package pdftex.def Info: Figures/gray_10-eps-converted-to.pdf used on input lin
e 16.
(pdftex.def)             Requested size: 92.1879pt x 69.21379pt.
 [65

 <E:/Projects/master/master-paper/recon/Figures/gray_10-eps-converted-to.pdf>])

(E:\Projects\master\master-paper\recon\Section/01Cali.tex
Package epstopdf Info: Source file: <Figures/Logo.eps>
(epstopdf)                    date: 2013-05-05 05:05:44
(epstopdf)                    size: 9064 bytes
(epstopdf)             Output file: <Figures/Logo-eps-converted-to.pdf>
(epstopdf)                    date: 2013-05-05 05:05:44
(epstopdf)                    size: 21377 bytes
(epstopdf)             Command: <epstopdf --outfile=Figures/Logo-eps-converted-
to.pdf Figures/Logo.eps>
(epstopdf)             \includegraphics on input line 1.
Package epstopdf Info: Output file is already uptodate.
File: Figures/Logo-eps-converted-to.pdf Graphic file (type pdf)

<use Figures/Logo-eps-converted-to.pdf>
Package pdftex.def Info: Figures/Logo-eps-converted-to.pdf used on input line 1
.
(pdftex.def)             Requested size: 27.03722pt x 34.14322pt.

(E:\Projects\master\master-paper\recon\recon.toc) [66

] [67

]
<Figures/triangulation.jpg, id=2437, 442.65375pt x 431.36156pt>
File: Figures/triangulation.jpg Graphic file (type jpg)

<use Figures/triangulation.jpg>
Package pdftex.def Info: Figures/triangulation.jpg used on input line 14.
(pdftex.def)             Requested size: 153.64493pt x 149.72821pt.
 [68

 <E:/Projects/master/master-paper/recon/Figures/triangulation.jpg>]
Package epstopdf Info: Source file: <Figures/6.eps>
(epstopdf)                    date: 2013-05-04 11:11:31
(epstopdf)                    size: 2859883 bytes
(epstopdf)             Output file: <Figures/6-eps-converted-to.pdf>
(epstopdf)                    date: 2013-05-14 00:58:13
(epstopdf)                    size: 41528 bytes
(epstopdf)             Command: <epstopdf --outfile=Figures/6-eps-converted-to.
pdf Figures/6.eps>
(epstopdf)             \includegraphics on input line 21.
Package epstopdf Info: Output file is already uptodate.

<Figures/6-eps-converted-to.pdf, id=2467, 907.39pt x 610.28pt>
File: Figures/6-eps-converted-to.pdf Graphic file (type pdf)

<use Figures/6-eps-converted-to.pdf>
Package pdftex.def Info: Figures/6-eps-converted-to.pdf used on input line 21.
(pdftex.def)             Requested size: 153.64493pt x 103.33649pt.
 [69

 <E:/Projects/master/master-paper/recon/Figures/6-eps-converted-to.pdf>]
Package epstopdf Info: Source file: <Figures/pro.eps>
(epstopdf)                    date: 2013-05-04 11:11:41
(epstopdf)                    size: 2156657 bytes
(epstopdf)             Output file: <Figures/pro-eps-converted-to.pdf>
(epstopdf)                    date: 2013-05-14 01:00:58
(epstopdf)                    size: 29134 bytes
(epstopdf)             Command: <epstopdf --outfile=Figures/pro-eps-converted-t
o.pdf Figures/pro.eps>
(epstopdf)             \includegraphics on input line 28.
Package epstopdf Info: Output file is already uptodate.

<Figures/pro-eps-converted-to.pdf, id=2502, 606.265pt x 383.4325pt>
File: Figures/pro-eps-converted-to.pdf Graphic file (type pdf)

<use Figures/pro-eps-converted-to.pdf>
Package pdftex.def Info: Figures/pro-eps-converted-to.pdf used on input line 28
.
(pdftex.def)             Requested size: 153.64493pt x 97.17429pt.
 [70

 <E:/Projects/master/master-paper/recon/Figures/pro-eps-converted-to.pdf>])
(E:\Projects\master\master-paper\recon\Section/04Con.tex)
\tf@nav=\write7
\tf@toc=\write8
\tf@snm=\write9
Package atveryend Info: Empty hook `BeforeClearDocument' on input line 51.
Package atveryend Info: Empty hook `AfterLastShipout' on input line 51.

(E:\Projects\master\master-paper\recon\recon.aux)
Package atveryend Info: Executing hook `AtVeryEndDocument' on input line 51.
Package atveryend Info: Executing hook `AtEndAfterFileList' on input line 51.


Package rerunfilecheck Warning: File `recon.out' has changed.
(rerunfilecheck)                Rerun to get outlines right
(rerunfilecheck)                or use package `bookmark'.

Package rerunfilecheck Info: Checksums for `recon.out':
(rerunfilecheck)             Before: B34D82153CDCB6978893F224CB2FAB0A;1309
(rerunfilecheck)             After:  B28578595B7C5C485069CA015C4DE7F7;812.

LaTeX Warning: Label(s) may have changed. Rerun to get cross-references right.

 ) 
Here is how much of TeX's memory you used:
 21734 strings out of 495354
 395897 string characters out of 3183860
 499550 words of memory out of 3000000
 24102 multiletter control sequences out of 15000+200000
 60909 words of font info for 177 fonts, out of 3000000 for 9000
 14 hyphenation exceptions out of 8191
 58i,15n,56p,433b,1373s stack positions out of 5000i,500n,10000p,200000b,50000s
{C:/CTEX/MiKTeX/fonts/enc/dvips/fontname/8r.enc}<C:/CTEX/CTeX/fonts/truetype/
chinese/simsun.ttf><C:/CTEX/CTeX/fonts/truetype/chinese/simsun.ttf><C:/CTEX/CTe
X/fonts/truetype/chinese/simsun.ttf><C:/CTEX/CTeX/fonts/truetype/chinese/simsun
.ttf><C:/CTEX/CTeX/fonts/truetype/chinese/simsun.ttf><C:/CTEX/CTeX/fonts/truety
pe/chinese/simsun.ttf><C:/CTEX/CTeX/fonts/truetype/chinese/simsun.ttf><C:/CTEX/
CTeX/fonts/truetype/chinese/simsun.ttf><C:/CTEX/CTeX/fonts/truetype/chinese/sim
sun.ttf><C:/CTEX/CTeX/fonts/truetype/chinese/simsun.ttf><C:/CTEX/CTeX/fonts/tru
etype/chinese/simsun.ttf><C:/CTEX/CTeX/fonts/truetype/chinese/simsun.ttf><C:/CT
EX/CTeX/fonts/truetype/chinese/simsun.ttf><C:/CTEX/CTeX/fonts/truetype/chinese/
simsun.ttf><C:/CTEX/CTeX/fonts/truetype/chinese/simsun.ttf><C:/CTEX/CTeX/fonts/
truetype/chinese/simsun.ttf><C:/CTEX/CTeX/fonts/truetype/chinese/simsun.ttf><C:
/CTEX/CTeX/fonts/truetype/chinese/simsun.ttf><C:/CTEX/CTeX/fonts/truetype/chine
se/simsun.ttf><C:/CTEX/CTeX/fonts/truetype/chinese/simsun.ttf><C:/CTEX/CTeX/fon
ts/truetype/chinese/simsun.ttf><C:/CTEX/CTeX/fonts/truetype/chinese/simsun.ttf>
<C:/CTEX/CTeX/fonts/truetype/chinese/simsun.ttf><C:/CTEX/CTeX/fonts/truetype/ch
inese/simsun.ttf><C:/CTEX/CTeX/fonts/truetype/chinese/simsun.ttf><C:/CTEX/CTeX/
fonts/truetype/chinese/simsun.ttf><C:/CTEX/CTeX/fonts/truetype/chinese/simsun.t
tf><C:/CTEX/CTeX/fonts/truetype/chinese/simsun.ttf><C:/CTEX/CTeX/fonts/truetype
/chinese/simsun.ttf><C:/CTEX/CTeX/fonts/truetype/chinese/simsun.ttf><C:/CTEX/CT
eX/fonts/truetype/chinese/simsun.ttf><C:/CTEX/CTeX/fonts/truetype/chinese/simsu
n.ttf><C:/CTEX/CTeX/fonts/truetype/chinese/simsun.ttf><C:/CTEX/MiKTeX/fonts/typ
e1/public/amsfonts/cm/cmex10.pfb><C:/CTEX/MiKTeX/fonts/type1/public/amsfonts/cm
/cmmi10.pfb><C:/CTEX/MiKTeX/fonts/type1/public/amsfonts/cm/cmmi6.pfb><C:/CTEX/M
iKTeX/fonts/type1/public/amsfonts/cm/cmmi8.pfb><C:/CTEX/MiKTeX/fonts/type1/publ
ic/amsfonts/cm/cmr10.pfb><C:/CTEX/MiKTeX/fonts/type1/public/amsfonts/cm/cmr8.pf
b><C:/CTEX/MiKTeX/fonts/type1/public/amsfonts/cm/cmsy10.pfb><C:/CTEX/MiKTeX/fon
ts/type1/public/amsfonts/cm/cmsy8.pfb><C:/CTEX/MiKTeX/fonts/type1/urw/helvetic/
uhvb8a.pfb><C:/CTEX/MiKTeX/fonts/type1/urw/helvetic/uhvr8a.pfb><C:/CTEX/MiKTeX/
fonts/type1/urw/times/utmr8a.pfb>
Output written on recon.pdf (70 pages, 4216636 bytes).
PDF statistics:
 2709 PDF objects out of 2984 (max. 8388607)
 160 named destinations out of 1000 (max. 500000)
 367 words of extra memory for PDF output out of 10000 (max. 10000000)

