\BOOKMARK [0][-]{cover.0}{\376\377\000\116\000\112\000\125\000\040\000\103\000\157\000\166\000\145\000\162}{}% 1
\BOOKMARK [0][-]{abstract.0}{\376\377\144\130\060\000\211\201}{}% 2
\BOOKMARK [0][-]{englishabstract.0}{\376\377\000\101\000\142\000\163\000\164\000\162\000\141\000\143\000\164}{}% 3
\BOOKMARK [0][-]{chapter*.1}{\376\377\166\356\000\040\000\040\137\125}{}% 4
\BOOKMARK [0][-]{chapter.1}{\376\377\173\054\116\000\172\340\000\040\000\040\176\352\213\272}{}% 5
\BOOKMARK [1][-]{section.1.1}{\376\377\000\061\000\056\000\061\000\040\137\025\212\000}{chapter.1}% 6
\BOOKMARK [1][-]{section.1.2}{\376\377\000\061\000\056\000\062\000\040\000\063\000\104\221\315\136\372\166\204\142\200\147\057\176\374\217\360}{chapter.1}% 7
\BOOKMARK [2][-]{subsection.1.2.1}{\376\377\000\061\000\056\000\062\000\056\000\061\000\040\210\253\122\250\137\017\227\136\143\245\211\346\221\315\136\372\142\200\147\057}{section.1.2}% 8
\BOOKMARK [2][-]{subsection.1.2.2}{\376\377\000\061\000\056\000\062\000\056\000\062\000\040\116\073\122\250\137\017\227\136\143\245\211\346\221\315\136\372\142\200\147\057}{section.1.2}% 9
\BOOKMARK [1][-]{section.1.3}{\376\377\000\061\000\056\000\063\000\040\176\323\147\204\121\111\142\200\147\057\176\374\217\360}{chapter.1}% 10
\BOOKMARK [2][-]{subsection.1.3.1}{\376\377\000\061\000\056\000\063\000\056\000\061\000\040\176\323\147\204\121\111\142\200\147\057\166\204\123\237\164\006}{section.1.3}% 11
\BOOKMARK [2][-]{subsection.1.3.2}{\376\377\000\061\000\056\000\063\000\056\000\062\000\040\176\323\147\204\121\111\142\200\147\057\166\204\123\321\134\125}{section.1.3}% 12
\BOOKMARK [1][-]{section.1.4}{\376\377\000\061\000\056\000\064\000\040\147\054\145\207\172\340\202\202\176\304\176\307\137\142\137\017}{chapter.1}% 13
\BOOKMARK [0][-]{chapter.2}{\376\377\173\054\116\214\172\340\000\040\000\040\142\225\137\161\116\352\000\055\144\104\120\317\147\072\174\373\176\337\150\041\153\143}{}% 14
\BOOKMARK [1][-]{section.2.1}{\376\377\000\062\000\056\000\061\000\040\144\104\120\317\147\072\152\041\127\213\123\312\133\232\150\007}{chapter.2}% 15
\BOOKMARK [2][-]{subsection.2.1.1}{\376\377\000\062\000\056\000\061\000\056\000\061\000\040\127\120\150\007\174\373\166\204\133\232\116\111}{section.2.1}% 16
\BOOKMARK [2][-]{subsection.2.1.2}{\376\377\000\062\000\056\000\061\000\056\000\062\000\040\116\026\165\114\127\120\150\007\174\373\122\060\166\370\147\072\127\120\150\007\174\373\166\204\217\154\143\142}{section.2.1}% 17
\BOOKMARK [2][-]{subsection.2.1.3}{\376\377\000\062\000\056\000\061\000\056\000\063\000\040\166\370\147\072\127\120\150\007\174\373\122\060\142\020\120\317\136\163\227\142\123\302\200\003\174\373\166\204\217\154\143\142}{section.2.1}% 18
\BOOKMARK [2][-]{subsection.2.1.4}{\376\377\000\062\000\056\000\061\000\056\000\064\000\040\144\104\120\317\147\072\165\170\123\330}{section.2.1}% 19
\BOOKMARK [2][-]{subsection.2.1.5}{\376\377\000\062\000\056\000\061\000\056\000\065\000\040\144\104\120\317\147\072\133\232\150\007}{section.2.1}% 20
\BOOKMARK [1][-]{section.2.2}{\376\377\000\062\000\056\000\062\000\040\142\225\137\161\116\352\133\232\150\007}{chapter.2}% 21
\BOOKMARK [1][-]{section.2.3}{\376\377\000\062\000\056\000\063\000\040\116\011\176\364\117\341\140\157\166\204\213\241\173\227}{chapter.2}% 22
\BOOKMARK [0][-]{chapter.3}{\376\377\173\054\116\011\172\340\000\040\000\040\176\323\147\204\121\111\116\072\230\234\202\162\147\141\176\271\136\217\122\027\166\204\000\063\000\104\221\315\136\372}{}% 23
\BOOKMARK [1][-]{section.3.1}{\376\377\000\063\000\056\000\061\000\040\174\373\176\337}{chapter.3}% 24
\BOOKMARK [2][-]{subsection.3.1.1}{\376\377\000\063\000\056\000\061\000\056\000\061\000\040\147\266\147\204\124\214\155\101\172\013}{section.3.1}% 25
\BOOKMARK [2][-]{subsection.3.1.2}{\376\377\000\063\000\056\000\061\000\056\000\062\000\040\162\171\137\201\142\225\137\161}{section.3.1}% 26
\BOOKMARK [1][-]{section.3.2}{\376\377\000\063\000\056\000\062\000\040\000\143\000\162\000\157\000\163\000\163\000\164\000\141\000\154\000\153\150\041\153\143}{chapter.3}% 27
\BOOKMARK [1][-]{section.3.3}{\376\377\000\063\000\056\000\063\000\040\166\370\133\371\123\315\134\004\163\207\150\041\153\143}{chapter.3}% 28
\BOOKMARK [2][-]{subsection.3.3.1}{\376\377\000\063\000\056\000\063\000\056\000\061\000\040\166\370\133\371\123\315\134\004\163\207\133\371\211\302\155\113\166\204\137\161\124\315}{section.3.3}% 29
\BOOKMARK [2][-]{subsection.3.3.2}{\376\377\000\063\000\056\000\063\000\056\000\062\000\040\166\370\133\371\123\315\134\004\163\207\166\204\213\241\173\227}{section.3.3}% 30
\BOOKMARK [2][-]{subsection.3.3.3}{\376\377\000\063\000\056\000\063\000\056\000\063\000\040\123\315\134\004\163\207\150\041\153\143\166\204\176\323\147\234}{section.3.3}% 31
\BOOKMARK [1][-]{section.3.4}{\376\377\000\063\000\056\000\064\000\040\162\171\137\201\213\306\122\053}{chapter.3}% 32
\BOOKMARK [2][-]{subsection.3.4.1}{\376\377\000\063\000\056\000\064\000\056\000\061\000\040\000\115\000\040\220\032\220\123\133\232\116\111}{section.3.4}% 33
\BOOKMARK [2][-]{subsection.3.4.2}{\376\377\000\063\000\056\000\064\000\056\000\062\000\040\171\273\145\143\215\213\122\277\123\330\143\142}{section.3.4}% 34
\BOOKMARK [2][-]{subsection.3.4.3}{\376\377\000\063\000\056\000\064\000\056\000\063\000\040\134\360\120\074\133\232\117\115}{section.3.4}% 35
\BOOKMARK [2][-]{subsection.3.4.4}{\376\377\000\063\000\056\000\064\000\056\000\064\000\040\230\234\202\162\143\320\123\326}{section.3.4}% 36
\BOOKMARK [2][-]{subsection.3.4.5}{\376\377\000\063\000\056\000\064\000\056\000\065\000\040\136\372\172\313\150\300\155\113\162\171\137\201\123\312\142\225\134\004\162\171\137\201\225\364\166\204\133\371\136\224\121\163\174\373}{section.3.4}% 37
\BOOKMARK [1][-]{section.3.5}{\376\377\000\063\000\056\000\065\000\040\221\315\136\372\176\323\147\234}{chapter.3}% 38
\BOOKMARK [0][-]{chapter.4}{\376\377\173\054\126\333\172\340\000\040\000\040\176\323\147\204\121\111\116\072\150\074\226\367\170\001\142\225\137\161\121\111\150\005\166\204\000\063\000\104\221\315\136\372}{}% 39
\BOOKMARK [1][-]{section.4.1}{\376\377\000\064\000\056\000\061\000\040\162\171\137\201\142\225\137\161}{chapter.4}% 40
\BOOKMARK [2][-]{subsection.4.1.1}{\376\377\000\064\000\056\000\061\000\056\000\061\000\040\150\074\226\367\170\001\121\111\150\005}{section.4.1}% 41
\BOOKMARK [2][-]{subsection.4.1.2}{\376\377\000\064\000\056\000\061\000\056\000\062\000\040\117\115\171\373\170\001\126\376}{section.4.1}% 42
\BOOKMARK [1][-]{section.4.2}{\376\377\000\064\000\056\000\062\000\040\177\026\170\001\126\376\120\317\166\204\131\004\164\006}{chapter.4}% 43
\BOOKMARK [2][-]{subsection.4.2.1}{\376\377\000\064\000\056\000\062\000\056\000\061\000\040\147\011\145\110\123\072\127\337\166\204\220\011\142\351}{section.4.2}% 44
\BOOKMARK [2][-]{subsection.4.2.2}{\376\377\000\064\000\056\000\062\000\056\000\062\000\040\211\343\170\001\150\074\226\367\170\001\121\111\150\005}{section.4.2}% 45
\BOOKMARK [2][-]{subsection.4.2.3}{\376\377\000\064\000\056\000\062\000\056\000\063\000\040\211\343\170\001\117\115\171\373\126\376\170\001\121\111\150\005}{section.4.2}% 46
\BOOKMARK [1][-]{section.4.3}{\376\377\000\064\000\056\000\063\000\040\221\315\136\372\176\323\147\234}{chapter.4}% 47
\BOOKMARK [0][-]{chapter.5}{\376\377\173\054\116\224\172\340\000\040\000\040\176\323\147\137\213\355}{}% 48
\BOOKMARK [1][-]{section.5.1}{\376\377\000\065\000\056\000\061\000\040\140\073\176\323}{chapter.5}% 49
\BOOKMARK [1][-]{section.5.2}{\376\377\000\065\000\056\000\062\000\040\122\033\145\260\160\271}{chapter.5}% 50
\BOOKMARK [1][-]{section.5.3}{\376\377\000\065\000\056\000\063\000\040\134\125\147\033}{chapter.5}% 51
\BOOKMARK [0][-]{chapter*.34}{\376\377\123\302\200\003\145\207\163\056}{}% 52
\BOOKMARK [0][-]{chapter*.35}{\376\377\201\364\000\040\000\040\214\042}{}% 53
